[2026-02-11T05:36:50.887+0000] {local_task_job_runner.py:120} INFO - ::group::Pre task execution logs
[2026-02-11T05:36:50.931+0000] {taskinstance.py:2076} INFO - Dependencies all met for dep_context=non-requeueable deps ti=<TaskInstance: stock_prediction_pipeline.fetch_stock_data scheduled__2026-02-09T09:00:00+00:00 [queued]>
[2026-02-11T05:36:50.945+0000] {taskinstance.py:2076} INFO - Dependencies all met for dep_context=requeueable deps ti=<TaskInstance: stock_prediction_pipeline.fetch_stock_data scheduled__2026-02-09T09:00:00+00:00 [queued]>
[2026-02-11T05:36:50.946+0000] {taskinstance.py:2306} INFO - Starting attempt 1 of 2
[2026-02-11T05:36:50.964+0000] {taskinstance.py:2330} INFO - Executing <Task(PythonOperator): fetch_stock_data> on 2026-02-09 09:00:00+00:00
[2026-02-11T05:36:50.969+0000] {standard_task_runner.py:64} INFO - Started process 213 to run task
[2026-02-11T05:36:50.974+0000] {standard_task_runner.py:90} INFO - Running: ['airflow', 'tasks', 'run', 'stock_prediction_pipeline', 'fetch_stock_data', 'scheduled__2026-02-09T09:00:00+00:00', '--job-id', '90', '--raw', '--subdir', 'DAGS_FOLDER/stock_prediction_dag.py', '--cfg-path', '/tmp/tmpdtt4g78_']
[2026-02-11T05:36:50.976+0000] {standard_task_runner.py:91} INFO - Job 90: Subtask fetch_stock_data
[2026-02-11T05:36:51.052+0000] {task_command.py:426} INFO - Running <TaskInstance: stock_prediction_pipeline.fetch_stock_data scheduled__2026-02-09T09:00:00+00:00 [running]> on host 30664b90b963
[2026-02-11T05:36:51.186+0000] {taskinstance.py:2648} INFO - Exporting env vars: AIRFLOW_CTX_DAG_OWNER='airflow' AIRFLOW_CTX_DAG_ID='stock_prediction_pipeline' AIRFLOW_CTX_TASK_ID='fetch_stock_data' AIRFLOW_CTX_EXECUTION_DATE='2026-02-09T09:00:00+00:00' AIRFLOW_CTX_TRY_NUMBER='1' AIRFLOW_CTX_DAG_RUN_ID='scheduled__2026-02-09T09:00:00+00:00'
[2026-02-11T05:36:51.188+0000] {taskinstance.py:430} INFO - ::endgroup::
[2026-02-11T05:36:53.604+0000] {logging_mixin.py:188} INFO - Fetched 21 records for AAPL
[2026-02-11T05:36:53.686+0000] {logging_mixin.py:188} INFO - Fetched 21 records for GOOGL
[2026-02-11T05:36:53.812+0000] {logging_mixin.py:188} INFO - Fetched 21 records for MSFT
[2026-02-11T05:36:53.906+0000] {logging_mixin.py:188} INFO - Fetched 21 records for AMZN
[2026-02-11T05:36:54.011+0000] {logging_mixin.py:188} INFO - Fetched 21 records for TSLA
[2026-02-11T05:36:54.011+0000] {python.py:237} INFO - Done. Returned value was: {'AAPL': {'latest_close': 273.67999267578125, 'records': 21}, 'GOOGL': {'latest_close': 318.5799865722656, 'records': 21}, 'MSFT': {'latest_close': 413.2699890136719, 'records': 21}, 'AMZN': {'latest_close': 206.9600067138672, 'records': 21}, 'TSLA': {'latest_close': 425.2099914550781, 'records': 21}}
[2026-02-11T05:36:54.012+0000] {taskinstance.py:441} INFO - ::group::Post task execution logs
[2026-02-11T05:36:54.051+0000] {taskinstance.py:1206} INFO - Marking task as SUCCESS. dag_id=stock_prediction_pipeline, task_id=fetch_stock_data, run_id=scheduled__2026-02-09T09:00:00+00:00, execution_date=20260209T090000, start_date=20260211T053650, end_date=20260211T053654
[2026-02-11T05:36:54.115+0000] {local_task_job_runner.py:243} INFO - Task exited with return code 0
[2026-02-11T05:36:54.168+0000] {taskinstance.py:3503} INFO - 1 downstream tasks scheduled from follow-on schedule check
[2026-02-11T05:36:54.169+0000] {local_task_job_runner.py:222} INFO - ::endgroup::
