[2026-02-06T14:26:06.365+0000] {local_task_job_runner.py:120} INFO - ::group::Pre task execution logs
[2026-02-06T14:26:06.405+0000] {taskinstance.py:2076} INFO - Dependencies all met for dep_context=non-requeueable deps ti=<TaskInstance: stock_prediction_pipeline.save_to_database scheduled__2026-02-05T09:00:00+00:00 [queued]>
[2026-02-06T14:26:06.419+0000] {taskinstance.py:2076} INFO - Dependencies all met for dep_context=requeueable deps ti=<TaskInstance: stock_prediction_pipeline.save_to_database scheduled__2026-02-05T09:00:00+00:00 [queued]>
[2026-02-06T14:26:06.419+0000] {taskinstance.py:2306} INFO - Starting attempt 1 of 2
[2026-02-06T14:26:06.439+0000] {taskinstance.py:2330} INFO - Executing <Task(PythonOperator): save_to_database> on 2026-02-05 09:00:00+00:00
[2026-02-06T14:26:06.444+0000] {standard_task_runner.py:64} INFO - Started process 220 to run task
[2026-02-06T14:26:06.448+0000] {standard_task_runner.py:90} INFO - Running: ['airflow', 'tasks', 'run', 'stock_prediction_pipeline', 'save_to_database', 'scheduled__2026-02-05T09:00:00+00:00', '--job-id', '78', '--raw', '--subdir', 'DAGS_FOLDER/stock_prediction_dag.py', '--cfg-path', '/tmp/tmpy6wfxs3s']
[2026-02-06T14:26:06.451+0000] {standard_task_runner.py:91} INFO - Job 78: Subtask save_to_database
[2026-02-06T14:26:06.522+0000] {task_command.py:426} INFO - Running <TaskInstance: stock_prediction_pipeline.save_to_database scheduled__2026-02-05T09:00:00+00:00 [running]> on host 30664b90b963
[2026-02-06T14:26:06.659+0000] {taskinstance.py:2648} INFO - Exporting env vars: AIRFLOW_CTX_DAG_OWNER='airflow' AIRFLOW_CTX_DAG_ID='stock_prediction_pipeline' AIRFLOW_CTX_TASK_ID='save_to_database' AIRFLOW_CTX_EXECUTION_DATE='2026-02-05T09:00:00+00:00' AIRFLOW_CTX_TRY_NUMBER='1' AIRFLOW_CTX_DAG_RUN_ID='scheduled__2026-02-05T09:00:00+00:00'
[2026-02-06T14:26:06.660+0000] {taskinstance.py:430} INFO - ::endgroup::
[2026-02-06T14:26:06.695+0000] {logging_mixin.py:188} INFO - Saving to database...
[2026-02-06T14:26:06.695+0000] {logging_mixin.py:188} INFO -   - AAPL: $275.91 (21 records)
[2026-02-06T14:26:06.695+0000] {logging_mixin.py:188} INFO -   - GOOGL: $331.25 (21 records)
[2026-02-06T14:26:06.696+0000] {logging_mixin.py:188} INFO -   - MSFT: $393.67 (21 records)
[2026-02-06T14:26:06.696+0000] {logging_mixin.py:188} INFO -   - AMZN: $222.69 (21 records)
[2026-02-06T14:26:06.696+0000] {logging_mixin.py:188} INFO -   - TSLA: $397.21 (21 records)
[2026-02-06T14:26:06.696+0000] {logging_mixin.py:188} INFO - Data saved successfully!
[2026-02-06T14:26:06.696+0000] {python.py:237} INFO - Done. Returned value was: True
[2026-02-06T14:26:06.697+0000] {taskinstance.py:441} INFO - ::group::Post task execution logs
[2026-02-06T14:26:06.728+0000] {taskinstance.py:1206} INFO - Marking task as SUCCESS. dag_id=stock_prediction_pipeline, task_id=save_to_database, run_id=scheduled__2026-02-05T09:00:00+00:00, execution_date=20260205T090000, start_date=20260206T142606, end_date=20260206T142606
[2026-02-06T14:26:06.780+0000] {local_task_job_runner.py:243} INFO - Task exited with return code 0
[2026-02-06T14:26:06.812+0000] {taskinstance.py:3503} INFO - 1 downstream tasks scheduled from follow-on schedule check
[2026-02-06T14:26:06.813+0000] {local_task_job_runner.py:222} INFO - ::endgroup::
