[2026-02-05T09:14:04.344+0000] {local_task_job_runner.py:120} INFO - ::group::Pre task execution logs
[2026-02-05T09:14:04.410+0000] {taskinstance.py:2076} INFO - Dependencies all met for dep_context=non-requeueable deps ti=<TaskInstance: stock_prediction_pipeline.send_notification scheduled__2026-02-04T09:00:00+00:00 [queued]>
[2026-02-05T09:14:04.424+0000] {taskinstance.py:2076} INFO - Dependencies all met for dep_context=requeueable deps ti=<TaskInstance: stock_prediction_pipeline.send_notification scheduled__2026-02-04T09:00:00+00:00 [queued]>
[2026-02-05T09:14:04.425+0000] {taskinstance.py:2306} INFO - Starting attempt 1 of 2
[2026-02-05T09:14:04.441+0000] {taskinstance.py:2330} INFO - Executing <Task(PythonOperator): send_notification> on 2026-02-04 09:00:00+00:00
[2026-02-05T09:14:04.447+0000] {standard_task_runner.py:64} INFO - Started process 1386 to run task
[2026-02-05T09:14:04.451+0000] {standard_task_runner.py:90} INFO - Running: ['airflow', 'tasks', 'run', 'stock_prediction_pipeline', 'send_notification', 'scheduled__2026-02-04T09:00:00+00:00', '--job-id', '72', '--raw', '--subdir', 'DAGS_FOLDER/stock_prediction_dag.py', '--cfg-path', '/tmp/tmpw50tos4d']
[2026-02-05T09:14:04.453+0000] {standard_task_runner.py:91} INFO - Job 72: Subtask send_notification
[2026-02-05T09:14:04.517+0000] {task_command.py:426} INFO - Running <TaskInstance: stock_prediction_pipeline.send_notification scheduled__2026-02-04T09:00:00+00:00 [running]> on host 30664b90b963
[2026-02-05T09:14:04.651+0000] {taskinstance.py:2648} INFO - Exporting env vars: AIRFLOW_CTX_DAG_OWNER='airflow' AIRFLOW_CTX_DAG_ID='stock_prediction_pipeline' AIRFLOW_CTX_TASK_ID='send_notification' AIRFLOW_CTX_EXECUTION_DATE='2026-02-04T09:00:00+00:00' AIRFLOW_CTX_TRY_NUMBER='1' AIRFLOW_CTX_DAG_RUN_ID='scheduled__2026-02-04T09:00:00+00:00'
[2026-02-05T09:14:04.651+0000] {taskinstance.py:430} INFO - ::endgroup::
[2026-02-05T09:14:04.681+0000] {logging_mixin.py:188} INFO - Pipeline completed successfully!
[2026-02-05T09:14:04.686+0000] {logging_mixin.py:188} WARNING - /home/airflow/.local/lib/python3.10/site-packages/airflow/utils/context.py:320 AirflowContextDeprecationWarning: Accessing 'execution_date' from the template is deprecated and will be removed in a future version. Please use 'data_interval_start' or 'logical_date' instead.
[2026-02-05T09:14:04.686+0000] {logging_mixin.py:188} INFO - Execution time: 2026-02-04 09:00:00+00:00
[2026-02-05T09:14:04.687+0000] {python.py:237} INFO - Done. Returned value was: None
[2026-02-05T09:14:04.687+0000] {taskinstance.py:441} INFO - ::group::Post task execution logs
[2026-02-05T09:14:04.701+0000] {taskinstance.py:1206} INFO - Marking task as SUCCESS. dag_id=stock_prediction_pipeline, task_id=send_notification, run_id=scheduled__2026-02-04T09:00:00+00:00, execution_date=20260204T090000, start_date=20260205T091404, end_date=20260205T091404
[2026-02-05T09:14:04.743+0000] {local_task_job_runner.py:243} INFO - Task exited with return code 0
[2026-02-05T09:14:04.771+0000] {taskinstance.py:3503} INFO - 0 downstream tasks scheduled from follow-on schedule check
[2026-02-05T09:14:04.773+0000] {local_task_job_runner.py:222} INFO - ::endgroup::
