[2026-02-09T09:00:01.497+0000] {local_task_job_runner.py:120} INFO - ::group::Pre task execution logs
[2026-02-09T09:00:01.516+0000] {taskinstance.py:2076} INFO - Dependencies all met for dep_context=non-requeueable deps ti=<TaskInstance: stock_prediction_pipeline.fetch_stock_data scheduled__2026-02-06T09:00:00+00:00 [queued]>
[2026-02-09T09:00:01.520+0000] {taskinstance.py:2076} INFO - Dependencies all met for dep_context=requeueable deps ti=<TaskInstance: stock_prediction_pipeline.fetch_stock_data scheduled__2026-02-06T09:00:00+00:00 [queued]>
[2026-02-09T09:00:01.520+0000] {taskinstance.py:2306} INFO - Starting attempt 1 of 2
[2026-02-09T09:00:01.529+0000] {taskinstance.py:2330} INFO - Executing <Task(PythonOperator): fetch_stock_data> on 2026-02-06 09:00:00+00:00
[2026-02-09T09:00:01.533+0000] {standard_task_runner.py:64} INFO - Started process 2623 to run task
[2026-02-09T09:00:01.535+0000] {standard_task_runner.py:90} INFO - Running: ['airflow', 'tasks', 'run', 'stock_prediction_pipeline', 'fetch_stock_data', 'scheduled__2026-02-06T09:00:00+00:00', '--job-id', '84', '--raw', '--subdir', 'DAGS_FOLDER/stock_prediction_dag.py', '--cfg-path', '/tmp/tmp3hs8k26b']
[2026-02-09T09:00:01.536+0000] {standard_task_runner.py:91} INFO - Job 84: Subtask fetch_stock_data
[2026-02-09T09:00:01.575+0000] {task_command.py:426} INFO - Running <TaskInstance: stock_prediction_pipeline.fetch_stock_data scheduled__2026-02-06T09:00:00+00:00 [running]> on host 30664b90b963
[2026-02-09T09:00:01.628+0000] {taskinstance.py:2648} INFO - Exporting env vars: AIRFLOW_CTX_DAG_OWNER='airflow' AIRFLOW_CTX_DAG_ID='stock_prediction_pipeline' AIRFLOW_CTX_TASK_ID='fetch_stock_data' AIRFLOW_CTX_EXECUTION_DATE='2026-02-06T09:00:00+00:00' AIRFLOW_CTX_TRY_NUMBER='1' AIRFLOW_CTX_DAG_RUN_ID='scheduled__2026-02-06T09:00:00+00:00'
[2026-02-09T09:00:01.629+0000] {taskinstance.py:430} INFO - ::endgroup::
[2026-02-09T09:00:04.111+0000] {logging_mixin.py:188} INFO - Fetched 19 records for AAPL
[2026-02-09T09:00:04.224+0000] {logging_mixin.py:188} INFO - Fetched 19 records for GOOGL
[2026-02-09T09:00:04.538+0000] {logging_mixin.py:188} INFO - Fetched 19 records for MSFT
[2026-02-09T09:00:04.679+0000] {logging_mixin.py:188} INFO - Fetched 19 records for AMZN
[2026-02-09T09:00:04.806+0000] {logging_mixin.py:188} INFO - Fetched 19 records for TSLA
[2026-02-09T09:00:04.806+0000] {python.py:237} INFO - Done. Returned value was: {'AAPL': {'latest_close': 278.1199951171875, 'records': 19}, 'GOOGL': {'latest_close': 322.8599853515625, 'records': 19}, 'MSFT': {'latest_close': 401.1400146484375, 'records': 19}, 'AMZN': {'latest_close': 210.32000732421875, 'records': 19}, 'TSLA': {'latest_close': 411.1099853515625, 'records': 19}}
[2026-02-09T09:00:04.806+0000] {taskinstance.py:441} INFO - ::group::Post task execution logs
[2026-02-09T09:00:04.837+0000] {taskinstance.py:1206} INFO - Marking task as SUCCESS. dag_id=stock_prediction_pipeline, task_id=fetch_stock_data, run_id=scheduled__2026-02-06T09:00:00+00:00, execution_date=20260206T090000, start_date=20260209T090001, end_date=20260209T090004
[2026-02-09T09:00:04.877+0000] {local_task_job_runner.py:243} INFO - Task exited with return code 0
[2026-02-09T09:00:04.901+0000] {taskinstance.py:3503} INFO - 1 downstream tasks scheduled from follow-on schedule check
[2026-02-09T09:00:04.902+0000] {local_task_job_runner.py:222} INFO - ::endgroup::
