[2026-02-13T09:14:56.721+0000] {local_task_job_runner.py:120} INFO - ::group::Pre task execution logs
[2026-02-13T09:14:56.757+0000] {taskinstance.py:2076} INFO - Dependencies all met for dep_context=non-requeueable deps ti=<TaskInstance: stock_prediction_pipeline.fetch_stock_data scheduled__2026-02-12T09:00:00+00:00 [queued]>
[2026-02-13T09:14:56.768+0000] {taskinstance.py:2076} INFO - Dependencies all met for dep_context=requeueable deps ti=<TaskInstance: stock_prediction_pipeline.fetch_stock_data scheduled__2026-02-12T09:00:00+00:00 [queued]>
[2026-02-13T09:14:56.769+0000] {taskinstance.py:2306} INFO - Starting attempt 1 of 2
[2026-02-13T09:14:56.787+0000] {taskinstance.py:2330} INFO - Executing <Task(PythonOperator): fetch_stock_data> on 2026-02-12 09:00:00+00:00
[2026-02-13T09:14:56.792+0000] {standard_task_runner.py:64} INFO - Started process 213 to run task
[2026-02-13T09:14:56.796+0000] {standard_task_runner.py:90} INFO - Running: ['airflow', 'tasks', 'run', 'stock_prediction_pipeline', 'fetch_stock_data', 'scheduled__2026-02-12T09:00:00+00:00', '--job-id', '110', '--raw', '--subdir', 'DAGS_FOLDER/stock_prediction_dag.py', '--cfg-path', '/tmp/tmp1j49_h_a']
[2026-02-13T09:14:56.798+0000] {standard_task_runner.py:91} INFO - Job 110: Subtask fetch_stock_data
[2026-02-13T09:14:56.861+0000] {task_command.py:426} INFO - Running <TaskInstance: stock_prediction_pipeline.fetch_stock_data scheduled__2026-02-12T09:00:00+00:00 [running]> on host 30664b90b963
[2026-02-13T09:14:56.963+0000] {taskinstance.py:2648} INFO - Exporting env vars: AIRFLOW_CTX_DAG_OWNER='airflow' AIRFLOW_CTX_DAG_ID='stock_prediction_pipeline' AIRFLOW_CTX_TASK_ID='fetch_stock_data' AIRFLOW_CTX_EXECUTION_DATE='2026-02-12T09:00:00+00:00' AIRFLOW_CTX_TRY_NUMBER='1' AIRFLOW_CTX_DAG_RUN_ID='scheduled__2026-02-12T09:00:00+00:00'
[2026-02-13T09:14:56.964+0000] {taskinstance.py:430} INFO - ::endgroup::
[2026-02-13T09:14:58.689+0000] {logging_mixin.py:188} INFO - Fetched 21 records for AAPL
[2026-02-13T09:14:58.773+0000] {logging_mixin.py:188} INFO - Fetched 21 records for GOOGL
[2026-02-13T09:14:58.879+0000] {logging_mixin.py:188} INFO - Fetched 21 records for MSFT
[2026-02-13T09:14:58.958+0000] {logging_mixin.py:188} INFO - Fetched 21 records for AMZN
[2026-02-13T09:14:59.041+0000] {logging_mixin.py:188} INFO - Fetched 21 records for TSLA
[2026-02-13T09:14:59.041+0000] {python.py:237} INFO - Done. Returned value was: {'AAPL': {'latest_close': 261.7300109863281, 'records': 21}, 'GOOGL': {'latest_close': 309.0, 'records': 21}, 'MSFT': {'latest_close': 401.8399963378906, 'records': 21}, 'AMZN': {'latest_close': 199.60000610351562, 'records': 21}, 'TSLA': {'latest_close': 417.07000732421875, 'records': 21}}
[2026-02-13T09:14:59.041+0000] {taskinstance.py:441} INFO - ::group::Post task execution logs
[2026-02-13T09:14:59.063+0000] {taskinstance.py:1206} INFO - Marking task as SUCCESS. dag_id=stock_prediction_pipeline, task_id=fetch_stock_data, run_id=scheduled__2026-02-12T09:00:00+00:00, execution_date=20260212T090000, start_date=20260213T091456, end_date=20260213T091459
[2026-02-13T09:14:59.095+0000] {local_task_job_runner.py:243} INFO - Task exited with return code 0
[2026-02-13T09:14:59.115+0000] {taskinstance.py:3503} INFO - 1 downstream tasks scheduled from follow-on schedule check
[2026-02-13T09:14:59.116+0000] {local_task_job_runner.py:222} INFO - ::endgroup::
