[2026-02-05T09:13:59.807+0000] {local_task_job_runner.py:120} INFO - ::group::Pre task execution logs
[2026-02-05T09:13:59.850+0000] {taskinstance.py:2076} INFO - Dependencies all met for dep_context=non-requeueable deps ti=<TaskInstance: stock_prediction_pipeline.fetch_stock_data scheduled__2026-02-04T09:00:00+00:00 [queued]>
[2026-02-05T09:13:59.859+0000] {taskinstance.py:2076} INFO - Dependencies all met for dep_context=requeueable deps ti=<TaskInstance: stock_prediction_pipeline.fetch_stock_data scheduled__2026-02-04T09:00:00+00:00 [queued]>
[2026-02-05T09:13:59.859+0000] {taskinstance.py:2306} INFO - Starting attempt 1 of 2
[2026-02-05T09:13:59.874+0000] {taskinstance.py:2330} INFO - Executing <Task(PythonOperator): fetch_stock_data> on 2026-02-04 09:00:00+00:00
[2026-02-05T09:13:59.880+0000] {standard_task_runner.py:64} INFO - Started process 1374 to run task
[2026-02-05T09:13:59.884+0000] {standard_task_runner.py:90} INFO - Running: ['airflow', 'tasks', 'run', 'stock_prediction_pipeline', 'fetch_stock_data', 'scheduled__2026-02-04T09:00:00+00:00', '--job-id', '69', '--raw', '--subdir', 'DAGS_FOLDER/stock_prediction_dag.py', '--cfg-path', '/tmp/tmph9s0tr0k']
[2026-02-05T09:13:59.886+0000] {standard_task_runner.py:91} INFO - Job 69: Subtask fetch_stock_data
[2026-02-05T09:13:59.950+0000] {task_command.py:426} INFO - Running <TaskInstance: stock_prediction_pipeline.fetch_stock_data scheduled__2026-02-04T09:00:00+00:00 [running]> on host 30664b90b963
[2026-02-05T09:14:00.062+0000] {taskinstance.py:2648} INFO - Exporting env vars: AIRFLOW_CTX_DAG_OWNER='airflow' AIRFLOW_CTX_DAG_ID='stock_prediction_pipeline' AIRFLOW_CTX_TASK_ID='fetch_stock_data' AIRFLOW_CTX_EXECUTION_DATE='2026-02-04T09:00:00+00:00' AIRFLOW_CTX_TRY_NUMBER='1' AIRFLOW_CTX_DAG_RUN_ID='scheduled__2026-02-04T09:00:00+00:00'
[2026-02-05T09:14:00.065+0000] {taskinstance.py:430} INFO - ::endgroup::
[2026-02-05T09:14:01.111+0000] {logging_mixin.py:188} INFO - Error fetching AAPL: 'NoneType' object is not subscriptable
[2026-02-05T09:14:01.115+0000] {logging_mixin.py:188} INFO - Error fetching GOOGL: 'NoneType' object is not subscriptable
[2026-02-05T09:14:01.118+0000] {logging_mixin.py:188} INFO - Error fetching MSFT: 'NoneType' object is not subscriptable
[2026-02-05T09:14:01.121+0000] {logging_mixin.py:188} INFO - Error fetching AMZN: 'NoneType' object is not subscriptable
[2026-02-05T09:14:01.124+0000] {logging_mixin.py:188} INFO - Error fetching TSLA: 'NoneType' object is not subscriptable
[2026-02-05T09:14:01.124+0000] {python.py:237} INFO - Done. Returned value was: {'AAPL': {'error': "'NoneType' object is not subscriptable"}, 'GOOGL': {'error': "'NoneType' object is not subscriptable"}, 'MSFT': {'error': "'NoneType' object is not subscriptable"}, 'AMZN': {'error': "'NoneType' object is not subscriptable"}, 'TSLA': {'error': "'NoneType' object is not subscriptable"}}
[2026-02-05T09:14:01.125+0000] {taskinstance.py:441} INFO - ::group::Post task execution logs
[2026-02-05T09:14:01.158+0000] {taskinstance.py:1206} INFO - Marking task as SUCCESS. dag_id=stock_prediction_pipeline, task_id=fetch_stock_data, run_id=scheduled__2026-02-04T09:00:00+00:00, execution_date=20260204T090000, start_date=20260205T091359, end_date=20260205T091401
[2026-02-05T09:14:01.221+0000] {local_task_job_runner.py:243} INFO - Task exited with return code 0
[2026-02-05T09:14:01.267+0000] {taskinstance.py:3503} INFO - 1 downstream tasks scheduled from follow-on schedule check
[2026-02-05T09:14:01.270+0000] {local_task_job_runner.py:222} INFO - ::endgroup::
