[2026-02-07T14:44:44.830+0000] {processor.py:161} INFO - Started process (PID=206) to work on /opt/airflow/dags/stock_prediction_dag.py
[2026-02-07T14:44:44.830+0000] {processor.py:830} INFO - Processing file /opt/airflow/dags/stock_prediction_dag.py for tasks to queue
[2026-02-07T14:44:44.832+0000] {logging_mixin.py:188} INFO - [2026-02-07T14:44:44.832+0000] {dagbag.py:545} INFO - Filling up the DagBag from /opt/airflow/dags/stock_prediction_dag.py
[2026-02-07T14:44:44.848+0000] {processor.py:840} INFO - DAG(s) 'stock_prediction_pipeline' retrieved from /opt/airflow/dags/stock_prediction_dag.py
[2026-02-07T14:44:44.875+0000] {logging_mixin.py:188} INFO - [2026-02-07T14:44:44.875+0000] {dag.py:3089} INFO - Sync 1 DAGs
[2026-02-07T14:44:44.894+0000] {logging_mixin.py:188} INFO - [2026-02-07T14:44:44.894+0000] {dag.py:3947} INFO - Setting next_dagrun for stock_prediction_pipeline to 2026-02-06 09:00:00+00:00, run_after=2026-02-09 09:00:00+00:00
[2026-02-07T14:44:44.913+0000] {processor.py:183} INFO - Processing /opt/airflow/dags/stock_prediction_dag.py took 0.090 seconds
[2026-02-07T14:45:15.834+0000] {processor.py:161} INFO - Started process (PID=212) to work on /opt/airflow/dags/stock_prediction_dag.py
[2026-02-07T14:45:15.837+0000] {processor.py:830} INFO - Processing file /opt/airflow/dags/stock_prediction_dag.py for tasks to queue
[2026-02-07T14:45:15.838+0000] {logging_mixin.py:188} INFO - [2026-02-07T14:45:15.838+0000] {dagbag.py:545} INFO - Filling up the DagBag from /opt/airflow/dags/stock_prediction_dag.py
[2026-02-07T14:45:15.847+0000] {processor.py:840} INFO - DAG(s) 'stock_prediction_pipeline' retrieved from /opt/airflow/dags/stock_prediction_dag.py
[2026-02-07T14:45:15.904+0000] {logging_mixin.py:188} INFO - [2026-02-07T14:45:15.904+0000] {dag.py:3089} INFO - Sync 1 DAGs
[2026-02-07T14:45:15.918+0000] {logging_mixin.py:188} INFO - [2026-02-07T14:45:15.917+0000] {dag.py:3947} INFO - Setting next_dagrun for stock_prediction_pipeline to 2026-02-06 09:00:00+00:00, run_after=2026-02-09 09:00:00+00:00
[2026-02-07T14:45:15.929+0000] {processor.py:183} INFO - Processing /opt/airflow/dags/stock_prediction_dag.py took 0.101 seconds
[2026-02-07T14:45:46.659+0000] {processor.py:161} INFO - Started process (PID=217) to work on /opt/airflow/dags/stock_prediction_dag.py
[2026-02-07T14:45:46.660+0000] {processor.py:830} INFO - Processing file /opt/airflow/dags/stock_prediction_dag.py for tasks to queue
[2026-02-07T14:45:46.661+0000] {logging_mixin.py:188} INFO - [2026-02-07T14:45:46.661+0000] {dagbag.py:545} INFO - Filling up the DagBag from /opt/airflow/dags/stock_prediction_dag.py
[2026-02-07T14:45:46.667+0000] {processor.py:840} INFO - DAG(s) 'stock_prediction_pipeline' retrieved from /opt/airflow/dags/stock_prediction_dag.py
[2026-02-07T14:45:46.687+0000] {logging_mixin.py:188} INFO - [2026-02-07T14:45:46.687+0000] {dag.py:3089} INFO - Sync 1 DAGs
[2026-02-07T14:45:46.698+0000] {logging_mixin.py:188} INFO - [2026-02-07T14:45:46.698+0000] {dag.py:3947} INFO - Setting next_dagrun for stock_prediction_pipeline to 2026-02-06 09:00:00+00:00, run_after=2026-02-09 09:00:00+00:00
[2026-02-07T14:45:46.706+0000] {processor.py:183} INFO - Processing /opt/airflow/dags/stock_prediction_dag.py took 0.053 seconds
[2026-02-07T14:46:17.295+0000] {processor.py:161} INFO - Started process (PID=222) to work on /opt/airflow/dags/stock_prediction_dag.py
[2026-02-07T14:46:17.298+0000] {processor.py:830} INFO - Processing file /opt/airflow/dags/stock_prediction_dag.py for tasks to queue
[2026-02-07T14:46:17.300+0000] {logging_mixin.py:188} INFO - [2026-02-07T14:46:17.300+0000] {dagbag.py:545} INFO - Filling up the DagBag from /opt/airflow/dags/stock_prediction_dag.py
[2026-02-07T14:46:17.307+0000] {processor.py:840} INFO - DAG(s) 'stock_prediction_pipeline' retrieved from /opt/airflow/dags/stock_prediction_dag.py
[2026-02-07T14:46:17.325+0000] {logging_mixin.py:188} INFO - [2026-02-07T14:46:17.325+0000] {dag.py:3089} INFO - Sync 1 DAGs
[2026-02-07T14:46:17.337+0000] {logging_mixin.py:188} INFO - [2026-02-07T14:46:17.337+0000] {dag.py:3947} INFO - Setting next_dagrun for stock_prediction_pipeline to 2026-02-06 09:00:00+00:00, run_after=2026-02-09 09:00:00+00:00
[2026-02-07T14:46:17.346+0000] {processor.py:183} INFO - Processing /opt/airflow/dags/stock_prediction_dag.py took 0.055 seconds
[2026-02-07T14:46:47.521+0000] {processor.py:161} INFO - Started process (PID=227) to work on /opt/airflow/dags/stock_prediction_dag.py
[2026-02-07T14:46:47.522+0000] {processor.py:830} INFO - Processing file /opt/airflow/dags/stock_prediction_dag.py for tasks to queue
[2026-02-07T14:46:47.523+0000] {logging_mixin.py:188} INFO - [2026-02-07T14:46:47.523+0000] {dagbag.py:545} INFO - Filling up the DagBag from /opt/airflow/dags/stock_prediction_dag.py
[2026-02-07T14:46:47.529+0000] {processor.py:840} INFO - DAG(s) 'stock_prediction_pipeline' retrieved from /opt/airflow/dags/stock_prediction_dag.py
[2026-02-07T14:46:47.546+0000] {logging_mixin.py:188} INFO - [2026-02-07T14:46:47.546+0000] {dag.py:3089} INFO - Sync 1 DAGs
[2026-02-07T14:46:47.557+0000] {logging_mixin.py:188} INFO - [2026-02-07T14:46:47.557+0000] {dag.py:3947} INFO - Setting next_dagrun for stock_prediction_pipeline to 2026-02-06 09:00:00+00:00, run_after=2026-02-09 09:00:00+00:00
[2026-02-07T14:46:47.566+0000] {processor.py:183} INFO - Processing /opt/airflow/dags/stock_prediction_dag.py took 0.048 seconds
[2026-02-07T14:47:17.699+0000] {processor.py:161} INFO - Started process (PID=232) to work on /opt/airflow/dags/stock_prediction_dag.py
[2026-02-07T14:47:17.705+0000] {processor.py:830} INFO - Processing file /opt/airflow/dags/stock_prediction_dag.py for tasks to queue
[2026-02-07T14:47:17.707+0000] {logging_mixin.py:188} INFO - [2026-02-07T14:47:17.707+0000] {dagbag.py:545} INFO - Filling up the DagBag from /opt/airflow/dags/stock_prediction_dag.py
[2026-02-07T14:47:17.715+0000] {processor.py:840} INFO - DAG(s) 'stock_prediction_pipeline' retrieved from /opt/airflow/dags/stock_prediction_dag.py
[2026-02-07T14:47:17.730+0000] {logging_mixin.py:188} INFO - [2026-02-07T14:47:17.730+0000] {dag.py:3089} INFO - Sync 1 DAGs
[2026-02-07T14:47:17.742+0000] {logging_mixin.py:188} INFO - [2026-02-07T14:47:17.741+0000] {dag.py:3947} INFO - Setting next_dagrun for stock_prediction_pipeline to 2026-02-06 09:00:00+00:00, run_after=2026-02-09 09:00:00+00:00
[2026-02-07T14:47:17.750+0000] {processor.py:183} INFO - Processing /opt/airflow/dags/stock_prediction_dag.py took 0.057 seconds
[2026-02-07T14:47:47.901+0000] {processor.py:161} INFO - Started process (PID=237) to work on /opt/airflow/dags/stock_prediction_dag.py
[2026-02-07T14:47:47.901+0000] {processor.py:830} INFO - Processing file /opt/airflow/dags/stock_prediction_dag.py for tasks to queue
[2026-02-07T14:47:47.902+0000] {logging_mixin.py:188} INFO - [2026-02-07T14:47:47.902+0000] {dagbag.py:545} INFO - Filling up the DagBag from /opt/airflow/dags/stock_prediction_dag.py
[2026-02-07T14:47:47.908+0000] {processor.py:840} INFO - DAG(s) 'stock_prediction_pipeline' retrieved from /opt/airflow/dags/stock_prediction_dag.py
[2026-02-07T14:47:47.925+0000] {logging_mixin.py:188} INFO - [2026-02-07T14:47:47.925+0000] {dag.py:3089} INFO - Sync 1 DAGs
[2026-02-07T14:47:47.937+0000] {logging_mixin.py:188} INFO - [2026-02-07T14:47:47.937+0000] {dag.py:3947} INFO - Setting next_dagrun for stock_prediction_pipeline to 2026-02-06 09:00:00+00:00, run_after=2026-02-09 09:00:00+00:00
[2026-02-07T14:47:47.946+0000] {processor.py:183} INFO - Processing /opt/airflow/dags/stock_prediction_dag.py took 0.051 seconds
[2026-02-07T14:48:18.094+0000] {processor.py:161} INFO - Started process (PID=242) to work on /opt/airflow/dags/stock_prediction_dag.py
[2026-02-07T14:48:18.097+0000] {processor.py:830} INFO - Processing file /opt/airflow/dags/stock_prediction_dag.py for tasks to queue
[2026-02-07T14:48:18.098+0000] {logging_mixin.py:188} INFO - [2026-02-07T14:48:18.098+0000] {dagbag.py:545} INFO - Filling up the DagBag from /opt/airflow/dags/stock_prediction_dag.py
[2026-02-07T14:48:18.104+0000] {processor.py:840} INFO - DAG(s) 'stock_prediction_pipeline' retrieved from /opt/airflow/dags/stock_prediction_dag.py
[2026-02-07T14:48:18.121+0000] {logging_mixin.py:188} INFO - [2026-02-07T14:48:18.121+0000] {dag.py:3089} INFO - Sync 1 DAGs
[2026-02-07T14:48:18.132+0000] {logging_mixin.py:188} INFO - [2026-02-07T14:48:18.132+0000] {dag.py:3947} INFO - Setting next_dagrun for stock_prediction_pipeline to 2026-02-06 09:00:00+00:00, run_after=2026-02-09 09:00:00+00:00
[2026-02-07T14:48:18.141+0000] {processor.py:183} INFO - Processing /opt/airflow/dags/stock_prediction_dag.py took 0.052 seconds
[2026-02-07T14:48:48.298+0000] {processor.py:161} INFO - Started process (PID=247) to work on /opt/airflow/dags/stock_prediction_dag.py
[2026-02-07T14:48:48.298+0000] {processor.py:830} INFO - Processing file /opt/airflow/dags/stock_prediction_dag.py for tasks to queue
[2026-02-07T14:48:48.299+0000] {logging_mixin.py:188} INFO - [2026-02-07T14:48:48.299+0000] {dagbag.py:545} INFO - Filling up the DagBag from /opt/airflow/dags/stock_prediction_dag.py
[2026-02-07T14:48:48.305+0000] {processor.py:840} INFO - DAG(s) 'stock_prediction_pipeline' retrieved from /opt/airflow/dags/stock_prediction_dag.py
[2026-02-07T14:48:48.323+0000] {logging_mixin.py:188} INFO - [2026-02-07T14:48:48.323+0000] {dag.py:3089} INFO - Sync 1 DAGs
[2026-02-07T14:48:48.335+0000] {logging_mixin.py:188} INFO - [2026-02-07T14:48:48.335+0000] {dag.py:3947} INFO - Setting next_dagrun for stock_prediction_pipeline to 2026-02-06 09:00:00+00:00, run_after=2026-02-09 09:00:00+00:00
[2026-02-07T14:48:48.344+0000] {processor.py:183} INFO - Processing /opt/airflow/dags/stock_prediction_dag.py took 0.050 seconds
[2026-02-07T14:49:18.441+0000] {processor.py:161} INFO - Started process (PID=252) to work on /opt/airflow/dags/stock_prediction_dag.py
[2026-02-07T14:49:18.442+0000] {processor.py:830} INFO - Processing file /opt/airflow/dags/stock_prediction_dag.py for tasks to queue
[2026-02-07T14:49:18.443+0000] {logging_mixin.py:188} INFO - [2026-02-07T14:49:18.443+0000] {dagbag.py:545} INFO - Filling up the DagBag from /opt/airflow/dags/stock_prediction_dag.py
[2026-02-07T14:49:18.449+0000] {processor.py:840} INFO - DAG(s) 'stock_prediction_pipeline' retrieved from /opt/airflow/dags/stock_prediction_dag.py
[2026-02-07T14:49:18.472+0000] {logging_mixin.py:188} INFO - [2026-02-07T14:49:18.472+0000] {dag.py:3089} INFO - Sync 1 DAGs
[2026-02-07T14:49:18.485+0000] {logging_mixin.py:188} INFO - [2026-02-07T14:49:18.485+0000] {dag.py:3947} INFO - Setting next_dagrun for stock_prediction_pipeline to 2026-02-06 09:00:00+00:00, run_after=2026-02-09 09:00:00+00:00
[2026-02-07T14:49:18.497+0000] {processor.py:183} INFO - Processing /opt/airflow/dags/stock_prediction_dag.py took 0.060 seconds
[2026-02-07T14:49:48.653+0000] {processor.py:161} INFO - Started process (PID=257) to work on /opt/airflow/dags/stock_prediction_dag.py
[2026-02-07T14:49:48.653+0000] {processor.py:830} INFO - Processing file /opt/airflow/dags/stock_prediction_dag.py for tasks to queue
[2026-02-07T14:49:48.654+0000] {logging_mixin.py:188} INFO - [2026-02-07T14:49:48.654+0000] {dagbag.py:545} INFO - Filling up the DagBag from /opt/airflow/dags/stock_prediction_dag.py
[2026-02-07T14:49:48.661+0000] {processor.py:840} INFO - DAG(s) 'stock_prediction_pipeline' retrieved from /opt/airflow/dags/stock_prediction_dag.py
[2026-02-07T14:49:48.683+0000] {logging_mixin.py:188} INFO - [2026-02-07T14:49:48.682+0000] {dag.py:3089} INFO - Sync 1 DAGs
[2026-02-07T14:49:48.695+0000] {logging_mixin.py:188} INFO - [2026-02-07T14:49:48.694+0000] {dag.py:3947} INFO - Setting next_dagrun for stock_prediction_pipeline to 2026-02-06 09:00:00+00:00, run_after=2026-02-09 09:00:00+00:00
[2026-02-07T14:49:48.705+0000] {processor.py:183} INFO - Processing /opt/airflow/dags/stock_prediction_dag.py took 0.057 seconds
[2026-02-07T14:50:18.819+0000] {processor.py:161} INFO - Started process (PID=262) to work on /opt/airflow/dags/stock_prediction_dag.py
[2026-02-07T14:50:18.822+0000] {processor.py:830} INFO - Processing file /opt/airflow/dags/stock_prediction_dag.py for tasks to queue
[2026-02-07T14:50:18.824+0000] {logging_mixin.py:188} INFO - [2026-02-07T14:50:18.823+0000] {dagbag.py:545} INFO - Filling up the DagBag from /opt/airflow/dags/stock_prediction_dag.py
[2026-02-07T14:50:18.831+0000] {processor.py:840} INFO - DAG(s) 'stock_prediction_pipeline' retrieved from /opt/airflow/dags/stock_prediction_dag.py
[2026-02-07T14:50:18.855+0000] {logging_mixin.py:188} INFO - [2026-02-07T14:50:18.855+0000] {dag.py:3089} INFO - Sync 1 DAGs
[2026-02-07T14:50:18.868+0000] {logging_mixin.py:188} INFO - [2026-02-07T14:50:18.868+0000] {dag.py:3947} INFO - Setting next_dagrun for stock_prediction_pipeline to 2026-02-06 09:00:00+00:00, run_after=2026-02-09 09:00:00+00:00
[2026-02-07T14:50:18.877+0000] {processor.py:183} INFO - Processing /opt/airflow/dags/stock_prediction_dag.py took 0.063 seconds
[2026-02-07T14:50:49.024+0000] {processor.py:161} INFO - Started process (PID=267) to work on /opt/airflow/dags/stock_prediction_dag.py
[2026-02-07T14:50:49.024+0000] {processor.py:830} INFO - Processing file /opt/airflow/dags/stock_prediction_dag.py for tasks to queue
[2026-02-07T14:50:49.025+0000] {logging_mixin.py:188} INFO - [2026-02-07T14:50:49.025+0000] {dagbag.py:545} INFO - Filling up the DagBag from /opt/airflow/dags/stock_prediction_dag.py
[2026-02-07T14:50:49.032+0000] {processor.py:840} INFO - DAG(s) 'stock_prediction_pipeline' retrieved from /opt/airflow/dags/stock_prediction_dag.py
[2026-02-07T14:50:49.052+0000] {logging_mixin.py:188} INFO - [2026-02-07T14:50:49.052+0000] {dag.py:3089} INFO - Sync 1 DAGs
[2026-02-07T14:50:49.063+0000] {logging_mixin.py:188} INFO - [2026-02-07T14:50:49.063+0000] {dag.py:3947} INFO - Setting next_dagrun for stock_prediction_pipeline to 2026-02-06 09:00:00+00:00, run_after=2026-02-09 09:00:00+00:00
[2026-02-07T14:50:49.072+0000] {processor.py:183} INFO - Processing /opt/airflow/dags/stock_prediction_dag.py took 0.052 seconds
[2026-02-07T14:51:19.191+0000] {processor.py:161} INFO - Started process (PID=272) to work on /opt/airflow/dags/stock_prediction_dag.py
[2026-02-07T14:51:19.192+0000] {processor.py:830} INFO - Processing file /opt/airflow/dags/stock_prediction_dag.py for tasks to queue
[2026-02-07T14:51:19.194+0000] {logging_mixin.py:188} INFO - [2026-02-07T14:51:19.193+0000] {dagbag.py:545} INFO - Filling up the DagBag from /opt/airflow/dags/stock_prediction_dag.py
[2026-02-07T14:51:19.201+0000] {processor.py:840} INFO - DAG(s) 'stock_prediction_pipeline' retrieved from /opt/airflow/dags/stock_prediction_dag.py
[2026-02-07T14:51:19.218+0000] {logging_mixin.py:188} INFO - [2026-02-07T14:51:19.218+0000] {dag.py:3089} INFO - Sync 1 DAGs
[2026-02-07T14:51:19.232+0000] {logging_mixin.py:188} INFO - [2026-02-07T14:51:19.231+0000] {dag.py:3947} INFO - Setting next_dagrun for stock_prediction_pipeline to 2026-02-06 09:00:00+00:00, run_after=2026-02-09 09:00:00+00:00
[2026-02-07T14:51:19.243+0000] {processor.py:183} INFO - Processing /opt/airflow/dags/stock_prediction_dag.py took 0.060 seconds
[2026-02-07T14:51:49.376+0000] {processor.py:161} INFO - Started process (PID=277) to work on /opt/airflow/dags/stock_prediction_dag.py
[2026-02-07T14:51:49.377+0000] {processor.py:830} INFO - Processing file /opt/airflow/dags/stock_prediction_dag.py for tasks to queue
[2026-02-07T14:51:49.378+0000] {logging_mixin.py:188} INFO - [2026-02-07T14:51:49.378+0000] {dagbag.py:545} INFO - Filling up the DagBag from /opt/airflow/dags/stock_prediction_dag.py
[2026-02-07T14:51:49.386+0000] {processor.py:840} INFO - DAG(s) 'stock_prediction_pipeline' retrieved from /opt/airflow/dags/stock_prediction_dag.py
[2026-02-07T14:51:49.406+0000] {logging_mixin.py:188} INFO - [2026-02-07T14:51:49.406+0000] {dag.py:3089} INFO - Sync 1 DAGs
[2026-02-07T14:51:49.418+0000] {logging_mixin.py:188} INFO - [2026-02-07T14:51:49.418+0000] {dag.py:3947} INFO - Setting next_dagrun for stock_prediction_pipeline to 2026-02-06 09:00:00+00:00, run_after=2026-02-09 09:00:00+00:00
[2026-02-07T14:51:49.428+0000] {processor.py:183} INFO - Processing /opt/airflow/dags/stock_prediction_dag.py took 0.057 seconds
[2026-02-07T14:52:19.554+0000] {processor.py:161} INFO - Started process (PID=282) to work on /opt/airflow/dags/stock_prediction_dag.py
[2026-02-07T14:52:19.557+0000] {processor.py:830} INFO - Processing file /opt/airflow/dags/stock_prediction_dag.py for tasks to queue
[2026-02-07T14:52:19.558+0000] {logging_mixin.py:188} INFO - [2026-02-07T14:52:19.558+0000] {dagbag.py:545} INFO - Filling up the DagBag from /opt/airflow/dags/stock_prediction_dag.py
[2026-02-07T14:52:19.565+0000] {processor.py:840} INFO - DAG(s) 'stock_prediction_pipeline' retrieved from /opt/airflow/dags/stock_prediction_dag.py
[2026-02-07T14:52:19.584+0000] {logging_mixin.py:188} INFO - [2026-02-07T14:52:19.584+0000] {dag.py:3089} INFO - Sync 1 DAGs
[2026-02-07T14:52:19.597+0000] {logging_mixin.py:188} INFO - [2026-02-07T14:52:19.597+0000] {dag.py:3947} INFO - Setting next_dagrun for stock_prediction_pipeline to 2026-02-06 09:00:00+00:00, run_after=2026-02-09 09:00:00+00:00
[2026-02-07T14:52:19.608+0000] {processor.py:183} INFO - Processing /opt/airflow/dags/stock_prediction_dag.py took 0.060 seconds
[2026-02-07T14:52:49.752+0000] {processor.py:161} INFO - Started process (PID=287) to work on /opt/airflow/dags/stock_prediction_dag.py
[2026-02-07T14:52:49.753+0000] {processor.py:830} INFO - Processing file /opt/airflow/dags/stock_prediction_dag.py for tasks to queue
[2026-02-07T14:52:49.754+0000] {logging_mixin.py:188} INFO - [2026-02-07T14:52:49.754+0000] {dagbag.py:545} INFO - Filling up the DagBag from /opt/airflow/dags/stock_prediction_dag.py
[2026-02-07T14:52:49.762+0000] {processor.py:840} INFO - DAG(s) 'stock_prediction_pipeline' retrieved from /opt/airflow/dags/stock_prediction_dag.py
[2026-02-07T14:52:49.787+0000] {logging_mixin.py:188} INFO - [2026-02-07T14:52:49.787+0000] {dag.py:3089} INFO - Sync 1 DAGs
[2026-02-07T14:52:49.800+0000] {logging_mixin.py:188} INFO - [2026-02-07T14:52:49.799+0000] {dag.py:3947} INFO - Setting next_dagrun for stock_prediction_pipeline to 2026-02-06 09:00:00+00:00, run_after=2026-02-09 09:00:00+00:00
[2026-02-07T14:52:49.811+0000] {processor.py:183} INFO - Processing /opt/airflow/dags/stock_prediction_dag.py took 0.063 seconds
[2026-02-07T14:53:19.920+0000] {processor.py:161} INFO - Started process (PID=292) to work on /opt/airflow/dags/stock_prediction_dag.py
[2026-02-07T14:53:19.923+0000] {processor.py:830} INFO - Processing file /opt/airflow/dags/stock_prediction_dag.py for tasks to queue
[2026-02-07T14:53:19.924+0000] {logging_mixin.py:188} INFO - [2026-02-07T14:53:19.924+0000] {dagbag.py:545} INFO - Filling up the DagBag from /opt/airflow/dags/stock_prediction_dag.py
[2026-02-07T14:53:19.932+0000] {processor.py:840} INFO - DAG(s) 'stock_prediction_pipeline' retrieved from /opt/airflow/dags/stock_prediction_dag.py
[2026-02-07T14:53:19.951+0000] {logging_mixin.py:188} INFO - [2026-02-07T14:53:19.951+0000] {dag.py:3089} INFO - Sync 1 DAGs
[2026-02-07T14:53:19.964+0000] {logging_mixin.py:188} INFO - [2026-02-07T14:53:19.964+0000] {dag.py:3947} INFO - Setting next_dagrun for stock_prediction_pipeline to 2026-02-06 09:00:00+00:00, run_after=2026-02-09 09:00:00+00:00
[2026-02-07T14:53:19.973+0000] {processor.py:183} INFO - Processing /opt/airflow/dags/stock_prediction_dag.py took 0.057 seconds
[2026-02-07T14:53:50.129+0000] {processor.py:161} INFO - Started process (PID=297) to work on /opt/airflow/dags/stock_prediction_dag.py
[2026-02-07T14:53:50.130+0000] {processor.py:830} INFO - Processing file /opt/airflow/dags/stock_prediction_dag.py for tasks to queue
[2026-02-07T14:53:50.131+0000] {logging_mixin.py:188} INFO - [2026-02-07T14:53:50.131+0000] {dagbag.py:545} INFO - Filling up the DagBag from /opt/airflow/dags/stock_prediction_dag.py
[2026-02-07T14:53:50.138+0000] {processor.py:840} INFO - DAG(s) 'stock_prediction_pipeline' retrieved from /opt/airflow/dags/stock_prediction_dag.py
[2026-02-07T14:53:50.158+0000] {logging_mixin.py:188} INFO - [2026-02-07T14:53:50.158+0000] {dag.py:3089} INFO - Sync 1 DAGs
[2026-02-07T14:53:50.171+0000] {logging_mixin.py:188} INFO - [2026-02-07T14:53:50.170+0000] {dag.py:3947} INFO - Setting next_dagrun for stock_prediction_pipeline to 2026-02-06 09:00:00+00:00, run_after=2026-02-09 09:00:00+00:00
[2026-02-07T14:53:50.180+0000] {processor.py:183} INFO - Processing /opt/airflow/dags/stock_prediction_dag.py took 0.058 seconds
[2026-02-07T14:54:20.305+0000] {processor.py:161} INFO - Started process (PID=302) to work on /opt/airflow/dags/stock_prediction_dag.py
[2026-02-07T14:54:20.305+0000] {processor.py:830} INFO - Processing file /opt/airflow/dags/stock_prediction_dag.py for tasks to queue
[2026-02-07T14:54:20.306+0000] {logging_mixin.py:188} INFO - [2026-02-07T14:54:20.306+0000] {dagbag.py:545} INFO - Filling up the DagBag from /opt/airflow/dags/stock_prediction_dag.py
[2026-02-07T14:54:20.313+0000] {processor.py:840} INFO - DAG(s) 'stock_prediction_pipeline' retrieved from /opt/airflow/dags/stock_prediction_dag.py
[2026-02-07T14:54:20.333+0000] {logging_mixin.py:188} INFO - [2026-02-07T14:54:20.333+0000] {dag.py:3089} INFO - Sync 1 DAGs
[2026-02-07T14:54:20.345+0000] {logging_mixin.py:188} INFO - [2026-02-07T14:54:20.345+0000] {dag.py:3947} INFO - Setting next_dagrun for stock_prediction_pipeline to 2026-02-06 09:00:00+00:00, run_after=2026-02-09 09:00:00+00:00
[2026-02-07T14:54:20.354+0000] {processor.py:183} INFO - Processing /opt/airflow/dags/stock_prediction_dag.py took 0.057 seconds
[2026-02-07T14:54:50.502+0000] {processor.py:161} INFO - Started process (PID=307) to work on /opt/airflow/dags/stock_prediction_dag.py
[2026-02-07T14:54:50.505+0000] {processor.py:830} INFO - Processing file /opt/airflow/dags/stock_prediction_dag.py for tasks to queue
[2026-02-07T14:54:50.506+0000] {logging_mixin.py:188} INFO - [2026-02-07T14:54:50.506+0000] {dagbag.py:545} INFO - Filling up the DagBag from /opt/airflow/dags/stock_prediction_dag.py
[2026-02-07T14:54:50.513+0000] {processor.py:840} INFO - DAG(s) 'stock_prediction_pipeline' retrieved from /opt/airflow/dags/stock_prediction_dag.py
[2026-02-07T14:54:50.529+0000] {logging_mixin.py:188} INFO - [2026-02-07T14:54:50.529+0000] {dag.py:3089} INFO - Sync 1 DAGs
[2026-02-07T14:54:50.541+0000] {logging_mixin.py:188} INFO - [2026-02-07T14:54:50.541+0000] {dag.py:3947} INFO - Setting next_dagrun for stock_prediction_pipeline to 2026-02-06 09:00:00+00:00, run_after=2026-02-09 09:00:00+00:00
[2026-02-07T14:54:50.549+0000] {processor.py:183} INFO - Processing /opt/airflow/dags/stock_prediction_dag.py took 0.052 seconds
[2026-02-07T14:55:20.662+0000] {processor.py:161} INFO - Started process (PID=312) to work on /opt/airflow/dags/stock_prediction_dag.py
[2026-02-07T14:55:20.663+0000] {processor.py:830} INFO - Processing file /opt/airflow/dags/stock_prediction_dag.py for tasks to queue
[2026-02-07T14:55:20.664+0000] {logging_mixin.py:188} INFO - [2026-02-07T14:55:20.663+0000] {dagbag.py:545} INFO - Filling up the DagBag from /opt/airflow/dags/stock_prediction_dag.py
[2026-02-07T14:55:20.670+0000] {processor.py:840} INFO - DAG(s) 'stock_prediction_pipeline' retrieved from /opt/airflow/dags/stock_prediction_dag.py
[2026-02-07T14:55:20.687+0000] {logging_mixin.py:188} INFO - [2026-02-07T14:55:20.687+0000] {dag.py:3089} INFO - Sync 1 DAGs
[2026-02-07T14:55:20.706+0000] {logging_mixin.py:188} INFO - [2026-02-07T14:55:20.705+0000] {dag.py:3947} INFO - Setting next_dagrun for stock_prediction_pipeline to 2026-02-06 09:00:00+00:00, run_after=2026-02-09 09:00:00+00:00
[2026-02-07T14:55:20.715+0000] {processor.py:183} INFO - Processing /opt/airflow/dags/stock_prediction_dag.py took 0.057 seconds
[2026-02-07T14:55:50.865+0000] {processor.py:161} INFO - Started process (PID=317) to work on /opt/airflow/dags/stock_prediction_dag.py
[2026-02-07T14:55:50.866+0000] {processor.py:830} INFO - Processing file /opt/airflow/dags/stock_prediction_dag.py for tasks to queue
[2026-02-07T14:55:50.868+0000] {logging_mixin.py:188} INFO - [2026-02-07T14:55:50.867+0000] {dagbag.py:545} INFO - Filling up the DagBag from /opt/airflow/dags/stock_prediction_dag.py
[2026-02-07T14:55:50.879+0000] {processor.py:840} INFO - DAG(s) 'stock_prediction_pipeline' retrieved from /opt/airflow/dags/stock_prediction_dag.py
[2026-02-07T14:55:50.901+0000] {logging_mixin.py:188} INFO - [2026-02-07T14:55:50.901+0000] {dag.py:3089} INFO - Sync 1 DAGs
[2026-02-07T14:55:50.913+0000] {logging_mixin.py:188} INFO - [2026-02-07T14:55:50.913+0000] {dag.py:3947} INFO - Setting next_dagrun for stock_prediction_pipeline to 2026-02-06 09:00:00+00:00, run_after=2026-02-09 09:00:00+00:00
[2026-02-07T14:55:50.922+0000] {processor.py:183} INFO - Processing /opt/airflow/dags/stock_prediction_dag.py took 0.062 seconds
[2026-02-07T14:56:21.035+0000] {processor.py:161} INFO - Started process (PID=322) to work on /opt/airflow/dags/stock_prediction_dag.py
[2026-02-07T14:56:21.035+0000] {processor.py:830} INFO - Processing file /opt/airflow/dags/stock_prediction_dag.py for tasks to queue
[2026-02-07T14:56:21.037+0000] {logging_mixin.py:188} INFO - [2026-02-07T14:56:21.036+0000] {dagbag.py:545} INFO - Filling up the DagBag from /opt/airflow/dags/stock_prediction_dag.py
[2026-02-07T14:56:21.044+0000] {processor.py:840} INFO - DAG(s) 'stock_prediction_pipeline' retrieved from /opt/airflow/dags/stock_prediction_dag.py
[2026-02-07T14:56:21.062+0000] {logging_mixin.py:188} INFO - [2026-02-07T14:56:21.061+0000] {dag.py:3089} INFO - Sync 1 DAGs
[2026-02-07T14:56:21.074+0000] {logging_mixin.py:188} INFO - [2026-02-07T14:56:21.074+0000] {dag.py:3947} INFO - Setting next_dagrun for stock_prediction_pipeline to 2026-02-06 09:00:00+00:00, run_after=2026-02-09 09:00:00+00:00
[2026-02-07T14:56:21.084+0000] {processor.py:183} INFO - Processing /opt/airflow/dags/stock_prediction_dag.py took 0.056 seconds
[2026-02-07T14:56:51.263+0000] {processor.py:161} INFO - Started process (PID=327) to work on /opt/airflow/dags/stock_prediction_dag.py
[2026-02-07T14:56:51.266+0000] {processor.py:830} INFO - Processing file /opt/airflow/dags/stock_prediction_dag.py for tasks to queue
[2026-02-07T14:56:51.267+0000] {logging_mixin.py:188} INFO - [2026-02-07T14:56:51.267+0000] {dagbag.py:545} INFO - Filling up the DagBag from /opt/airflow/dags/stock_prediction_dag.py
[2026-02-07T14:56:51.273+0000] {processor.py:840} INFO - DAG(s) 'stock_prediction_pipeline' retrieved from /opt/airflow/dags/stock_prediction_dag.py
[2026-02-07T14:56:51.291+0000] {logging_mixin.py:188} INFO - [2026-02-07T14:56:51.291+0000] {dag.py:3089} INFO - Sync 1 DAGs
[2026-02-07T14:56:51.304+0000] {logging_mixin.py:188} INFO - [2026-02-07T14:56:51.304+0000] {dag.py:3947} INFO - Setting next_dagrun for stock_prediction_pipeline to 2026-02-06 09:00:00+00:00, run_after=2026-02-09 09:00:00+00:00
[2026-02-07T14:56:51.312+0000] {processor.py:183} INFO - Processing /opt/airflow/dags/stock_prediction_dag.py took 0.053 seconds
[2026-02-07T14:57:21.430+0000] {processor.py:161} INFO - Started process (PID=332) to work on /opt/airflow/dags/stock_prediction_dag.py
[2026-02-07T14:57:21.431+0000] {processor.py:830} INFO - Processing file /opt/airflow/dags/stock_prediction_dag.py for tasks to queue
[2026-02-07T14:57:21.432+0000] {logging_mixin.py:188} INFO - [2026-02-07T14:57:21.432+0000] {dagbag.py:545} INFO - Filling up the DagBag from /opt/airflow/dags/stock_prediction_dag.py
[2026-02-07T14:57:21.439+0000] {processor.py:840} INFO - DAG(s) 'stock_prediction_pipeline' retrieved from /opt/airflow/dags/stock_prediction_dag.py
[2026-02-07T14:57:21.462+0000] {logging_mixin.py:188} INFO - [2026-02-07T14:57:21.461+0000] {dag.py:3089} INFO - Sync 1 DAGs
[2026-02-07T14:57:21.475+0000] {logging_mixin.py:188} INFO - [2026-02-07T14:57:21.474+0000] {dag.py:3947} INFO - Setting next_dagrun for stock_prediction_pipeline to 2026-02-06 09:00:00+00:00, run_after=2026-02-09 09:00:00+00:00
[2026-02-07T14:57:21.483+0000] {processor.py:183} INFO - Processing /opt/airflow/dags/stock_prediction_dag.py took 0.059 seconds
[2026-02-07T14:57:51.628+0000] {processor.py:161} INFO - Started process (PID=337) to work on /opt/airflow/dags/stock_prediction_dag.py
[2026-02-07T14:57:51.631+0000] {processor.py:830} INFO - Processing file /opt/airflow/dags/stock_prediction_dag.py for tasks to queue
[2026-02-07T14:57:51.632+0000] {logging_mixin.py:188} INFO - [2026-02-07T14:57:51.631+0000] {dagbag.py:545} INFO - Filling up the DagBag from /opt/airflow/dags/stock_prediction_dag.py
[2026-02-07T14:57:51.638+0000] {processor.py:840} INFO - DAG(s) 'stock_prediction_pipeline' retrieved from /opt/airflow/dags/stock_prediction_dag.py
[2026-02-07T14:57:51.655+0000] {logging_mixin.py:188} INFO - [2026-02-07T14:57:51.655+0000] {dag.py:3089} INFO - Sync 1 DAGs
[2026-02-07T14:57:51.667+0000] {logging_mixin.py:188} INFO - [2026-02-07T14:57:51.667+0000] {dag.py:3947} INFO - Setting next_dagrun for stock_prediction_pipeline to 2026-02-06 09:00:00+00:00, run_after=2026-02-09 09:00:00+00:00
[2026-02-07T14:57:51.677+0000] {processor.py:183} INFO - Processing /opt/airflow/dags/stock_prediction_dag.py took 0.056 seconds
[2026-02-07T14:58:21.804+0000] {processor.py:161} INFO - Started process (PID=342) to work on /opt/airflow/dags/stock_prediction_dag.py
[2026-02-07T14:58:21.804+0000] {processor.py:830} INFO - Processing file /opt/airflow/dags/stock_prediction_dag.py for tasks to queue
[2026-02-07T14:58:21.805+0000] {logging_mixin.py:188} INFO - [2026-02-07T14:58:21.805+0000] {dagbag.py:545} INFO - Filling up the DagBag from /opt/airflow/dags/stock_prediction_dag.py
[2026-02-07T14:58:21.812+0000] {processor.py:840} INFO - DAG(s) 'stock_prediction_pipeline' retrieved from /opt/airflow/dags/stock_prediction_dag.py
[2026-02-07T14:58:21.831+0000] {logging_mixin.py:188} INFO - [2026-02-07T14:58:21.831+0000] {dag.py:3089} INFO - Sync 1 DAGs
[2026-02-07T14:58:21.844+0000] {logging_mixin.py:188} INFO - [2026-02-07T14:58:21.843+0000] {dag.py:3947} INFO - Setting next_dagrun for stock_prediction_pipeline to 2026-02-06 09:00:00+00:00, run_after=2026-02-09 09:00:00+00:00
[2026-02-07T14:58:21.853+0000] {processor.py:183} INFO - Processing /opt/airflow/dags/stock_prediction_dag.py took 0.053 seconds
[2026-02-07T14:58:51.998+0000] {processor.py:161} INFO - Started process (PID=347) to work on /opt/airflow/dags/stock_prediction_dag.py
[2026-02-07T14:58:52.001+0000] {processor.py:830} INFO - Processing file /opt/airflow/dags/stock_prediction_dag.py for tasks to queue
[2026-02-07T14:58:52.003+0000] {logging_mixin.py:188} INFO - [2026-02-07T14:58:52.003+0000] {dagbag.py:545} INFO - Filling up the DagBag from /opt/airflow/dags/stock_prediction_dag.py
[2026-02-07T14:58:52.014+0000] {processor.py:840} INFO - DAG(s) 'stock_prediction_pipeline' retrieved from /opt/airflow/dags/stock_prediction_dag.py
[2026-02-07T14:58:52.033+0000] {logging_mixin.py:188} INFO - [2026-02-07T14:58:52.032+0000] {dag.py:3089} INFO - Sync 1 DAGs
[2026-02-07T14:58:52.045+0000] {logging_mixin.py:188} INFO - [2026-02-07T14:58:52.044+0000] {dag.py:3947} INFO - Setting next_dagrun for stock_prediction_pipeline to 2026-02-06 09:00:00+00:00, run_after=2026-02-09 09:00:00+00:00
[2026-02-07T14:58:52.054+0000] {processor.py:183} INFO - Processing /opt/airflow/dags/stock_prediction_dag.py took 0.062 seconds
[2026-02-07T14:59:22.178+0000] {processor.py:161} INFO - Started process (PID=352) to work on /opt/airflow/dags/stock_prediction_dag.py
[2026-02-07T14:59:22.178+0000] {processor.py:830} INFO - Processing file /opt/airflow/dags/stock_prediction_dag.py for tasks to queue
[2026-02-07T14:59:22.179+0000] {logging_mixin.py:188} INFO - [2026-02-07T14:59:22.179+0000] {dagbag.py:545} INFO - Filling up the DagBag from /opt/airflow/dags/stock_prediction_dag.py
[2026-02-07T14:59:22.186+0000] {processor.py:840} INFO - DAG(s) 'stock_prediction_pipeline' retrieved from /opt/airflow/dags/stock_prediction_dag.py
[2026-02-07T14:59:22.203+0000] {logging_mixin.py:188} INFO - [2026-02-07T14:59:22.203+0000] {dag.py:3089} INFO - Sync 1 DAGs
[2026-02-07T14:59:22.218+0000] {logging_mixin.py:188} INFO - [2026-02-07T14:59:22.218+0000] {dag.py:3947} INFO - Setting next_dagrun for stock_prediction_pipeline to 2026-02-06 09:00:00+00:00, run_after=2026-02-09 09:00:00+00:00
[2026-02-07T14:59:22.230+0000] {processor.py:183} INFO - Processing /opt/airflow/dags/stock_prediction_dag.py took 0.057 seconds
[2026-02-07T14:59:52.361+0000] {processor.py:161} INFO - Started process (PID=357) to work on /opt/airflow/dags/stock_prediction_dag.py
[2026-02-07T14:59:52.367+0000] {processor.py:830} INFO - Processing file /opt/airflow/dags/stock_prediction_dag.py for tasks to queue
[2026-02-07T14:59:52.368+0000] {logging_mixin.py:188} INFO - [2026-02-07T14:59:52.368+0000] {dagbag.py:545} INFO - Filling up the DagBag from /opt/airflow/dags/stock_prediction_dag.py
[2026-02-07T14:59:52.374+0000] {processor.py:840} INFO - DAG(s) 'stock_prediction_pipeline' retrieved from /opt/airflow/dags/stock_prediction_dag.py
[2026-02-07T14:59:52.390+0000] {logging_mixin.py:188} INFO - [2026-02-07T14:59:52.390+0000] {dag.py:3089} INFO - Sync 1 DAGs
[2026-02-07T14:59:52.402+0000] {logging_mixin.py:188} INFO - [2026-02-07T14:59:52.401+0000] {dag.py:3947} INFO - Setting next_dagrun for stock_prediction_pipeline to 2026-02-06 09:00:00+00:00, run_after=2026-02-09 09:00:00+00:00
[2026-02-07T14:59:52.414+0000] {processor.py:183} INFO - Processing /opt/airflow/dags/stock_prediction_dag.py took 0.056 seconds
[2026-02-07T15:00:22.549+0000] {processor.py:161} INFO - Started process (PID=362) to work on /opt/airflow/dags/stock_prediction_dag.py
[2026-02-07T15:00:22.550+0000] {processor.py:830} INFO - Processing file /opt/airflow/dags/stock_prediction_dag.py for tasks to queue
[2026-02-07T15:00:22.551+0000] {logging_mixin.py:188} INFO - [2026-02-07T15:00:22.551+0000] {dagbag.py:545} INFO - Filling up the DagBag from /opt/airflow/dags/stock_prediction_dag.py
[2026-02-07T15:00:22.557+0000] {processor.py:840} INFO - DAG(s) 'stock_prediction_pipeline' retrieved from /opt/airflow/dags/stock_prediction_dag.py
[2026-02-07T15:00:22.574+0000] {logging_mixin.py:188} INFO - [2026-02-07T15:00:22.573+0000] {dag.py:3089} INFO - Sync 1 DAGs
[2026-02-07T15:00:22.586+0000] {logging_mixin.py:188} INFO - [2026-02-07T15:00:22.586+0000] {dag.py:3947} INFO - Setting next_dagrun for stock_prediction_pipeline to 2026-02-06 09:00:00+00:00, run_after=2026-02-09 09:00:00+00:00
[2026-02-07T15:00:22.595+0000] {processor.py:183} INFO - Processing /opt/airflow/dags/stock_prediction_dag.py took 0.053 seconds
[2026-02-07T15:00:52.746+0000] {processor.py:161} INFO - Started process (PID=367) to work on /opt/airflow/dags/stock_prediction_dag.py
[2026-02-07T15:00:52.749+0000] {processor.py:830} INFO - Processing file /opt/airflow/dags/stock_prediction_dag.py for tasks to queue
[2026-02-07T15:00:52.750+0000] {logging_mixin.py:188} INFO - [2026-02-07T15:00:52.750+0000] {dagbag.py:545} INFO - Filling up the DagBag from /opt/airflow/dags/stock_prediction_dag.py
[2026-02-07T15:00:52.757+0000] {processor.py:840} INFO - DAG(s) 'stock_prediction_pipeline' retrieved from /opt/airflow/dags/stock_prediction_dag.py
[2026-02-07T15:00:52.777+0000] {logging_mixin.py:188} INFO - [2026-02-07T15:00:52.776+0000] {dag.py:3089} INFO - Sync 1 DAGs
[2026-02-07T15:00:52.789+0000] {logging_mixin.py:188} INFO - [2026-02-07T15:00:52.789+0000] {dag.py:3947} INFO - Setting next_dagrun for stock_prediction_pipeline to 2026-02-06 09:00:00+00:00, run_after=2026-02-09 09:00:00+00:00
[2026-02-07T15:00:52.801+0000] {processor.py:183} INFO - Processing /opt/airflow/dags/stock_prediction_dag.py took 0.058 seconds
[2026-02-07T15:01:22.924+0000] {processor.py:161} INFO - Started process (PID=372) to work on /opt/airflow/dags/stock_prediction_dag.py
[2026-02-07T15:01:22.924+0000] {processor.py:830} INFO - Processing file /opt/airflow/dags/stock_prediction_dag.py for tasks to queue
[2026-02-07T15:01:22.926+0000] {logging_mixin.py:188} INFO - [2026-02-07T15:01:22.925+0000] {dagbag.py:545} INFO - Filling up the DagBag from /opt/airflow/dags/stock_prediction_dag.py
[2026-02-07T15:01:22.932+0000] {processor.py:840} INFO - DAG(s) 'stock_prediction_pipeline' retrieved from /opt/airflow/dags/stock_prediction_dag.py
[2026-02-07T15:01:22.949+0000] {logging_mixin.py:188} INFO - [2026-02-07T15:01:22.949+0000] {dag.py:3089} INFO - Sync 1 DAGs
[2026-02-07T15:01:22.962+0000] {logging_mixin.py:188} INFO - [2026-02-07T15:01:22.962+0000] {dag.py:3947} INFO - Setting next_dagrun for stock_prediction_pipeline to 2026-02-06 09:00:00+00:00, run_after=2026-02-09 09:00:00+00:00
[2026-02-07T15:01:22.972+0000] {processor.py:183} INFO - Processing /opt/airflow/dags/stock_prediction_dag.py took 0.054 seconds
[2026-02-07T15:01:53.117+0000] {processor.py:161} INFO - Started process (PID=377) to work on /opt/airflow/dags/stock_prediction_dag.py
[2026-02-07T15:01:53.120+0000] {processor.py:830} INFO - Processing file /opt/airflow/dags/stock_prediction_dag.py for tasks to queue
[2026-02-07T15:01:53.121+0000] {logging_mixin.py:188} INFO - [2026-02-07T15:01:53.121+0000] {dagbag.py:545} INFO - Filling up the DagBag from /opt/airflow/dags/stock_prediction_dag.py
[2026-02-07T15:01:53.129+0000] {processor.py:840} INFO - DAG(s) 'stock_prediction_pipeline' retrieved from /opt/airflow/dags/stock_prediction_dag.py
[2026-02-07T15:01:53.160+0000] {logging_mixin.py:188} INFO - [2026-02-07T15:01:53.160+0000] {dag.py:3089} INFO - Sync 1 DAGs
[2026-02-07T15:01:53.173+0000] {logging_mixin.py:188} INFO - [2026-02-07T15:01:53.173+0000] {dag.py:3947} INFO - Setting next_dagrun for stock_prediction_pipeline to 2026-02-06 09:00:00+00:00, run_after=2026-02-09 09:00:00+00:00
[2026-02-07T15:01:53.183+0000] {processor.py:183} INFO - Processing /opt/airflow/dags/stock_prediction_dag.py took 0.070 seconds
[2026-02-07T15:02:23.278+0000] {processor.py:161} INFO - Started process (PID=382) to work on /opt/airflow/dags/stock_prediction_dag.py
[2026-02-07T15:02:23.279+0000] {processor.py:830} INFO - Processing file /opt/airflow/dags/stock_prediction_dag.py for tasks to queue
[2026-02-07T15:02:23.279+0000] {logging_mixin.py:188} INFO - [2026-02-07T15:02:23.279+0000] {dagbag.py:545} INFO - Filling up the DagBag from /opt/airflow/dags/stock_prediction_dag.py
[2026-02-07T15:02:23.285+0000] {processor.py:840} INFO - DAG(s) 'stock_prediction_pipeline' retrieved from /opt/airflow/dags/stock_prediction_dag.py
[2026-02-07T15:02:23.302+0000] {logging_mixin.py:188} INFO - [2026-02-07T15:02:23.302+0000] {dag.py:3089} INFO - Sync 1 DAGs
[2026-02-07T15:02:23.313+0000] {logging_mixin.py:188} INFO - [2026-02-07T15:02:23.313+0000] {dag.py:3947} INFO - Setting next_dagrun for stock_prediction_pipeline to 2026-02-06 09:00:00+00:00, run_after=2026-02-09 09:00:00+00:00
[2026-02-07T15:02:23.321+0000] {processor.py:183} INFO - Processing /opt/airflow/dags/stock_prediction_dag.py took 0.046 seconds
[2026-02-07T15:02:53.459+0000] {processor.py:161} INFO - Started process (PID=387) to work on /opt/airflow/dags/stock_prediction_dag.py
[2026-02-07T15:02:53.461+0000] {processor.py:830} INFO - Processing file /opt/airflow/dags/stock_prediction_dag.py for tasks to queue
[2026-02-07T15:02:53.462+0000] {logging_mixin.py:188} INFO - [2026-02-07T15:02:53.462+0000] {dagbag.py:545} INFO - Filling up the DagBag from /opt/airflow/dags/stock_prediction_dag.py
[2026-02-07T15:02:53.470+0000] {processor.py:840} INFO - DAG(s) 'stock_prediction_pipeline' retrieved from /opt/airflow/dags/stock_prediction_dag.py
[2026-02-07T15:02:53.487+0000] {logging_mixin.py:188} INFO - [2026-02-07T15:02:53.487+0000] {dag.py:3089} INFO - Sync 1 DAGs
[2026-02-07T15:02:53.498+0000] {logging_mixin.py:188} INFO - [2026-02-07T15:02:53.498+0000] {dag.py:3947} INFO - Setting next_dagrun for stock_prediction_pipeline to 2026-02-06 09:00:00+00:00, run_after=2026-02-09 09:00:00+00:00
[2026-02-07T15:02:53.507+0000] {processor.py:183} INFO - Processing /opt/airflow/dags/stock_prediction_dag.py took 0.053 seconds
[2026-02-07T15:03:23.620+0000] {processor.py:161} INFO - Started process (PID=392) to work on /opt/airflow/dags/stock_prediction_dag.py
[2026-02-07T15:03:23.620+0000] {processor.py:830} INFO - Processing file /opt/airflow/dags/stock_prediction_dag.py for tasks to queue
[2026-02-07T15:03:23.621+0000] {logging_mixin.py:188} INFO - [2026-02-07T15:03:23.621+0000] {dagbag.py:545} INFO - Filling up the DagBag from /opt/airflow/dags/stock_prediction_dag.py
[2026-02-07T15:03:23.629+0000] {processor.py:840} INFO - DAG(s) 'stock_prediction_pipeline' retrieved from /opt/airflow/dags/stock_prediction_dag.py
[2026-02-07T15:03:23.652+0000] {logging_mixin.py:188} INFO - [2026-02-07T15:03:23.651+0000] {dag.py:3089} INFO - Sync 1 DAGs
[2026-02-07T15:03:23.665+0000] {logging_mixin.py:188} INFO - [2026-02-07T15:03:23.665+0000] {dag.py:3947} INFO - Setting next_dagrun for stock_prediction_pipeline to 2026-02-06 09:00:00+00:00, run_after=2026-02-09 09:00:00+00:00
[2026-02-07T15:03:23.675+0000] {processor.py:183} INFO - Processing /opt/airflow/dags/stock_prediction_dag.py took 0.060 seconds
[2026-02-07T15:03:53.847+0000] {processor.py:161} INFO - Started process (PID=397) to work on /opt/airflow/dags/stock_prediction_dag.py
[2026-02-07T15:03:53.850+0000] {processor.py:830} INFO - Processing file /opt/airflow/dags/stock_prediction_dag.py for tasks to queue
[2026-02-07T15:03:53.852+0000] {logging_mixin.py:188} INFO - [2026-02-07T15:03:53.852+0000] {dagbag.py:545} INFO - Filling up the DagBag from /opt/airflow/dags/stock_prediction_dag.py
[2026-02-07T15:03:53.867+0000] {processor.py:840} INFO - DAG(s) 'stock_prediction_pipeline' retrieved from /opt/airflow/dags/stock_prediction_dag.py
[2026-02-07T15:03:53.887+0000] {logging_mixin.py:188} INFO - [2026-02-07T15:03:53.887+0000] {dag.py:3089} INFO - Sync 1 DAGs
[2026-02-07T15:03:53.900+0000] {logging_mixin.py:188} INFO - [2026-02-07T15:03:53.900+0000] {dag.py:3947} INFO - Setting next_dagrun for stock_prediction_pipeline to 2026-02-06 09:00:00+00:00, run_after=2026-02-09 09:00:00+00:00
[2026-02-07T15:03:53.912+0000] {processor.py:183} INFO - Processing /opt/airflow/dags/stock_prediction_dag.py took 0.068 seconds
[2026-02-07T15:04:24.022+0000] {processor.py:161} INFO - Started process (PID=402) to work on /opt/airflow/dags/stock_prediction_dag.py
[2026-02-07T15:04:24.022+0000] {processor.py:830} INFO - Processing file /opt/airflow/dags/stock_prediction_dag.py for tasks to queue
[2026-02-07T15:04:24.024+0000] {logging_mixin.py:188} INFO - [2026-02-07T15:04:24.024+0000] {dagbag.py:545} INFO - Filling up the DagBag from /opt/airflow/dags/stock_prediction_dag.py
[2026-02-07T15:04:24.032+0000] {processor.py:840} INFO - DAG(s) 'stock_prediction_pipeline' retrieved from /opt/airflow/dags/stock_prediction_dag.py
[2026-02-07T15:04:24.053+0000] {logging_mixin.py:188} INFO - [2026-02-07T15:04:24.053+0000] {dag.py:3089} INFO - Sync 1 DAGs
[2026-02-07T15:04:24.065+0000] {logging_mixin.py:188} INFO - [2026-02-07T15:04:24.065+0000] {dag.py:3947} INFO - Setting next_dagrun for stock_prediction_pipeline to 2026-02-06 09:00:00+00:00, run_after=2026-02-09 09:00:00+00:00
[2026-02-07T15:04:24.075+0000] {processor.py:183} INFO - Processing /opt/airflow/dags/stock_prediction_dag.py took 0.058 seconds
[2026-02-07T15:04:54.266+0000] {processor.py:161} INFO - Started process (PID=407) to work on /opt/airflow/dags/stock_prediction_dag.py
[2026-02-07T15:04:54.269+0000] {processor.py:830} INFO - Processing file /opt/airflow/dags/stock_prediction_dag.py for tasks to queue
[2026-02-07T15:04:54.271+0000] {logging_mixin.py:188} INFO - [2026-02-07T15:04:54.271+0000] {dagbag.py:545} INFO - Filling up the DagBag from /opt/airflow/dags/stock_prediction_dag.py
[2026-02-07T15:04:54.281+0000] {processor.py:840} INFO - DAG(s) 'stock_prediction_pipeline' retrieved from /opt/airflow/dags/stock_prediction_dag.py
[2026-02-07T15:04:54.302+0000] {logging_mixin.py:188} INFO - [2026-02-07T15:04:54.302+0000] {dag.py:3089} INFO - Sync 1 DAGs
[2026-02-07T15:04:54.315+0000] {logging_mixin.py:188} INFO - [2026-02-07T15:04:54.315+0000] {dag.py:3947} INFO - Setting next_dagrun for stock_prediction_pipeline to 2026-02-06 09:00:00+00:00, run_after=2026-02-09 09:00:00+00:00
[2026-02-07T15:04:54.325+0000] {processor.py:183} INFO - Processing /opt/airflow/dags/stock_prediction_dag.py took 0.065 seconds
[2026-02-07T15:05:24.442+0000] {processor.py:161} INFO - Started process (PID=412) to work on /opt/airflow/dags/stock_prediction_dag.py
[2026-02-07T15:05:24.443+0000] {processor.py:830} INFO - Processing file /opt/airflow/dags/stock_prediction_dag.py for tasks to queue
[2026-02-07T15:05:24.444+0000] {logging_mixin.py:188} INFO - [2026-02-07T15:05:24.444+0000] {dagbag.py:545} INFO - Filling up the DagBag from /opt/airflow/dags/stock_prediction_dag.py
[2026-02-07T15:05:24.451+0000] {processor.py:840} INFO - DAG(s) 'stock_prediction_pipeline' retrieved from /opt/airflow/dags/stock_prediction_dag.py
[2026-02-07T15:05:24.471+0000] {logging_mixin.py:188} INFO - [2026-02-07T15:05:24.470+0000] {dag.py:3089} INFO - Sync 1 DAGs
[2026-02-07T15:05:24.483+0000] {logging_mixin.py:188} INFO - [2026-02-07T15:05:24.483+0000] {dag.py:3947} INFO - Setting next_dagrun for stock_prediction_pipeline to 2026-02-06 09:00:00+00:00, run_after=2026-02-09 09:00:00+00:00
[2026-02-07T15:05:24.493+0000] {processor.py:183} INFO - Processing /opt/airflow/dags/stock_prediction_dag.py took 0.056 seconds
[2026-02-07T15:05:54.660+0000] {processor.py:161} INFO - Started process (PID=417) to work on /opt/airflow/dags/stock_prediction_dag.py
[2026-02-07T15:05:54.663+0000] {processor.py:830} INFO - Processing file /opt/airflow/dags/stock_prediction_dag.py for tasks to queue
[2026-02-07T15:05:54.664+0000] {logging_mixin.py:188} INFO - [2026-02-07T15:05:54.663+0000] {dagbag.py:545} INFO - Filling up the DagBag from /opt/airflow/dags/stock_prediction_dag.py
[2026-02-07T15:05:54.671+0000] {processor.py:840} INFO - DAG(s) 'stock_prediction_pipeline' retrieved from /opt/airflow/dags/stock_prediction_dag.py
[2026-02-07T15:05:54.689+0000] {logging_mixin.py:188} INFO - [2026-02-07T15:05:54.689+0000] {dag.py:3089} INFO - Sync 1 DAGs
[2026-02-07T15:05:54.702+0000] {logging_mixin.py:188} INFO - [2026-02-07T15:05:54.702+0000] {dag.py:3947} INFO - Setting next_dagrun for stock_prediction_pipeline to 2026-02-06 09:00:00+00:00, run_after=2026-02-09 09:00:00+00:00
[2026-02-07T15:05:54.711+0000] {processor.py:183} INFO - Processing /opt/airflow/dags/stock_prediction_dag.py took 0.055 seconds
[2026-02-07T15:06:24.846+0000] {processor.py:161} INFO - Started process (PID=422) to work on /opt/airflow/dags/stock_prediction_dag.py
[2026-02-07T15:06:24.846+0000] {processor.py:830} INFO - Processing file /opt/airflow/dags/stock_prediction_dag.py for tasks to queue
[2026-02-07T15:06:24.848+0000] {logging_mixin.py:188} INFO - [2026-02-07T15:06:24.848+0000] {dagbag.py:545} INFO - Filling up the DagBag from /opt/airflow/dags/stock_prediction_dag.py
[2026-02-07T15:06:24.855+0000] {processor.py:840} INFO - DAG(s) 'stock_prediction_pipeline' retrieved from /opt/airflow/dags/stock_prediction_dag.py
[2026-02-07T15:06:24.872+0000] {logging_mixin.py:188} INFO - [2026-02-07T15:06:24.872+0000] {dag.py:3089} INFO - Sync 1 DAGs
[2026-02-07T15:06:24.885+0000] {logging_mixin.py:188} INFO - [2026-02-07T15:06:24.885+0000] {dag.py:3947} INFO - Setting next_dagrun for stock_prediction_pipeline to 2026-02-06 09:00:00+00:00, run_after=2026-02-09 09:00:00+00:00
[2026-02-07T15:06:24.895+0000] {processor.py:183} INFO - Processing /opt/airflow/dags/stock_prediction_dag.py took 0.054 seconds
[2026-02-07T15:06:55.031+0000] {processor.py:161} INFO - Started process (PID=427) to work on /opt/airflow/dags/stock_prediction_dag.py
[2026-02-07T15:06:55.034+0000] {processor.py:830} INFO - Processing file /opt/airflow/dags/stock_prediction_dag.py for tasks to queue
[2026-02-07T15:06:55.035+0000] {logging_mixin.py:188} INFO - [2026-02-07T15:06:55.035+0000] {dagbag.py:545} INFO - Filling up the DagBag from /opt/airflow/dags/stock_prediction_dag.py
[2026-02-07T15:06:55.042+0000] {processor.py:840} INFO - DAG(s) 'stock_prediction_pipeline' retrieved from /opt/airflow/dags/stock_prediction_dag.py
[2026-02-07T15:06:55.060+0000] {logging_mixin.py:188} INFO - [2026-02-07T15:06:55.060+0000] {dag.py:3089} INFO - Sync 1 DAGs
[2026-02-07T15:06:55.072+0000] {logging_mixin.py:188} INFO - [2026-02-07T15:06:55.072+0000] {dag.py:3947} INFO - Setting next_dagrun for stock_prediction_pipeline to 2026-02-06 09:00:00+00:00, run_after=2026-02-09 09:00:00+00:00
[2026-02-07T15:06:55.081+0000] {processor.py:183} INFO - Processing /opt/airflow/dags/stock_prediction_dag.py took 0.056 seconds
[2026-02-07T15:07:25.224+0000] {processor.py:161} INFO - Started process (PID=432) to work on /opt/airflow/dags/stock_prediction_dag.py
[2026-02-07T15:07:25.225+0000] {processor.py:830} INFO - Processing file /opt/airflow/dags/stock_prediction_dag.py for tasks to queue
[2026-02-07T15:07:25.226+0000] {logging_mixin.py:188} INFO - [2026-02-07T15:07:25.226+0000] {dagbag.py:545} INFO - Filling up the DagBag from /opt/airflow/dags/stock_prediction_dag.py
[2026-02-07T15:07:25.232+0000] {processor.py:840} INFO - DAG(s) 'stock_prediction_pipeline' retrieved from /opt/airflow/dags/stock_prediction_dag.py
[2026-02-07T15:07:25.253+0000] {logging_mixin.py:188} INFO - [2026-02-07T15:07:25.253+0000] {dag.py:3089} INFO - Sync 1 DAGs
[2026-02-07T15:07:25.266+0000] {logging_mixin.py:188} INFO - [2026-02-07T15:07:25.266+0000] {dag.py:3947} INFO - Setting next_dagrun for stock_prediction_pipeline to 2026-02-06 09:00:00+00:00, run_after=2026-02-09 09:00:00+00:00
[2026-02-07T15:07:25.276+0000] {processor.py:183} INFO - Processing /opt/airflow/dags/stock_prediction_dag.py took 0.057 seconds
[2026-02-07T15:07:55.399+0000] {processor.py:161} INFO - Started process (PID=437) to work on /opt/airflow/dags/stock_prediction_dag.py
[2026-02-07T15:07:55.402+0000] {processor.py:830} INFO - Processing file /opt/airflow/dags/stock_prediction_dag.py for tasks to queue
[2026-02-07T15:07:55.403+0000] {logging_mixin.py:188} INFO - [2026-02-07T15:07:55.403+0000] {dagbag.py:545} INFO - Filling up the DagBag from /opt/airflow/dags/stock_prediction_dag.py
[2026-02-07T15:07:55.411+0000] {processor.py:840} INFO - DAG(s) 'stock_prediction_pipeline' retrieved from /opt/airflow/dags/stock_prediction_dag.py
[2026-02-07T15:07:55.430+0000] {logging_mixin.py:188} INFO - [2026-02-07T15:07:55.429+0000] {dag.py:3089} INFO - Sync 1 DAGs
[2026-02-07T15:07:55.442+0000] {logging_mixin.py:188} INFO - [2026-02-07T15:07:55.442+0000] {dag.py:3947} INFO - Setting next_dagrun for stock_prediction_pipeline to 2026-02-06 09:00:00+00:00, run_after=2026-02-09 09:00:00+00:00
[2026-02-07T15:07:55.452+0000] {processor.py:183} INFO - Processing /opt/airflow/dags/stock_prediction_dag.py took 0.061 seconds
[2026-02-07T15:08:25.586+0000] {processor.py:161} INFO - Started process (PID=442) to work on /opt/airflow/dags/stock_prediction_dag.py
[2026-02-07T15:08:25.587+0000] {processor.py:830} INFO - Processing file /opt/airflow/dags/stock_prediction_dag.py for tasks to queue
[2026-02-07T15:08:25.588+0000] {logging_mixin.py:188} INFO - [2026-02-07T15:08:25.587+0000] {dagbag.py:545} INFO - Filling up the DagBag from /opt/airflow/dags/stock_prediction_dag.py
[2026-02-07T15:08:25.595+0000] {processor.py:840} INFO - DAG(s) 'stock_prediction_pipeline' retrieved from /opt/airflow/dags/stock_prediction_dag.py
[2026-02-07T15:08:25.615+0000] {logging_mixin.py:188} INFO - [2026-02-07T15:08:25.615+0000] {dag.py:3089} INFO - Sync 1 DAGs
[2026-02-07T15:08:25.627+0000] {logging_mixin.py:188} INFO - [2026-02-07T15:08:25.627+0000] {dag.py:3947} INFO - Setting next_dagrun for stock_prediction_pipeline to 2026-02-06 09:00:00+00:00, run_after=2026-02-09 09:00:00+00:00
[2026-02-07T15:08:25.636+0000] {processor.py:183} INFO - Processing /opt/airflow/dags/stock_prediction_dag.py took 0.055 seconds
[2026-02-07T15:08:55.763+0000] {processor.py:161} INFO - Started process (PID=447) to work on /opt/airflow/dags/stock_prediction_dag.py
[2026-02-07T15:08:55.764+0000] {processor.py:830} INFO - Processing file /opt/airflow/dags/stock_prediction_dag.py for tasks to queue
[2026-02-07T15:08:55.765+0000] {logging_mixin.py:188} INFO - [2026-02-07T15:08:55.765+0000] {dagbag.py:545} INFO - Filling up the DagBag from /opt/airflow/dags/stock_prediction_dag.py
[2026-02-07T15:08:55.772+0000] {processor.py:840} INFO - DAG(s) 'stock_prediction_pipeline' retrieved from /opt/airflow/dags/stock_prediction_dag.py
[2026-02-07T15:08:55.795+0000] {logging_mixin.py:188} INFO - [2026-02-07T15:08:55.795+0000] {dag.py:3089} INFO - Sync 1 DAGs
[2026-02-07T15:08:55.807+0000] {logging_mixin.py:188} INFO - [2026-02-07T15:08:55.807+0000] {dag.py:3947} INFO - Setting next_dagrun for stock_prediction_pipeline to 2026-02-06 09:00:00+00:00, run_after=2026-02-09 09:00:00+00:00
[2026-02-07T15:08:55.817+0000] {processor.py:183} INFO - Processing /opt/airflow/dags/stock_prediction_dag.py took 0.060 seconds
[2026-02-07T15:09:25.945+0000] {processor.py:161} INFO - Started process (PID=452) to work on /opt/airflow/dags/stock_prediction_dag.py
[2026-02-07T15:09:25.946+0000] {processor.py:830} INFO - Processing file /opt/airflow/dags/stock_prediction_dag.py for tasks to queue
[2026-02-07T15:09:25.947+0000] {logging_mixin.py:188} INFO - [2026-02-07T15:09:25.947+0000] {dagbag.py:545} INFO - Filling up the DagBag from /opt/airflow/dags/stock_prediction_dag.py
[2026-02-07T15:09:25.954+0000] {processor.py:840} INFO - DAG(s) 'stock_prediction_pipeline' retrieved from /opt/airflow/dags/stock_prediction_dag.py
[2026-02-07T15:09:25.976+0000] {logging_mixin.py:188} INFO - [2026-02-07T15:09:25.976+0000] {dag.py:3089} INFO - Sync 1 DAGs
[2026-02-07T15:09:25.989+0000] {logging_mixin.py:188} INFO - [2026-02-07T15:09:25.989+0000] {dag.py:3947} INFO - Setting next_dagrun for stock_prediction_pipeline to 2026-02-06 09:00:00+00:00, run_after=2026-02-09 09:00:00+00:00
[2026-02-07T15:09:25.998+0000] {processor.py:183} INFO - Processing /opt/airflow/dags/stock_prediction_dag.py took 0.056 seconds
[2026-02-07T15:09:56.139+0000] {processor.py:161} INFO - Started process (PID=457) to work on /opt/airflow/dags/stock_prediction_dag.py
[2026-02-07T15:09:56.140+0000] {processor.py:830} INFO - Processing file /opt/airflow/dags/stock_prediction_dag.py for tasks to queue
[2026-02-07T15:09:56.141+0000] {logging_mixin.py:188} INFO - [2026-02-07T15:09:56.140+0000] {dagbag.py:545} INFO - Filling up the DagBag from /opt/airflow/dags/stock_prediction_dag.py
[2026-02-07T15:09:56.147+0000] {processor.py:840} INFO - DAG(s) 'stock_prediction_pipeline' retrieved from /opt/airflow/dags/stock_prediction_dag.py
[2026-02-07T15:09:56.168+0000] {logging_mixin.py:188} INFO - [2026-02-07T15:09:56.167+0000] {dag.py:3089} INFO - Sync 1 DAGs
[2026-02-07T15:09:56.186+0000] {logging_mixin.py:188} INFO - [2026-02-07T15:09:56.186+0000] {dag.py:3947} INFO - Setting next_dagrun for stock_prediction_pipeline to 2026-02-06 09:00:00+00:00, run_after=2026-02-09 09:00:00+00:00
[2026-02-07T15:09:56.198+0000] {processor.py:183} INFO - Processing /opt/airflow/dags/stock_prediction_dag.py took 0.063 seconds
[2026-02-07T15:10:26.307+0000] {processor.py:161} INFO - Started process (PID=462) to work on /opt/airflow/dags/stock_prediction_dag.py
[2026-02-07T15:10:26.308+0000] {processor.py:830} INFO - Processing file /opt/airflow/dags/stock_prediction_dag.py for tasks to queue
[2026-02-07T15:10:26.309+0000] {logging_mixin.py:188} INFO - [2026-02-07T15:10:26.309+0000] {dagbag.py:545} INFO - Filling up the DagBag from /opt/airflow/dags/stock_prediction_dag.py
[2026-02-07T15:10:26.316+0000] {processor.py:840} INFO - DAG(s) 'stock_prediction_pipeline' retrieved from /opt/airflow/dags/stock_prediction_dag.py
[2026-02-07T15:10:26.341+0000] {logging_mixin.py:188} INFO - [2026-02-07T15:10:26.341+0000] {dag.py:3089} INFO - Sync 1 DAGs
[2026-02-07T15:10:26.354+0000] {logging_mixin.py:188} INFO - [2026-02-07T15:10:26.353+0000] {dag.py:3947} INFO - Setting next_dagrun for stock_prediction_pipeline to 2026-02-06 09:00:00+00:00, run_after=2026-02-09 09:00:00+00:00
[2026-02-07T15:10:26.363+0000] {processor.py:183} INFO - Processing /opt/airflow/dags/stock_prediction_dag.py took 0.062 seconds
[2026-02-07T15:10:56.497+0000] {processor.py:161} INFO - Started process (PID=467) to work on /opt/airflow/dags/stock_prediction_dag.py
[2026-02-07T15:10:56.500+0000] {processor.py:830} INFO - Processing file /opt/airflow/dags/stock_prediction_dag.py for tasks to queue
[2026-02-07T15:10:56.501+0000] {logging_mixin.py:188} INFO - [2026-02-07T15:10:56.501+0000] {dagbag.py:545} INFO - Filling up the DagBag from /opt/airflow/dags/stock_prediction_dag.py
[2026-02-07T15:10:56.508+0000] {processor.py:840} INFO - DAG(s) 'stock_prediction_pipeline' retrieved from /opt/airflow/dags/stock_prediction_dag.py
[2026-02-07T15:10:56.528+0000] {logging_mixin.py:188} INFO - [2026-02-07T15:10:56.527+0000] {dag.py:3089} INFO - Sync 1 DAGs
[2026-02-07T15:10:56.540+0000] {logging_mixin.py:188} INFO - [2026-02-07T15:10:56.540+0000] {dag.py:3947} INFO - Setting next_dagrun for stock_prediction_pipeline to 2026-02-06 09:00:00+00:00, run_after=2026-02-09 09:00:00+00:00
[2026-02-07T15:10:56.549+0000] {processor.py:183} INFO - Processing /opt/airflow/dags/stock_prediction_dag.py took 0.055 seconds
[2026-02-07T15:11:26.682+0000] {processor.py:161} INFO - Started process (PID=472) to work on /opt/airflow/dags/stock_prediction_dag.py
[2026-02-07T15:11:26.683+0000] {processor.py:830} INFO - Processing file /opt/airflow/dags/stock_prediction_dag.py for tasks to queue
[2026-02-07T15:11:26.684+0000] {logging_mixin.py:188} INFO - [2026-02-07T15:11:26.684+0000] {dagbag.py:545} INFO - Filling up the DagBag from /opt/airflow/dags/stock_prediction_dag.py
[2026-02-07T15:11:26.691+0000] {processor.py:840} INFO - DAG(s) 'stock_prediction_pipeline' retrieved from /opt/airflow/dags/stock_prediction_dag.py
[2026-02-07T15:11:26.708+0000] {logging_mixin.py:188} INFO - [2026-02-07T15:11:26.708+0000] {dag.py:3089} INFO - Sync 1 DAGs
[2026-02-07T15:11:26.721+0000] {logging_mixin.py:188} INFO - [2026-02-07T15:11:26.721+0000] {dag.py:3947} INFO - Setting next_dagrun for stock_prediction_pipeline to 2026-02-06 09:00:00+00:00, run_after=2026-02-09 09:00:00+00:00
[2026-02-07T15:11:26.731+0000] {processor.py:183} INFO - Processing /opt/airflow/dags/stock_prediction_dag.py took 0.054 seconds
[2026-02-07T15:11:56.897+0000] {processor.py:161} INFO - Started process (PID=477) to work on /opt/airflow/dags/stock_prediction_dag.py
[2026-02-07T15:11:56.900+0000] {processor.py:830} INFO - Processing file /opt/airflow/dags/stock_prediction_dag.py for tasks to queue
[2026-02-07T15:11:56.901+0000] {logging_mixin.py:188} INFO - [2026-02-07T15:11:56.901+0000] {dagbag.py:545} INFO - Filling up the DagBag from /opt/airflow/dags/stock_prediction_dag.py
[2026-02-07T15:11:56.909+0000] {processor.py:840} INFO - DAG(s) 'stock_prediction_pipeline' retrieved from /opt/airflow/dags/stock_prediction_dag.py
[2026-02-07T15:11:56.932+0000] {logging_mixin.py:188} INFO - [2026-02-07T15:11:56.931+0000] {dag.py:3089} INFO - Sync 1 DAGs
[2026-02-07T15:11:56.943+0000] {logging_mixin.py:188} INFO - [2026-02-07T15:11:56.943+0000] {dag.py:3947} INFO - Setting next_dagrun for stock_prediction_pipeline to 2026-02-06 09:00:00+00:00, run_after=2026-02-09 09:00:00+00:00
[2026-02-07T15:11:56.951+0000] {processor.py:183} INFO - Processing /opt/airflow/dags/stock_prediction_dag.py took 0.060 seconds
[2026-02-07T15:12:27.132+0000] {processor.py:161} INFO - Started process (PID=482) to work on /opt/airflow/dags/stock_prediction_dag.py
[2026-02-07T15:12:27.132+0000] {processor.py:830} INFO - Processing file /opt/airflow/dags/stock_prediction_dag.py for tasks to queue
[2026-02-07T15:12:27.134+0000] {logging_mixin.py:188} INFO - [2026-02-07T15:12:27.133+0000] {dagbag.py:545} INFO - Filling up the DagBag from /opt/airflow/dags/stock_prediction_dag.py
[2026-02-07T15:12:27.140+0000] {processor.py:840} INFO - DAG(s) 'stock_prediction_pipeline' retrieved from /opt/airflow/dags/stock_prediction_dag.py
[2026-02-07T15:12:27.156+0000] {logging_mixin.py:188} INFO - [2026-02-07T15:12:27.156+0000] {dag.py:3089} INFO - Sync 1 DAGs
[2026-02-07T15:12:27.167+0000] {logging_mixin.py:188} INFO - [2026-02-07T15:12:27.167+0000] {dag.py:3947} INFO - Setting next_dagrun for stock_prediction_pipeline to 2026-02-06 09:00:00+00:00, run_after=2026-02-09 09:00:00+00:00
[2026-02-07T15:12:27.176+0000] {processor.py:183} INFO - Processing /opt/airflow/dags/stock_prediction_dag.py took 0.050 seconds
[2026-02-07T15:12:57.373+0000] {processor.py:161} INFO - Started process (PID=487) to work on /opt/airflow/dags/stock_prediction_dag.py
[2026-02-07T15:12:57.379+0000] {processor.py:830} INFO - Processing file /opt/airflow/dags/stock_prediction_dag.py for tasks to queue
[2026-02-07T15:12:57.380+0000] {logging_mixin.py:188} INFO - [2026-02-07T15:12:57.380+0000] {dagbag.py:545} INFO - Filling up the DagBag from /opt/airflow/dags/stock_prediction_dag.py
[2026-02-07T15:12:57.387+0000] {processor.py:840} INFO - DAG(s) 'stock_prediction_pipeline' retrieved from /opt/airflow/dags/stock_prediction_dag.py
[2026-02-07T15:12:57.402+0000] {logging_mixin.py:188} INFO - [2026-02-07T15:12:57.402+0000] {dag.py:3089} INFO - Sync 1 DAGs
[2026-02-07T15:12:57.413+0000] {logging_mixin.py:188} INFO - [2026-02-07T15:12:57.413+0000] {dag.py:3947} INFO - Setting next_dagrun for stock_prediction_pipeline to 2026-02-06 09:00:00+00:00, run_after=2026-02-09 09:00:00+00:00
[2026-02-07T15:12:57.421+0000] {processor.py:183} INFO - Processing /opt/airflow/dags/stock_prediction_dag.py took 0.053 seconds
[2026-02-07T15:13:27.616+0000] {processor.py:161} INFO - Started process (PID=492) to work on /opt/airflow/dags/stock_prediction_dag.py
[2026-02-07T15:13:27.616+0000] {processor.py:830} INFO - Processing file /opt/airflow/dags/stock_prediction_dag.py for tasks to queue
[2026-02-07T15:13:27.617+0000] {logging_mixin.py:188} INFO - [2026-02-07T15:13:27.617+0000] {dagbag.py:545} INFO - Filling up the DagBag from /opt/airflow/dags/stock_prediction_dag.py
[2026-02-07T15:13:27.623+0000] {processor.py:840} INFO - DAG(s) 'stock_prediction_pipeline' retrieved from /opt/airflow/dags/stock_prediction_dag.py
[2026-02-07T15:13:27.640+0000] {logging_mixin.py:188} INFO - [2026-02-07T15:13:27.639+0000] {dag.py:3089} INFO - Sync 1 DAGs
[2026-02-07T15:13:27.651+0000] {logging_mixin.py:188} INFO - [2026-02-07T15:13:27.651+0000] {dag.py:3947} INFO - Setting next_dagrun for stock_prediction_pipeline to 2026-02-06 09:00:00+00:00, run_after=2026-02-09 09:00:00+00:00
[2026-02-07T15:13:27.659+0000] {processor.py:183} INFO - Processing /opt/airflow/dags/stock_prediction_dag.py took 0.049 seconds
[2026-02-07T15:13:57.848+0000] {processor.py:161} INFO - Started process (PID=497) to work on /opt/airflow/dags/stock_prediction_dag.py
[2026-02-07T15:13:57.851+0000] {processor.py:830} INFO - Processing file /opt/airflow/dags/stock_prediction_dag.py for tasks to queue
[2026-02-07T15:13:57.853+0000] {logging_mixin.py:188} INFO - [2026-02-07T15:13:57.852+0000] {dagbag.py:545} INFO - Filling up the DagBag from /opt/airflow/dags/stock_prediction_dag.py
[2026-02-07T15:13:57.860+0000] {processor.py:840} INFO - DAG(s) 'stock_prediction_pipeline' retrieved from /opt/airflow/dags/stock_prediction_dag.py
[2026-02-07T15:13:57.875+0000] {logging_mixin.py:188} INFO - [2026-02-07T15:13:57.874+0000] {dag.py:3089} INFO - Sync 1 DAGs
[2026-02-07T15:13:57.885+0000] {logging_mixin.py:188} INFO - [2026-02-07T15:13:57.885+0000] {dag.py:3947} INFO - Setting next_dagrun for stock_prediction_pipeline to 2026-02-06 09:00:00+00:00, run_after=2026-02-09 09:00:00+00:00
[2026-02-07T15:13:57.897+0000] {processor.py:183} INFO - Processing /opt/airflow/dags/stock_prediction_dag.py took 0.056 seconds
[2026-02-07T15:14:28.070+0000] {processor.py:161} INFO - Started process (PID=502) to work on /opt/airflow/dags/stock_prediction_dag.py
[2026-02-07T15:14:28.071+0000] {processor.py:830} INFO - Processing file /opt/airflow/dags/stock_prediction_dag.py for tasks to queue
[2026-02-07T15:14:28.071+0000] {logging_mixin.py:188} INFO - [2026-02-07T15:14:28.071+0000] {dagbag.py:545} INFO - Filling up the DagBag from /opt/airflow/dags/stock_prediction_dag.py
[2026-02-07T15:14:28.078+0000] {processor.py:840} INFO - DAG(s) 'stock_prediction_pipeline' retrieved from /opt/airflow/dags/stock_prediction_dag.py
[2026-02-07T15:14:28.103+0000] {logging_mixin.py:188} INFO - [2026-02-07T15:14:28.103+0000] {dag.py:3089} INFO - Sync 1 DAGs
[2026-02-07T15:14:28.117+0000] {logging_mixin.py:188} INFO - [2026-02-07T15:14:28.117+0000] {dag.py:3947} INFO - Setting next_dagrun for stock_prediction_pipeline to 2026-02-06 09:00:00+00:00, run_after=2026-02-09 09:00:00+00:00
[2026-02-07T15:14:28.128+0000] {processor.py:183} INFO - Processing /opt/airflow/dags/stock_prediction_dag.py took 0.061 seconds
[2026-02-07T15:14:58.269+0000] {processor.py:161} INFO - Started process (PID=507) to work on /opt/airflow/dags/stock_prediction_dag.py
[2026-02-07T15:14:58.270+0000] {processor.py:830} INFO - Processing file /opt/airflow/dags/stock_prediction_dag.py for tasks to queue
[2026-02-07T15:14:58.271+0000] {logging_mixin.py:188} INFO - [2026-02-07T15:14:58.271+0000] {dagbag.py:545} INFO - Filling up the DagBag from /opt/airflow/dags/stock_prediction_dag.py
[2026-02-07T15:14:58.277+0000] {processor.py:840} INFO - DAG(s) 'stock_prediction_pipeline' retrieved from /opt/airflow/dags/stock_prediction_dag.py
[2026-02-07T15:14:58.302+0000] {logging_mixin.py:188} INFO - [2026-02-07T15:14:58.302+0000] {dag.py:3089} INFO - Sync 1 DAGs
[2026-02-07T15:14:58.318+0000] {logging_mixin.py:188} INFO - [2026-02-07T15:14:58.318+0000] {dag.py:3947} INFO - Setting next_dagrun for stock_prediction_pipeline to 2026-02-06 09:00:00+00:00, run_after=2026-02-09 09:00:00+00:00
[2026-02-07T15:14:58.327+0000] {processor.py:183} INFO - Processing /opt/airflow/dags/stock_prediction_dag.py took 0.062 seconds
[2026-02-07T15:15:28.457+0000] {processor.py:161} INFO - Started process (PID=512) to work on /opt/airflow/dags/stock_prediction_dag.py
[2026-02-07T15:15:28.457+0000] {processor.py:830} INFO - Processing file /opt/airflow/dags/stock_prediction_dag.py for tasks to queue
[2026-02-07T15:15:28.458+0000] {logging_mixin.py:188} INFO - [2026-02-07T15:15:28.458+0000] {dagbag.py:545} INFO - Filling up the DagBag from /opt/airflow/dags/stock_prediction_dag.py
[2026-02-07T15:15:28.465+0000] {processor.py:840} INFO - DAG(s) 'stock_prediction_pipeline' retrieved from /opt/airflow/dags/stock_prediction_dag.py
[2026-02-07T15:15:28.483+0000] {logging_mixin.py:188} INFO - [2026-02-07T15:15:28.483+0000] {dag.py:3089} INFO - Sync 1 DAGs
[2026-02-07T15:15:28.497+0000] {logging_mixin.py:188} INFO - [2026-02-07T15:15:28.496+0000] {dag.py:3947} INFO - Setting next_dagrun for stock_prediction_pipeline to 2026-02-06 09:00:00+00:00, run_after=2026-02-09 09:00:00+00:00
[2026-02-07T15:15:28.508+0000] {processor.py:183} INFO - Processing /opt/airflow/dags/stock_prediction_dag.py took 0.057 seconds
[2026-02-07T15:15:58.650+0000] {processor.py:161} INFO - Started process (PID=517) to work on /opt/airflow/dags/stock_prediction_dag.py
[2026-02-07T15:15:58.651+0000] {processor.py:830} INFO - Processing file /opt/airflow/dags/stock_prediction_dag.py for tasks to queue
[2026-02-07T15:15:58.652+0000] {logging_mixin.py:188} INFO - [2026-02-07T15:15:58.651+0000] {dagbag.py:545} INFO - Filling up the DagBag from /opt/airflow/dags/stock_prediction_dag.py
[2026-02-07T15:15:58.657+0000] {processor.py:840} INFO - DAG(s) 'stock_prediction_pipeline' retrieved from /opt/airflow/dags/stock_prediction_dag.py
[2026-02-07T15:15:58.673+0000] {logging_mixin.py:188} INFO - [2026-02-07T15:15:58.673+0000] {dag.py:3089} INFO - Sync 1 DAGs
[2026-02-07T15:15:58.685+0000] {logging_mixin.py:188} INFO - [2026-02-07T15:15:58.685+0000] {dag.py:3947} INFO - Setting next_dagrun for stock_prediction_pipeline to 2026-02-06 09:00:00+00:00, run_after=2026-02-09 09:00:00+00:00
[2026-02-07T15:15:58.693+0000] {processor.py:183} INFO - Processing /opt/airflow/dags/stock_prediction_dag.py took 0.048 seconds
[2026-02-07T15:16:28.845+0000] {processor.py:161} INFO - Started process (PID=522) to work on /opt/airflow/dags/stock_prediction_dag.py
[2026-02-07T15:16:28.846+0000] {processor.py:830} INFO - Processing file /opt/airflow/dags/stock_prediction_dag.py for tasks to queue
[2026-02-07T15:16:28.847+0000] {logging_mixin.py:188} INFO - [2026-02-07T15:16:28.847+0000] {dagbag.py:545} INFO - Filling up the DagBag from /opt/airflow/dags/stock_prediction_dag.py
[2026-02-07T15:16:28.854+0000] {processor.py:840} INFO - DAG(s) 'stock_prediction_pipeline' retrieved from /opt/airflow/dags/stock_prediction_dag.py
[2026-02-07T15:16:28.874+0000] {logging_mixin.py:188} INFO - [2026-02-07T15:16:28.874+0000] {dag.py:3089} INFO - Sync 1 DAGs
[2026-02-07T15:16:28.886+0000] {logging_mixin.py:188} INFO - [2026-02-07T15:16:28.886+0000] {dag.py:3947} INFO - Setting next_dagrun for stock_prediction_pipeline to 2026-02-06 09:00:00+00:00, run_after=2026-02-09 09:00:00+00:00
[2026-02-07T15:16:28.895+0000] {processor.py:183} INFO - Processing /opt/airflow/dags/stock_prediction_dag.py took 0.053 seconds
[2026-02-07T15:16:59.016+0000] {processor.py:161} INFO - Started process (PID=527) to work on /opt/airflow/dags/stock_prediction_dag.py
[2026-02-07T15:16:59.019+0000] {processor.py:830} INFO - Processing file /opt/airflow/dags/stock_prediction_dag.py for tasks to queue
[2026-02-07T15:16:59.022+0000] {logging_mixin.py:188} INFO - [2026-02-07T15:16:59.021+0000] {dagbag.py:545} INFO - Filling up the DagBag from /opt/airflow/dags/stock_prediction_dag.py
[2026-02-07T15:16:59.034+0000] {processor.py:840} INFO - DAG(s) 'stock_prediction_pipeline' retrieved from /opt/airflow/dags/stock_prediction_dag.py
[2026-02-07T15:16:59.057+0000] {logging_mixin.py:188} INFO - [2026-02-07T15:16:59.057+0000] {dag.py:3089} INFO - Sync 1 DAGs
[2026-02-07T15:16:59.071+0000] {logging_mixin.py:188} INFO - [2026-02-07T15:16:59.071+0000] {dag.py:3947} INFO - Setting next_dagrun for stock_prediction_pipeline to 2026-02-06 09:00:00+00:00, run_after=2026-02-09 09:00:00+00:00
[2026-02-07T15:16:59.081+0000] {processor.py:183} INFO - Processing /opt/airflow/dags/stock_prediction_dag.py took 0.072 seconds
[2026-02-07T15:17:29.212+0000] {processor.py:161} INFO - Started process (PID=532) to work on /opt/airflow/dags/stock_prediction_dag.py
[2026-02-07T15:17:29.212+0000] {processor.py:830} INFO - Processing file /opt/airflow/dags/stock_prediction_dag.py for tasks to queue
[2026-02-07T15:17:29.213+0000] {logging_mixin.py:188} INFO - [2026-02-07T15:17:29.213+0000] {dagbag.py:545} INFO - Filling up the DagBag from /opt/airflow/dags/stock_prediction_dag.py
[2026-02-07T15:17:29.219+0000] {processor.py:840} INFO - DAG(s) 'stock_prediction_pipeline' retrieved from /opt/airflow/dags/stock_prediction_dag.py
[2026-02-07T15:17:29.242+0000] {logging_mixin.py:188} INFO - [2026-02-07T15:17:29.242+0000] {dag.py:3089} INFO - Sync 1 DAGs
[2026-02-07T15:17:29.255+0000] {logging_mixin.py:188} INFO - [2026-02-07T15:17:29.255+0000] {dag.py:3947} INFO - Setting next_dagrun for stock_prediction_pipeline to 2026-02-06 09:00:00+00:00, run_after=2026-02-09 09:00:00+00:00
[2026-02-07T15:17:29.265+0000] {processor.py:183} INFO - Processing /opt/airflow/dags/stock_prediction_dag.py took 0.058 seconds
[2026-02-07T15:17:59.407+0000] {processor.py:161} INFO - Started process (PID=537) to work on /opt/airflow/dags/stock_prediction_dag.py
[2026-02-07T15:17:59.410+0000] {processor.py:830} INFO - Processing file /opt/airflow/dags/stock_prediction_dag.py for tasks to queue
[2026-02-07T15:17:59.411+0000] {logging_mixin.py:188} INFO - [2026-02-07T15:17:59.411+0000] {dagbag.py:545} INFO - Filling up the DagBag from /opt/airflow/dags/stock_prediction_dag.py
[2026-02-07T15:17:59.418+0000] {processor.py:840} INFO - DAG(s) 'stock_prediction_pipeline' retrieved from /opt/airflow/dags/stock_prediction_dag.py
[2026-02-07T15:17:59.437+0000] {logging_mixin.py:188} INFO - [2026-02-07T15:17:59.437+0000] {dag.py:3089} INFO - Sync 1 DAGs
[2026-02-07T15:17:59.449+0000] {logging_mixin.py:188} INFO - [2026-02-07T15:17:59.449+0000] {dag.py:3947} INFO - Setting next_dagrun for stock_prediction_pipeline to 2026-02-06 09:00:00+00:00, run_after=2026-02-09 09:00:00+00:00
[2026-02-07T15:17:59.458+0000] {processor.py:183} INFO - Processing /opt/airflow/dags/stock_prediction_dag.py took 0.057 seconds
[2026-02-07T15:18:29.584+0000] {processor.py:161} INFO - Started process (PID=542) to work on /opt/airflow/dags/stock_prediction_dag.py
[2026-02-07T15:18:29.585+0000] {processor.py:830} INFO - Processing file /opt/airflow/dags/stock_prediction_dag.py for tasks to queue
[2026-02-07T15:18:29.586+0000] {logging_mixin.py:188} INFO - [2026-02-07T15:18:29.586+0000] {dagbag.py:545} INFO - Filling up the DagBag from /opt/airflow/dags/stock_prediction_dag.py
[2026-02-07T15:18:29.594+0000] {processor.py:840} INFO - DAG(s) 'stock_prediction_pipeline' retrieved from /opt/airflow/dags/stock_prediction_dag.py
[2026-02-07T15:18:29.616+0000] {logging_mixin.py:188} INFO - [2026-02-07T15:18:29.616+0000] {dag.py:3089} INFO - Sync 1 DAGs
[2026-02-07T15:18:29.629+0000] {logging_mixin.py:188} INFO - [2026-02-07T15:18:29.629+0000] {dag.py:3947} INFO - Setting next_dagrun for stock_prediction_pipeline to 2026-02-06 09:00:00+00:00, run_after=2026-02-09 09:00:00+00:00
[2026-02-07T15:18:29.640+0000] {processor.py:183} INFO - Processing /opt/airflow/dags/stock_prediction_dag.py took 0.064 seconds
[2026-02-07T15:18:59.771+0000] {processor.py:161} INFO - Started process (PID=547) to work on /opt/airflow/dags/stock_prediction_dag.py
[2026-02-07T15:18:59.774+0000] {processor.py:830} INFO - Processing file /opt/airflow/dags/stock_prediction_dag.py for tasks to queue
[2026-02-07T15:18:59.776+0000] {logging_mixin.py:188} INFO - [2026-02-07T15:18:59.775+0000] {dagbag.py:545} INFO - Filling up the DagBag from /opt/airflow/dags/stock_prediction_dag.py
[2026-02-07T15:18:59.783+0000] {processor.py:840} INFO - DAG(s) 'stock_prediction_pipeline' retrieved from /opt/airflow/dags/stock_prediction_dag.py
[2026-02-07T15:18:59.802+0000] {logging_mixin.py:188} INFO - [2026-02-07T15:18:59.802+0000] {dag.py:3089} INFO - Sync 1 DAGs
[2026-02-07T15:18:59.815+0000] {logging_mixin.py:188} INFO - [2026-02-07T15:18:59.814+0000] {dag.py:3947} INFO - Setting next_dagrun for stock_prediction_pipeline to 2026-02-06 09:00:00+00:00, run_after=2026-02-09 09:00:00+00:00
[2026-02-07T15:18:59.824+0000] {processor.py:183} INFO - Processing /opt/airflow/dags/stock_prediction_dag.py took 0.058 seconds
[2026-02-07T15:19:30.009+0000] {processor.py:161} INFO - Started process (PID=552) to work on /opt/airflow/dags/stock_prediction_dag.py
[2026-02-07T15:19:30.009+0000] {processor.py:830} INFO - Processing file /opt/airflow/dags/stock_prediction_dag.py for tasks to queue
[2026-02-07T15:19:30.010+0000] {logging_mixin.py:188} INFO - [2026-02-07T15:19:30.010+0000] {dagbag.py:545} INFO - Filling up the DagBag from /opt/airflow/dags/stock_prediction_dag.py
[2026-02-07T15:19:30.017+0000] {processor.py:840} INFO - DAG(s) 'stock_prediction_pipeline' retrieved from /opt/airflow/dags/stock_prediction_dag.py
[2026-02-07T15:19:30.036+0000] {logging_mixin.py:188} INFO - [2026-02-07T15:19:30.036+0000] {dag.py:3089} INFO - Sync 1 DAGs
[2026-02-07T15:19:30.048+0000] {logging_mixin.py:188} INFO - [2026-02-07T15:19:30.048+0000] {dag.py:3947} INFO - Setting next_dagrun for stock_prediction_pipeline to 2026-02-06 09:00:00+00:00, run_after=2026-02-09 09:00:00+00:00
[2026-02-07T15:19:30.056+0000] {processor.py:183} INFO - Processing /opt/airflow/dags/stock_prediction_dag.py took 0.053 seconds
[2026-02-07T15:20:00.257+0000] {processor.py:161} INFO - Started process (PID=557) to work on /opt/airflow/dags/stock_prediction_dag.py
[2026-02-07T15:20:00.260+0000] {processor.py:830} INFO - Processing file /opt/airflow/dags/stock_prediction_dag.py for tasks to queue
[2026-02-07T15:20:00.261+0000] {logging_mixin.py:188} INFO - [2026-02-07T15:20:00.261+0000] {dagbag.py:545} INFO - Filling up the DagBag from /opt/airflow/dags/stock_prediction_dag.py
[2026-02-07T15:20:00.267+0000] {processor.py:840} INFO - DAG(s) 'stock_prediction_pipeline' retrieved from /opt/airflow/dags/stock_prediction_dag.py
[2026-02-07T15:20:00.291+0000] {logging_mixin.py:188} INFO - [2026-02-07T15:20:00.290+0000] {dag.py:3089} INFO - Sync 1 DAGs
[2026-02-07T15:20:00.310+0000] {logging_mixin.py:188} INFO - [2026-02-07T15:20:00.309+0000] {dag.py:3947} INFO - Setting next_dagrun for stock_prediction_pipeline to 2026-02-06 09:00:00+00:00, run_after=2026-02-09 09:00:00+00:00
[2026-02-07T15:20:00.318+0000] {processor.py:183} INFO - Processing /opt/airflow/dags/stock_prediction_dag.py took 0.064 seconds
[2026-02-07T15:20:30.481+0000] {processor.py:161} INFO - Started process (PID=562) to work on /opt/airflow/dags/stock_prediction_dag.py
[2026-02-07T15:20:30.482+0000] {processor.py:830} INFO - Processing file /opt/airflow/dags/stock_prediction_dag.py for tasks to queue
[2026-02-07T15:20:30.483+0000] {logging_mixin.py:188} INFO - [2026-02-07T15:20:30.483+0000] {dagbag.py:545} INFO - Filling up the DagBag from /opt/airflow/dags/stock_prediction_dag.py
[2026-02-07T15:20:30.492+0000] {processor.py:840} INFO - DAG(s) 'stock_prediction_pipeline' retrieved from /opt/airflow/dags/stock_prediction_dag.py
[2026-02-07T15:20:30.514+0000] {logging_mixin.py:188} INFO - [2026-02-07T15:20:30.514+0000] {dag.py:3089} INFO - Sync 1 DAGs
[2026-02-07T15:20:30.527+0000] {logging_mixin.py:188} INFO - [2026-02-07T15:20:30.527+0000] {dag.py:3947} INFO - Setting next_dagrun for stock_prediction_pipeline to 2026-02-06 09:00:00+00:00, run_after=2026-02-09 09:00:00+00:00
[2026-02-07T15:20:30.539+0000] {processor.py:183} INFO - Processing /opt/airflow/dags/stock_prediction_dag.py took 0.062 seconds
[2026-02-07T15:21:00.739+0000] {processor.py:161} INFO - Started process (PID=567) to work on /opt/airflow/dags/stock_prediction_dag.py
[2026-02-07T15:21:00.742+0000] {processor.py:830} INFO - Processing file /opt/airflow/dags/stock_prediction_dag.py for tasks to queue
[2026-02-07T15:21:00.743+0000] {logging_mixin.py:188} INFO - [2026-02-07T15:21:00.743+0000] {dagbag.py:545} INFO - Filling up the DagBag from /opt/airflow/dags/stock_prediction_dag.py
[2026-02-07T15:21:00.750+0000] {processor.py:840} INFO - DAG(s) 'stock_prediction_pipeline' retrieved from /opt/airflow/dags/stock_prediction_dag.py
[2026-02-07T15:21:00.768+0000] {logging_mixin.py:188} INFO - [2026-02-07T15:21:00.768+0000] {dag.py:3089} INFO - Sync 1 DAGs
[2026-02-07T15:21:00.779+0000] {logging_mixin.py:188} INFO - [2026-02-07T15:21:00.778+0000] {dag.py:3947} INFO - Setting next_dagrun for stock_prediction_pipeline to 2026-02-06 09:00:00+00:00, run_after=2026-02-09 09:00:00+00:00
[2026-02-07T15:21:00.787+0000] {processor.py:183} INFO - Processing /opt/airflow/dags/stock_prediction_dag.py took 0.053 seconds
[2026-02-07T15:21:30.971+0000] {processor.py:161} INFO - Started process (PID=572) to work on /opt/airflow/dags/stock_prediction_dag.py
[2026-02-07T15:21:30.972+0000] {processor.py:830} INFO - Processing file /opt/airflow/dags/stock_prediction_dag.py for tasks to queue
[2026-02-07T15:21:30.973+0000] {logging_mixin.py:188} INFO - [2026-02-07T15:21:30.973+0000] {dagbag.py:545} INFO - Filling up the DagBag from /opt/airflow/dags/stock_prediction_dag.py
[2026-02-07T15:21:30.980+0000] {processor.py:840} INFO - DAG(s) 'stock_prediction_pipeline' retrieved from /opt/airflow/dags/stock_prediction_dag.py
[2026-02-07T15:21:30.997+0000] {logging_mixin.py:188} INFO - [2026-02-07T15:21:30.997+0000] {dag.py:3089} INFO - Sync 1 DAGs
[2026-02-07T15:21:31.009+0000] {logging_mixin.py:188} INFO - [2026-02-07T15:21:31.009+0000] {dag.py:3947} INFO - Setting next_dagrun for stock_prediction_pipeline to 2026-02-06 09:00:00+00:00, run_after=2026-02-09 09:00:00+00:00
[2026-02-07T15:21:31.017+0000] {processor.py:183} INFO - Processing /opt/airflow/dags/stock_prediction_dag.py took 0.052 seconds
[2026-02-07T15:22:01.213+0000] {processor.py:161} INFO - Started process (PID=577) to work on /opt/airflow/dags/stock_prediction_dag.py
[2026-02-07T15:22:01.216+0000] {processor.py:830} INFO - Processing file /opt/airflow/dags/stock_prediction_dag.py for tasks to queue
[2026-02-07T15:22:01.218+0000] {logging_mixin.py:188} INFO - [2026-02-07T15:22:01.217+0000] {dagbag.py:545} INFO - Filling up the DagBag from /opt/airflow/dags/stock_prediction_dag.py
[2026-02-07T15:22:01.225+0000] {processor.py:840} INFO - DAG(s) 'stock_prediction_pipeline' retrieved from /opt/airflow/dags/stock_prediction_dag.py
[2026-02-07T15:22:01.243+0000] {logging_mixin.py:188} INFO - [2026-02-07T15:22:01.243+0000] {dag.py:3089} INFO - Sync 1 DAGs
[2026-02-07T15:22:01.256+0000] {logging_mixin.py:188} INFO - [2026-02-07T15:22:01.256+0000] {dag.py:3947} INFO - Setting next_dagrun for stock_prediction_pipeline to 2026-02-06 09:00:00+00:00, run_after=2026-02-09 09:00:00+00:00
[2026-02-07T15:22:01.267+0000] {processor.py:183} INFO - Processing /opt/airflow/dags/stock_prediction_dag.py took 0.057 seconds
