[2026-02-24T09:00:02.018+0000] {local_task_job_runner.py:120} INFO - ::group::Pre task execution logs
[2026-02-24T09:00:02.036+0000] {taskinstance.py:2076} INFO - Dependencies all met for dep_context=non-requeueable deps ti=<TaskInstance: stock_prediction_pipeline.fetch_stock_data scheduled__2026-02-23T09:00:00+00:00 [queued]>
[2026-02-24T09:00:02.040+0000] {taskinstance.py:2076} INFO - Dependencies all met for dep_context=requeueable deps ti=<TaskInstance: stock_prediction_pipeline.fetch_stock_data scheduled__2026-02-23T09:00:00+00:00 [queued]>
[2026-02-24T09:00:02.040+0000] {taskinstance.py:2306} INFO - Starting attempt 1 of 2
[2026-02-24T09:00:02.048+0000] {taskinstance.py:2330} INFO - Executing <Task(PythonOperator): fetch_stock_data> on 2026-02-23 09:00:00+00:00
[2026-02-24T09:00:02.051+0000] {standard_task_runner.py:64} INFO - Started process 2293 to run task
[2026-02-24T09:00:02.053+0000] {standard_task_runner.py:90} INFO - Running: ['airflow', 'tasks', 'run', 'stock_prediction_pipeline', 'fetch_stock_data', 'scheduled__2026-02-23T09:00:00+00:00', '--job-id', '155', '--raw', '--subdir', 'DAGS_FOLDER/stock_prediction_dag.py', '--cfg-path', '/tmp/tmpzoi0_l44']
[2026-02-24T09:00:02.054+0000] {standard_task_runner.py:91} INFO - Job 155: Subtask fetch_stock_data
[2026-02-24T09:00:02.085+0000] {task_command.py:426} INFO - Running <TaskInstance: stock_prediction_pipeline.fetch_stock_data scheduled__2026-02-23T09:00:00+00:00 [running]> on host 30664b90b963
[2026-02-24T09:00:02.156+0000] {taskinstance.py:2648} INFO - Exporting env vars: AIRFLOW_CTX_DAG_OWNER='airflow' AIRFLOW_CTX_DAG_ID='stock_prediction_pipeline' AIRFLOW_CTX_TASK_ID='fetch_stock_data' AIRFLOW_CTX_EXECUTION_DATE='2026-02-23T09:00:00+00:00' AIRFLOW_CTX_TRY_NUMBER='1' AIRFLOW_CTX_DAG_RUN_ID='scheduled__2026-02-23T09:00:00+00:00'
[2026-02-24T09:00:02.157+0000] {taskinstance.py:430} INFO - ::endgroup::
[2026-02-24T09:00:03.704+0000] {logging_mixin.py:188} INFO - Fetched 20 records for AAPL
[2026-02-24T09:00:03.811+0000] {logging_mixin.py:188} INFO - Fetched 20 records for GOOGL
[2026-02-24T09:00:03.915+0000] {logging_mixin.py:188} INFO - Fetched 20 records for MSFT
[2026-02-24T09:00:04.000+0000] {logging_mixin.py:188} INFO - Fetched 20 records for AMZN
[2026-02-24T09:00:04.089+0000] {logging_mixin.py:188} INFO - Fetched 20 records for TSLA
[2026-02-24T09:00:04.089+0000] {python.py:237} INFO - Done. Returned value was: {'AAPL': {'latest_close': 266.17999267578125, 'records': 20}, 'GOOGL': {'latest_close': 311.489990234375, 'records': 20}, 'MSFT': {'latest_close': 384.4700012207031, 'records': 20}, 'AMZN': {'latest_close': 205.27000427246094, 'records': 20}, 'TSLA': {'latest_close': 399.8299865722656, 'records': 20}}
[2026-02-24T09:00:04.089+0000] {taskinstance.py:441} INFO - ::group::Post task execution logs
[2026-02-24T09:00:04.117+0000] {taskinstance.py:1206} INFO - Marking task as SUCCESS. dag_id=stock_prediction_pipeline, task_id=fetch_stock_data, run_id=scheduled__2026-02-23T09:00:00+00:00, execution_date=20260223T090000, start_date=20260224T090002, end_date=20260224T090004
[2026-02-24T09:00:04.152+0000] {local_task_job_runner.py:243} INFO - Task exited with return code 0
[2026-02-24T09:00:04.187+0000] {taskinstance.py:3503} INFO - 1 downstream tasks scheduled from follow-on schedule check
[2026-02-24T09:00:04.189+0000] {local_task_job_runner.py:222} INFO - ::endgroup::
