[2026-01-30T07:35:36.782+0000] {local_task_job_runner.py:120} INFO - ::group::Pre task execution logs
[2026-01-30T07:35:36.825+0000] {taskinstance.py:2076} INFO - Dependencies all met for dep_context=non-requeueable deps ti=<TaskInstance: stock_prediction_pipeline.fetch_stock_data scheduled__2026-01-28T09:00:00+00:00 [queued]>
[2026-01-30T07:35:36.840+0000] {taskinstance.py:2076} INFO - Dependencies all met for dep_context=requeueable deps ti=<TaskInstance: stock_prediction_pipeline.fetch_stock_data scheduled__2026-01-28T09:00:00+00:00 [queued]>
[2026-01-30T07:35:36.841+0000] {taskinstance.py:2306} INFO - Starting attempt 2 of 2
[2026-01-30T07:35:36.864+0000] {taskinstance.py:2330} INFO - Executing <Task(PythonOperator): fetch_stock_data> on 2026-01-28 09:00:00+00:00
[2026-01-30T07:35:36.873+0000] {standard_task_runner.py:64} INFO - Started process 1162 to run task
[2026-01-30T07:35:36.880+0000] {standard_task_runner.py:90} INFO - Running: ['airflow', 'tasks', 'run', 'stock_prediction_pipeline', 'fetch_stock_data', 'scheduled__2026-01-28T09:00:00+00:00', '--job-id', '43', '--raw', '--subdir', 'DAGS_FOLDER/stock_prediction_dag.py', '--cfg-path', '/tmp/tmplm6hhh5k']
[2026-01-30T07:35:36.883+0000] {standard_task_runner.py:91} INFO - Job 43: Subtask fetch_stock_data
[2026-01-30T07:35:36.982+0000] {task_command.py:426} INFO - Running <TaskInstance: stock_prediction_pipeline.fetch_stock_data scheduled__2026-01-28T09:00:00+00:00 [running]> on host 4f5404636a5b
[2026-01-30T07:35:37.148+0000] {taskinstance.py:2648} INFO - Exporting env vars: AIRFLOW_CTX_DAG_OWNER='airflow' AIRFLOW_CTX_DAG_ID='stock_prediction_pipeline' AIRFLOW_CTX_TASK_ID='fetch_stock_data' AIRFLOW_CTX_EXECUTION_DATE='2026-01-28T09:00:00+00:00' AIRFLOW_CTX_TRY_NUMBER='2' AIRFLOW_CTX_DAG_RUN_ID='scheduled__2026-01-28T09:00:00+00:00'
[2026-01-30T07:35:37.150+0000] {taskinstance.py:430} INFO - ::endgroup::
[2026-01-30T07:35:37.168+0000] {taskinstance.py:441} INFO - ::group::Post task execution logs
[2026-01-30T07:35:37.168+0000] {taskinstance.py:2905} ERROR - Task failed with exception
Traceback (most recent call last):
  File "/home/airflow/.local/lib/python3.10/site-packages/airflow/models/taskinstance.py", line 465, in _execute_task
    result = _execute_callable(context=context, **execute_callable_kwargs)
  File "/home/airflow/.local/lib/python3.10/site-packages/airflow/models/taskinstance.py", line 432, in _execute_callable
    return execute_callable(context=context, **execute_callable_kwargs)
  File "/home/airflow/.local/lib/python3.10/site-packages/airflow/models/baseoperator.py", line 401, in wrapper
    return func(self, *args, **kwargs)
  File "/home/airflow/.local/lib/python3.10/site-packages/airflow/operators/python.py", line 235, in execute
    return_value = self.execute_callable()
  File "/home/airflow/.local/lib/python3.10/site-packages/airflow/operators/python.py", line 252, in execute_callable
    return self.python_callable(*self.op_args, **self.op_kwargs)
  File "/opt/airflow/dags/stock_prediction_dag.py", line 24, in fetch_stock_data
    import yfinance as yf
ModuleNotFoundError: No module named 'yfinance'
[2026-01-30T07:35:37.184+0000] {taskinstance.py:1206} INFO - Marking task as FAILED. dag_id=stock_prediction_pipeline, task_id=fetch_stock_data, run_id=scheduled__2026-01-28T09:00:00+00:00, execution_date=20260128T090000, start_date=20260130T073536, end_date=20260130T073537
[2026-01-30T07:35:37.203+0000] {standard_task_runner.py:110} ERROR - Failed to execute job 43 for task fetch_stock_data (No module named 'yfinance'; 1162)
[2026-01-30T07:35:37.251+0000] {local_task_job_runner.py:243} INFO - Task exited with return code 1
[2026-01-30T07:35:37.293+0000] {taskinstance.py:3503} INFO - 0 downstream tasks scheduled from follow-on schedule check
[2026-01-30T07:35:37.299+0000] {local_task_job_runner.py:222} INFO - ::endgroup::
