[2026-02-02T09:00:01.309+0000] {local_task_job_runner.py:120} INFO - ::group::Pre task execution logs
[2026-02-02T09:00:01.326+0000] {taskinstance.py:2076} INFO - Dependencies all met for dep_context=non-requeueable deps ti=<TaskInstance: stock_prediction_pipeline.fetch_stock_data scheduled__2026-01-30T09:00:00+00:00 [queued]>
[2026-02-02T09:00:01.331+0000] {taskinstance.py:2076} INFO - Dependencies all met for dep_context=requeueable deps ti=<TaskInstance: stock_prediction_pipeline.fetch_stock_data scheduled__2026-01-30T09:00:00+00:00 [queued]>
[2026-02-02T09:00:01.331+0000] {taskinstance.py:2306} INFO - Starting attempt 1 of 2
[2026-02-02T09:00:01.338+0000] {taskinstance.py:2330} INFO - Executing <Task(PythonOperator): fetch_stock_data> on 2026-01-30 09:00:00+00:00
[2026-02-02T09:00:01.341+0000] {standard_task_runner.py:64} INFO - Started process 2273 to run task
[2026-02-02T09:00:01.343+0000] {standard_task_runner.py:90} INFO - Running: ['airflow', 'tasks', 'run', 'stock_prediction_pipeline', 'fetch_stock_data', 'scheduled__2026-01-30T09:00:00+00:00', '--job-id', '52', '--raw', '--subdir', 'DAGS_FOLDER/stock_prediction_dag.py', '--cfg-path', '/tmp/tmp8nxqzp_d']
[2026-02-02T09:00:01.345+0000] {standard_task_runner.py:91} INFO - Job 52: Subtask fetch_stock_data
[2026-02-02T09:00:01.382+0000] {task_command.py:426} INFO - Running <TaskInstance: stock_prediction_pipeline.fetch_stock_data scheduled__2026-01-30T09:00:00+00:00 [running]> on host 30664b90b963
[2026-02-02T09:00:01.446+0000] {taskinstance.py:2648} INFO - Exporting env vars: AIRFLOW_CTX_DAG_OWNER='airflow' AIRFLOW_CTX_DAG_ID='stock_prediction_pipeline' AIRFLOW_CTX_TASK_ID='fetch_stock_data' AIRFLOW_CTX_EXECUTION_DATE='2026-01-30T09:00:00+00:00' AIRFLOW_CTX_TRY_NUMBER='1' AIRFLOW_CTX_DAG_RUN_ID='scheduled__2026-01-30T09:00:00+00:00'
[2026-02-02T09:00:01.446+0000] {taskinstance.py:430} INFO - ::endgroup::
[2026-02-02T09:00:02.751+0000] {logging_mixin.py:188} INFO - Fetched 19 records for AAPL
[2026-02-02T09:00:02.983+0000] {logging_mixin.py:188} INFO - Fetched 19 records for GOOGL
[2026-02-02T09:00:03.429+0000] {logging_mixin.py:188} INFO - Fetched 19 records for MSFT
[2026-02-02T09:00:03.661+0000] {logging_mixin.py:188} INFO - Fetched 19 records for AMZN
[2026-02-02T09:00:03.960+0000] {logging_mixin.py:188} INFO - Fetched 19 records for TSLA
[2026-02-02T09:00:03.960+0000] {python.py:237} INFO - Done. Returned value was: {'AAPL': {'latest_close': 259.4800109863281, 'records': 19}, 'GOOGL': {'latest_close': 338.0, 'records': 19}, 'MSFT': {'latest_close': 430.2900085449219, 'records': 19}, 'AMZN': {'latest_close': 239.3000030517578, 'records': 19}, 'TSLA': {'latest_close': 430.4100036621094, 'records': 19}}
[2026-02-02T09:00:03.960+0000] {taskinstance.py:441} INFO - ::group::Post task execution logs
[2026-02-02T09:00:03.980+0000] {taskinstance.py:1206} INFO - Marking task as SUCCESS. dag_id=stock_prediction_pipeline, task_id=fetch_stock_data, run_id=scheduled__2026-01-30T09:00:00+00:00, execution_date=20260130T090000, start_date=20260202T090001, end_date=20260202T090003
[2026-02-02T09:00:04.010+0000] {local_task_job_runner.py:243} INFO - Task exited with return code 0
[2026-02-02T09:00:04.036+0000] {taskinstance.py:3503} INFO - 1 downstream tasks scheduled from follow-on schedule check
[2026-02-02T09:00:04.038+0000] {local_task_job_runner.py:222} INFO - ::endgroup::
