[2026-02-13T09:15:01.611+0000] {local_task_job_runner.py:120} INFO - ::group::Pre task execution logs
[2026-02-13T09:15:01.638+0000] {taskinstance.py:2076} INFO - Dependencies all met for dep_context=non-requeueable deps ti=<TaskInstance: stock_prediction_pipeline.send_notification scheduled__2026-02-12T09:00:00+00:00 [queued]>
[2026-02-13T09:15:01.645+0000] {taskinstance.py:2076} INFO - Dependencies all met for dep_context=requeueable deps ti=<TaskInstance: stock_prediction_pipeline.send_notification scheduled__2026-02-12T09:00:00+00:00 [queued]>
[2026-02-13T09:15:01.646+0000] {taskinstance.py:2306} INFO - Starting attempt 1 of 2
[2026-02-13T09:15:01.660+0000] {taskinstance.py:2330} INFO - Executing <Task(PythonOperator): send_notification> on 2026-02-12 09:00:00+00:00
[2026-02-13T09:15:01.664+0000] {standard_task_runner.py:64} INFO - Started process 222 to run task
[2026-02-13T09:15:01.666+0000] {standard_task_runner.py:90} INFO - Running: ['airflow', 'tasks', 'run', 'stock_prediction_pipeline', 'send_notification', 'scheduled__2026-02-12T09:00:00+00:00', '--job-id', '113', '--raw', '--subdir', 'DAGS_FOLDER/stock_prediction_dag.py', '--cfg-path', '/tmp/tmpjanv5u9_']
[2026-02-13T09:15:01.667+0000] {standard_task_runner.py:91} INFO - Job 113: Subtask send_notification
[2026-02-13T09:15:01.706+0000] {task_command.py:426} INFO - Running <TaskInstance: stock_prediction_pipeline.send_notification scheduled__2026-02-12T09:00:00+00:00 [running]> on host 30664b90b963
[2026-02-13T09:15:01.762+0000] {taskinstance.py:2648} INFO - Exporting env vars: AIRFLOW_CTX_DAG_OWNER='airflow' AIRFLOW_CTX_DAG_ID='stock_prediction_pipeline' AIRFLOW_CTX_TASK_ID='send_notification' AIRFLOW_CTX_EXECUTION_DATE='2026-02-12T09:00:00+00:00' AIRFLOW_CTX_TRY_NUMBER='1' AIRFLOW_CTX_DAG_RUN_ID='scheduled__2026-02-12T09:00:00+00:00'
[2026-02-13T09:15:01.763+0000] {taskinstance.py:430} INFO - ::endgroup::
[2026-02-13T09:15:01.777+0000] {logging_mixin.py:188} INFO - Pipeline completed successfully!
[2026-02-13T09:15:01.781+0000] {logging_mixin.py:188} WARNING - /home/airflow/.local/lib/python3.10/site-packages/airflow/utils/context.py:320 AirflowContextDeprecationWarning: Accessing 'execution_date' from the template is deprecated and will be removed in a future version. Please use 'data_interval_start' or 'logical_date' instead.
[2026-02-13T09:15:01.782+0000] {logging_mixin.py:188} INFO - Execution time: 2026-02-12 09:00:00+00:00
[2026-02-13T09:15:01.782+0000] {python.py:237} INFO - Done. Returned value was: None
[2026-02-13T09:15:01.782+0000] {taskinstance.py:441} INFO - ::group::Post task execution logs
[2026-02-13T09:15:01.791+0000] {taskinstance.py:1206} INFO - Marking task as SUCCESS. dag_id=stock_prediction_pipeline, task_id=send_notification, run_id=scheduled__2026-02-12T09:00:00+00:00, execution_date=20260212T090000, start_date=20260213T091501, end_date=20260213T091501
[2026-02-13T09:15:01.837+0000] {local_task_job_runner.py:243} INFO - Task exited with return code 0
[2026-02-13T09:15:01.852+0000] {taskinstance.py:3503} INFO - 0 downstream tasks scheduled from follow-on schedule check
[2026-02-13T09:15:01.853+0000] {local_task_job_runner.py:222} INFO - ::endgroup::
