[2026-02-06T14:26:01.546+0000] {local_task_job_runner.py:120} INFO - ::group::Pre task execution logs
[2026-02-06T14:26:01.580+0000] {taskinstance.py:2076} INFO - Dependencies all met for dep_context=non-requeueable deps ti=<TaskInstance: stock_prediction_pipeline.fetch_stock_data scheduled__2026-02-05T09:00:00+00:00 [queued]>
[2026-02-06T14:26:01.591+0000] {taskinstance.py:2076} INFO - Dependencies all met for dep_context=requeueable deps ti=<TaskInstance: stock_prediction_pipeline.fetch_stock_data scheduled__2026-02-05T09:00:00+00:00 [queued]>
[2026-02-06T14:26:01.591+0000] {taskinstance.py:2306} INFO - Starting attempt 1 of 2
[2026-02-06T14:26:01.605+0000] {taskinstance.py:2330} INFO - Executing <Task(PythonOperator): fetch_stock_data> on 2026-02-05 09:00:00+00:00
[2026-02-06T14:26:01.611+0000] {standard_task_runner.py:64} INFO - Started process 213 to run task
[2026-02-06T14:26:01.615+0000] {standard_task_runner.py:90} INFO - Running: ['airflow', 'tasks', 'run', 'stock_prediction_pipeline', 'fetch_stock_data', 'scheduled__2026-02-05T09:00:00+00:00', '--job-id', '76', '--raw', '--subdir', 'DAGS_FOLDER/stock_prediction_dag.py', '--cfg-path', '/tmp/tmpd7ni_82w']
[2026-02-06T14:26:01.617+0000] {standard_task_runner.py:91} INFO - Job 76: Subtask fetch_stock_data
[2026-02-06T14:26:01.688+0000] {task_command.py:426} INFO - Running <TaskInstance: stock_prediction_pipeline.fetch_stock_data scheduled__2026-02-05T09:00:00+00:00 [running]> on host 30664b90b963
[2026-02-06T14:26:01.805+0000] {taskinstance.py:2648} INFO - Exporting env vars: AIRFLOW_CTX_DAG_OWNER='airflow' AIRFLOW_CTX_DAG_ID='stock_prediction_pipeline' AIRFLOW_CTX_TASK_ID='fetch_stock_data' AIRFLOW_CTX_EXECUTION_DATE='2026-02-05T09:00:00+00:00' AIRFLOW_CTX_TRY_NUMBER='1' AIRFLOW_CTX_DAG_RUN_ID='scheduled__2026-02-05T09:00:00+00:00'
[2026-02-06T14:26:01.805+0000] {taskinstance.py:430} INFO - ::endgroup::
[2026-02-06T14:26:03.829+0000] {logging_mixin.py:188} INFO - Fetched 21 records for AAPL
[2026-02-06T14:26:03.915+0000] {logging_mixin.py:188} INFO - Fetched 21 records for GOOGL
[2026-02-06T14:26:04.027+0000] {logging_mixin.py:188} INFO - Fetched 21 records for MSFT
[2026-02-06T14:26:04.131+0000] {logging_mixin.py:188} INFO - Fetched 21 records for AMZN
[2026-02-06T14:26:04.228+0000] {logging_mixin.py:188} INFO - Fetched 21 records for TSLA
[2026-02-06T14:26:04.228+0000] {python.py:237} INFO - Done. Returned value was: {'AAPL': {'latest_close': 275.9100036621094, 'records': 21}, 'GOOGL': {'latest_close': 331.25, 'records': 21}, 'MSFT': {'latest_close': 393.6700134277344, 'records': 21}, 'AMZN': {'latest_close': 222.69000244140625, 'records': 21}, 'TSLA': {'latest_close': 397.2099914550781, 'records': 21}}
[2026-02-06T14:26:04.229+0000] {taskinstance.py:441} INFO - ::group::Post task execution logs
[2026-02-06T14:26:04.264+0000] {taskinstance.py:1206} INFO - Marking task as SUCCESS. dag_id=stock_prediction_pipeline, task_id=fetch_stock_data, run_id=scheduled__2026-02-05T09:00:00+00:00, execution_date=20260205T090000, start_date=20260206T142601, end_date=20260206T142604
[2026-02-06T14:26:04.315+0000] {local_task_job_runner.py:243} INFO - Task exited with return code 0
[2026-02-06T14:26:04.349+0000] {taskinstance.py:3503} INFO - 1 downstream tasks scheduled from follow-on schedule check
[2026-02-06T14:26:04.350+0000] {local_task_job_runner.py:222} INFO - ::endgroup::
