[2026-01-30T07:35:36.763+0000] {local_task_job_runner.py:120} INFO - ::group::Pre task execution logs
[2026-01-30T07:35:36.812+0000] {taskinstance.py:2076} INFO - Dependencies all met for dep_context=non-requeueable deps ti=<TaskInstance: stock_prediction_pipeline.fetch_stock_data manual__2026-01-30T07:30:33.440217+00:00 [queued]>
[2026-01-30T07:35:36.820+0000] {taskinstance.py:2076} INFO - Dependencies all met for dep_context=requeueable deps ti=<TaskInstance: stock_prediction_pipeline.fetch_stock_data manual__2026-01-30T07:30:33.440217+00:00 [queued]>
[2026-01-30T07:35:36.821+0000] {taskinstance.py:2306} INFO - Starting attempt 2 of 2
[2026-01-30T07:35:36.839+0000] {taskinstance.py:2330} INFO - Executing <Task(PythonOperator): fetch_stock_data> on 2026-01-30 07:30:33.440217+00:00
[2026-01-30T07:35:36.848+0000] {standard_task_runner.py:64} INFO - Started process 1161 to run task
[2026-01-30T07:35:36.854+0000] {standard_task_runner.py:90} INFO - Running: ['airflow', 'tasks', 'run', 'stock_prediction_pipeline', 'fetch_stock_data', 'manual__2026-01-30T07:30:33.440217+00:00', '--job-id', '42', '--raw', '--subdir', 'DAGS_FOLDER/stock_prediction_dag.py', '--cfg-path', '/tmp/tmpzxmo5g4u']
[2026-01-30T07:35:36.857+0000] {standard_task_runner.py:91} INFO - Job 42: Subtask fetch_stock_data
[2026-01-30T07:35:36.951+0000] {task_command.py:426} INFO - Running <TaskInstance: stock_prediction_pipeline.fetch_stock_data manual__2026-01-30T07:30:33.440217+00:00 [running]> on host 4f5404636a5b
[2026-01-30T07:35:37.117+0000] {taskinstance.py:2648} INFO - Exporting env vars: AIRFLOW_CTX_DAG_OWNER='airflow' AIRFLOW_CTX_DAG_ID='stock_prediction_pipeline' AIRFLOW_CTX_TASK_ID='fetch_stock_data' AIRFLOW_CTX_EXECUTION_DATE='2026-01-30T07:30:33.440217+00:00' AIRFLOW_CTX_TRY_NUMBER='2' AIRFLOW_CTX_DAG_RUN_ID='manual__2026-01-30T07:30:33.440217+00:00'
[2026-01-30T07:35:37.118+0000] {taskinstance.py:430} INFO - ::endgroup::
[2026-01-30T07:35:37.139+0000] {taskinstance.py:441} INFO - ::group::Post task execution logs
[2026-01-30T07:35:37.139+0000] {taskinstance.py:2905} ERROR - Task failed with exception
Traceback (most recent call last):
  File "/home/airflow/.local/lib/python3.10/site-packages/airflow/models/taskinstance.py", line 465, in _execute_task
    result = _execute_callable(context=context, **execute_callable_kwargs)
  File "/home/airflow/.local/lib/python3.10/site-packages/airflow/models/taskinstance.py", line 432, in _execute_callable
    return execute_callable(context=context, **execute_callable_kwargs)
  File "/home/airflow/.local/lib/python3.10/site-packages/airflow/models/baseoperator.py", line 401, in wrapper
    return func(self, *args, **kwargs)
  File "/home/airflow/.local/lib/python3.10/site-packages/airflow/operators/python.py", line 235, in execute
    return_value = self.execute_callable()
  File "/home/airflow/.local/lib/python3.10/site-packages/airflow/operators/python.py", line 252, in execute_callable
    return self.python_callable(*self.op_args, **self.op_kwargs)
  File "/opt/airflow/dags/stock_prediction_dag.py", line 24, in fetch_stock_data
    import yfinance as yf
ModuleNotFoundError: No module named 'yfinance'
[2026-01-30T07:35:37.158+0000] {taskinstance.py:1206} INFO - Marking task as FAILED. dag_id=stock_prediction_pipeline, task_id=fetch_stock_data, run_id=manual__2026-01-30T07:30:33.440217+00:00, execution_date=20260130T073033, start_date=20260130T073536, end_date=20260130T073537
[2026-01-30T07:35:37.172+0000] {standard_task_runner.py:110} ERROR - Failed to execute job 42 for task fetch_stock_data (No module named 'yfinance'; 1161)
[2026-01-30T07:35:37.187+0000] {local_task_job_runner.py:243} INFO - Task exited with return code 1
[2026-01-30T07:35:37.228+0000] {taskinstance.py:3503} INFO - 0 downstream tasks scheduled from follow-on schedule check
[2026-01-30T07:35:37.233+0000] {local_task_job_runner.py:222} INFO - ::endgroup::
