[2026-02-01T16:23:26.934+0000] {local_task_job_runner.py:120} INFO - ::group::Pre task execution logs
[2026-02-01T16:23:26.982+0000] {taskinstance.py:2076} INFO - Dependencies all met for dep_context=non-requeueable deps ti=<TaskInstance: stock_prediction_pipeline.fetch_stock_data scheduled__2026-01-29T09:00:00+00:00 [queued]>
[2026-02-01T16:23:26.992+0000] {taskinstance.py:2076} INFO - Dependencies all met for dep_context=requeueable deps ti=<TaskInstance: stock_prediction_pipeline.fetch_stock_data scheduled__2026-01-29T09:00:00+00:00 [queued]>
[2026-02-01T16:23:26.993+0000] {taskinstance.py:2306} INFO - Starting attempt 1 of 2
[2026-02-01T16:23:27.006+0000] {taskinstance.py:2330} INFO - Executing <Task(PythonOperator): fetch_stock_data> on 2026-01-29 09:00:00+00:00
[2026-02-01T16:23:27.012+0000] {standard_task_runner.py:64} INFO - Started process 235 to run task
[2026-02-01T16:23:27.016+0000] {standard_task_runner.py:90} INFO - Running: ['airflow', 'tasks', 'run', 'stock_prediction_pipeline', 'fetch_stock_data', 'scheduled__2026-01-29T09:00:00+00:00', '--job-id', '45', '--raw', '--subdir', 'DAGS_FOLDER/stock_prediction_dag.py', '--cfg-path', '/tmp/tmpzz1jxw__']
[2026-02-01T16:23:27.018+0000] {standard_task_runner.py:91} INFO - Job 45: Subtask fetch_stock_data
[2026-02-01T16:23:27.070+0000] {task_command.py:426} INFO - Running <TaskInstance: stock_prediction_pipeline.fetch_stock_data scheduled__2026-01-29T09:00:00+00:00 [running]> on host 30664b90b963
[2026-02-01T16:23:27.160+0000] {taskinstance.py:2648} INFO - Exporting env vars: AIRFLOW_CTX_DAG_OWNER='airflow' AIRFLOW_CTX_DAG_ID='stock_prediction_pipeline' AIRFLOW_CTX_TASK_ID='fetch_stock_data' AIRFLOW_CTX_EXECUTION_DATE='2026-01-29T09:00:00+00:00' AIRFLOW_CTX_TRY_NUMBER='1' AIRFLOW_CTX_DAG_RUN_ID='scheduled__2026-01-29T09:00:00+00:00'
[2026-02-01T16:23:27.161+0000] {taskinstance.py:430} INFO - ::endgroup::
[2026-02-01T16:23:30.189+0000] {logging_mixin.py:188} INFO - Fetched 20 records for AAPL
[2026-02-01T16:23:30.338+0000] {logging_mixin.py:188} INFO - Fetched 20 records for GOOGL
[2026-02-01T16:23:30.540+0000] {logging_mixin.py:188} INFO - Fetched 20 records for MSFT
[2026-02-01T16:23:30.695+0000] {logging_mixin.py:188} INFO - Fetched 20 records for AMZN
[2026-02-01T16:23:30.847+0000] {logging_mixin.py:188} INFO - Fetched 20 records for TSLA
[2026-02-01T16:23:30.847+0000] {python.py:237} INFO - Done. Returned value was: {'AAPL': {'latest_close': 259.4800109863281, 'records': 20}, 'GOOGL': {'latest_close': 338.0, 'records': 20}, 'MSFT': {'latest_close': 430.2900085449219, 'records': 20}, 'AMZN': {'latest_close': 239.3000030517578, 'records': 20}, 'TSLA': {'latest_close': 430.4100036621094, 'records': 20}}
[2026-02-01T16:23:30.848+0000] {taskinstance.py:441} INFO - ::group::Post task execution logs
[2026-02-01T16:23:30.869+0000] {taskinstance.py:1206} INFO - Marking task as SUCCESS. dag_id=stock_prediction_pipeline, task_id=fetch_stock_data, run_id=scheduled__2026-01-29T09:00:00+00:00, execution_date=20260129T090000, start_date=20260201T162326, end_date=20260201T162330
[2026-02-01T16:23:30.921+0000] {local_task_job_runner.py:243} INFO - Task exited with return code 0
[2026-02-01T16:23:30.941+0000] {taskinstance.py:3503} INFO - 1 downstream tasks scheduled from follow-on schedule check
[2026-02-01T16:23:30.942+0000] {local_task_job_runner.py:222} INFO - ::endgroup::
