[2026-02-03T13:44:32.808+0000] {local_task_job_runner.py:120} INFO - ::group::Pre task execution logs
[2026-02-03T13:44:32.837+0000] {taskinstance.py:2076} INFO - Dependencies all met for dep_context=non-requeueable deps ti=<TaskInstance: stock_prediction_pipeline.save_to_database scheduled__2026-02-02T09:00:00+00:00 [queued]>
[2026-02-03T13:44:32.846+0000] {taskinstance.py:2076} INFO - Dependencies all met for dep_context=requeueable deps ti=<TaskInstance: stock_prediction_pipeline.save_to_database scheduled__2026-02-02T09:00:00+00:00 [queued]>
[2026-02-03T13:44:32.847+0000] {taskinstance.py:2306} INFO - Starting attempt 1 of 2
[2026-02-03T13:44:32.858+0000] {taskinstance.py:2330} INFO - Executing <Task(PythonOperator): save_to_database> on 2026-02-02 09:00:00+00:00
[2026-02-03T13:44:32.862+0000] {standard_task_runner.py:64} INFO - Started process 221 to run task
[2026-02-03T13:44:32.864+0000] {standard_task_runner.py:90} INFO - Running: ['airflow', 'tasks', 'run', 'stock_prediction_pipeline', 'save_to_database', 'scheduled__2026-02-02T09:00:00+00:00', '--job-id', '60', '--raw', '--subdir', 'DAGS_FOLDER/stock_prediction_dag.py', '--cfg-path', '/tmp/tmpwr2xhwb5']
[2026-02-03T13:44:32.866+0000] {standard_task_runner.py:91} INFO - Job 60: Subtask save_to_database
[2026-02-03T13:44:32.910+0000] {task_command.py:426} INFO - Running <TaskInstance: stock_prediction_pipeline.save_to_database scheduled__2026-02-02T09:00:00+00:00 [running]> on host 30664b90b963
[2026-02-03T13:44:32.980+0000] {taskinstance.py:2648} INFO - Exporting env vars: AIRFLOW_CTX_DAG_OWNER='airflow' AIRFLOW_CTX_DAG_ID='stock_prediction_pipeline' AIRFLOW_CTX_TASK_ID='save_to_database' AIRFLOW_CTX_EXECUTION_DATE='2026-02-02T09:00:00+00:00' AIRFLOW_CTX_TRY_NUMBER='1' AIRFLOW_CTX_DAG_RUN_ID='scheduled__2026-02-02T09:00:00+00:00'
[2026-02-03T13:44:32.981+0000] {taskinstance.py:430} INFO - ::endgroup::
[2026-02-03T13:44:33.000+0000] {logging_mixin.py:188} INFO - Saving to database...
[2026-02-03T13:44:33.000+0000] {logging_mixin.py:188} INFO -   - AAPL: $270.01 (20 records)
[2026-02-03T13:44:33.000+0000] {logging_mixin.py:188} INFO -   - GOOGL: $343.69 (20 records)
[2026-02-03T13:44:33.001+0000] {logging_mixin.py:188} INFO -   - MSFT: $423.37 (20 records)
[2026-02-03T13:44:33.001+0000] {logging_mixin.py:188} INFO -   - AMZN: $242.96 (20 records)
[2026-02-03T13:44:33.001+0000] {logging_mixin.py:188} INFO -   - TSLA: $421.81 (20 records)
[2026-02-03T13:44:33.001+0000] {logging_mixin.py:188} INFO - Data saved successfully!
[2026-02-03T13:44:33.001+0000] {python.py:237} INFO - Done. Returned value was: True
[2026-02-03T13:44:33.002+0000] {taskinstance.py:441} INFO - ::group::Post task execution logs
[2026-02-03T13:44:33.025+0000] {taskinstance.py:1206} INFO - Marking task as SUCCESS. dag_id=stock_prediction_pipeline, task_id=save_to_database, run_id=scheduled__2026-02-02T09:00:00+00:00, execution_date=20260202T090000, start_date=20260203T134432, end_date=20260203T134433
[2026-02-03T13:44:33.076+0000] {local_task_job_runner.py:243} INFO - Task exited with return code 0
[2026-02-03T13:44:33.097+0000] {taskinstance.py:3503} INFO - 1 downstream tasks scheduled from follow-on schedule check
[2026-02-03T13:44:33.108+0000] {local_task_job_runner.py:222} INFO - ::endgroup::
