[2026-02-20T10:08:48.716+0000] {local_task_job_runner.py:120} INFO - ::group::Pre task execution logs
[2026-02-20T10:08:48.753+0000] {taskinstance.py:2076} INFO - Dependencies all met for dep_context=non-requeueable deps ti=<TaskInstance: stock_prediction_pipeline.send_notification scheduled__2026-02-19T09:00:00+00:00 [queued]>
[2026-02-20T10:08:48.767+0000] {taskinstance.py:2076} INFO - Dependencies all met for dep_context=requeueable deps ti=<TaskInstance: stock_prediction_pipeline.send_notification scheduled__2026-02-19T09:00:00+00:00 [queued]>
[2026-02-20T10:08:48.767+0000] {taskinstance.py:2306} INFO - Starting attempt 1 of 2
[2026-02-20T10:08:48.790+0000] {taskinstance.py:2330} INFO - Executing <Task(PythonOperator): send_notification> on 2026-02-19 09:00:00+00:00
[2026-02-20T10:08:48.794+0000] {standard_task_runner.py:64} INFO - Started process 222 to run task
[2026-02-20T10:08:48.798+0000] {standard_task_runner.py:90} INFO - Running: ['airflow', 'tasks', 'run', 'stock_prediction_pipeline', 'send_notification', 'scheduled__2026-02-19T09:00:00+00:00', '--job-id', '137', '--raw', '--subdir', 'DAGS_FOLDER/stock_prediction_dag.py', '--cfg-path', '/tmp/tmpk5srg_se']
[2026-02-20T10:08:48.800+0000] {standard_task_runner.py:91} INFO - Job 137: Subtask send_notification
[2026-02-20T10:08:48.862+0000] {task_command.py:426} INFO - Running <TaskInstance: stock_prediction_pipeline.send_notification scheduled__2026-02-19T09:00:00+00:00 [running]> on host 30664b90b963
[2026-02-20T10:08:49.005+0000] {taskinstance.py:2648} INFO - Exporting env vars: AIRFLOW_CTX_DAG_OWNER='airflow' AIRFLOW_CTX_DAG_ID='stock_prediction_pipeline' AIRFLOW_CTX_TASK_ID='send_notification' AIRFLOW_CTX_EXECUTION_DATE='2026-02-19T09:00:00+00:00' AIRFLOW_CTX_TRY_NUMBER='1' AIRFLOW_CTX_DAG_RUN_ID='scheduled__2026-02-19T09:00:00+00:00'
[2026-02-20T10:08:49.005+0000] {taskinstance.py:430} INFO - ::endgroup::
[2026-02-20T10:08:49.031+0000] {logging_mixin.py:188} INFO - Pipeline completed successfully!
[2026-02-20T10:08:49.036+0000] {logging_mixin.py:188} WARNING - /home/airflow/.local/lib/python3.10/site-packages/airflow/utils/context.py:320 AirflowContextDeprecationWarning: Accessing 'execution_date' from the template is deprecated and will be removed in a future version. Please use 'data_interval_start' or 'logical_date' instead.
[2026-02-20T10:08:49.036+0000] {logging_mixin.py:188} INFO - Execution time: 2026-02-19 09:00:00+00:00
[2026-02-20T10:08:49.036+0000] {python.py:237} INFO - Done. Returned value was: None
[2026-02-20T10:08:49.037+0000] {taskinstance.py:441} INFO - ::group::Post task execution logs
[2026-02-20T10:08:49.049+0000] {taskinstance.py:1206} INFO - Marking task as SUCCESS. dag_id=stock_prediction_pipeline, task_id=send_notification, run_id=scheduled__2026-02-19T09:00:00+00:00, execution_date=20260219T090000, start_date=20260220T100848, end_date=20260220T100849
[2026-02-20T10:08:49.090+0000] {local_task_job_runner.py:243} INFO - Task exited with return code 0
[2026-02-20T10:08:49.120+0000] {taskinstance.py:3503} INFO - 0 downstream tasks scheduled from follow-on schedule check
[2026-02-20T10:08:49.130+0000] {local_task_job_runner.py:222} INFO - ::endgroup::
