[2026-02-12T11:44:04.685+0000] {local_task_job_runner.py:120} INFO - ::group::Pre task execution logs
[2026-02-12T11:44:04.733+0000] {taskinstance.py:2076} INFO - Dependencies all met for dep_context=non-requeueable deps ti=<TaskInstance: stock_prediction_pipeline.send_notification scheduled__2026-02-11T09:00:00+00:00 [queued]>
[2026-02-12T11:44:04.748+0000] {taskinstance.py:2076} INFO - Dependencies all met for dep_context=requeueable deps ti=<TaskInstance: stock_prediction_pipeline.send_notification scheduled__2026-02-11T09:00:00+00:00 [queued]>
[2026-02-12T11:44:04.749+0000] {taskinstance.py:2306} INFO - Starting attempt 1 of 2
[2026-02-12T11:44:04.771+0000] {taskinstance.py:2330} INFO - Executing <Task(PythonOperator): send_notification> on 2026-02-11 09:00:00+00:00
[2026-02-12T11:44:04.778+0000] {standard_task_runner.py:64} INFO - Started process 222 to run task
[2026-02-12T11:44:04.782+0000] {standard_task_runner.py:90} INFO - Running: ['airflow', 'tasks', 'run', 'stock_prediction_pipeline', 'send_notification', 'scheduled__2026-02-11T09:00:00+00:00', '--job-id', '105', '--raw', '--subdir', 'DAGS_FOLDER/stock_prediction_dag.py', '--cfg-path', '/tmp/tmpe41uubsa']
[2026-02-12T11:44:04.785+0000] {standard_task_runner.py:91} INFO - Job 105: Subtask send_notification
[2026-02-12T11:44:04.867+0000] {task_command.py:426} INFO - Running <TaskInstance: stock_prediction_pipeline.send_notification scheduled__2026-02-11T09:00:00+00:00 [running]> on host 30664b90b963
[2026-02-12T11:44:05.028+0000] {taskinstance.py:2648} INFO - Exporting env vars: AIRFLOW_CTX_DAG_OWNER='airflow' AIRFLOW_CTX_DAG_ID='stock_prediction_pipeline' AIRFLOW_CTX_TASK_ID='send_notification' AIRFLOW_CTX_EXECUTION_DATE='2026-02-11T09:00:00+00:00' AIRFLOW_CTX_TRY_NUMBER='1' AIRFLOW_CTX_DAG_RUN_ID='scheduled__2026-02-11T09:00:00+00:00'
[2026-02-12T11:44:05.029+0000] {taskinstance.py:430} INFO - ::endgroup::
[2026-02-12T11:44:05.070+0000] {logging_mixin.py:188} INFO - Pipeline completed successfully!
[2026-02-12T11:44:05.079+0000] {logging_mixin.py:188} WARNING - /home/airflow/.local/lib/python3.10/site-packages/airflow/utils/context.py:320 AirflowContextDeprecationWarning: Accessing 'execution_date' from the template is deprecated and will be removed in a future version. Please use 'data_interval_start' or 'logical_date' instead.
[2026-02-12T11:44:05.079+0000] {logging_mixin.py:188} INFO - Execution time: 2026-02-11 09:00:00+00:00
[2026-02-12T11:44:05.079+0000] {python.py:237} INFO - Done. Returned value was: None
[2026-02-12T11:44:05.080+0000] {taskinstance.py:441} INFO - ::group::Post task execution logs
[2026-02-12T11:44:05.096+0000] {taskinstance.py:1206} INFO - Marking task as SUCCESS. dag_id=stock_prediction_pipeline, task_id=send_notification, run_id=scheduled__2026-02-11T09:00:00+00:00, execution_date=20260211T090000, start_date=20260212T114404, end_date=20260212T114405
[2026-02-12T11:44:05.155+0000] {local_task_job_runner.py:243} INFO - Task exited with return code 0
[2026-02-12T11:44:05.190+0000] {taskinstance.py:3503} INFO - 0 downstream tasks scheduled from follow-on schedule check
[2026-02-12T11:44:05.192+0000] {local_task_job_runner.py:222} INFO - ::endgroup::
