[2026-02-20T10:08:47.580+0000] {local_task_job_runner.py:120} INFO - ::group::Pre task execution logs
[2026-02-20T10:08:47.618+0000] {taskinstance.py:2076} INFO - Dependencies all met for dep_context=non-requeueable deps ti=<TaskInstance: stock_prediction_pipeline.save_to_database scheduled__2026-02-19T09:00:00+00:00 [queued]>
[2026-02-20T10:08:47.628+0000] {taskinstance.py:2076} INFO - Dependencies all met for dep_context=requeueable deps ti=<TaskInstance: stock_prediction_pipeline.save_to_database scheduled__2026-02-19T09:00:00+00:00 [queued]>
[2026-02-20T10:08:47.628+0000] {taskinstance.py:2306} INFO - Starting attempt 1 of 2
[2026-02-20T10:08:47.647+0000] {taskinstance.py:2330} INFO - Executing <Task(PythonOperator): save_to_database> on 2026-02-19 09:00:00+00:00
[2026-02-20T10:08:47.651+0000] {standard_task_runner.py:64} INFO - Started process 220 to run task
[2026-02-20T10:08:47.655+0000] {standard_task_runner.py:90} INFO - Running: ['airflow', 'tasks', 'run', 'stock_prediction_pipeline', 'save_to_database', 'scheduled__2026-02-19T09:00:00+00:00', '--job-id', '136', '--raw', '--subdir', 'DAGS_FOLDER/stock_prediction_dag.py', '--cfg-path', '/tmp/tmpofni85ve']
[2026-02-20T10:08:47.656+0000] {standard_task_runner.py:91} INFO - Job 136: Subtask save_to_database
[2026-02-20T10:08:47.729+0000] {task_command.py:426} INFO - Running <TaskInstance: stock_prediction_pipeline.save_to_database scheduled__2026-02-19T09:00:00+00:00 [running]> on host 30664b90b963
[2026-02-20T10:08:47.847+0000] {taskinstance.py:2648} INFO - Exporting env vars: AIRFLOW_CTX_DAG_OWNER='airflow' AIRFLOW_CTX_DAG_ID='stock_prediction_pipeline' AIRFLOW_CTX_TASK_ID='save_to_database' AIRFLOW_CTX_EXECUTION_DATE='2026-02-19T09:00:00+00:00' AIRFLOW_CTX_TRY_NUMBER='1' AIRFLOW_CTX_DAG_RUN_ID='scheduled__2026-02-19T09:00:00+00:00'
[2026-02-20T10:08:47.848+0000] {taskinstance.py:430} INFO - ::endgroup::
[2026-02-20T10:08:47.880+0000] {logging_mixin.py:188} INFO - Saving to database...
[2026-02-20T10:08:47.881+0000] {logging_mixin.py:188} INFO -   - AAPL: $260.58 (21 records)
[2026-02-20T10:08:47.881+0000] {logging_mixin.py:188} INFO -   - GOOGL: $302.85 (21 records)
[2026-02-20T10:08:47.881+0000] {logging_mixin.py:188} INFO -   - MSFT: $398.46 (21 records)
[2026-02-20T10:08:47.881+0000] {logging_mixin.py:188} INFO -   - AMZN: $204.86 (21 records)
[2026-02-20T10:08:47.882+0000] {logging_mixin.py:188} INFO -   - TSLA: $411.71 (21 records)
[2026-02-20T10:08:47.882+0000] {logging_mixin.py:188} INFO - Data saved successfully!
[2026-02-20T10:08:47.882+0000] {python.py:237} INFO - Done. Returned value was: True
[2026-02-20T10:08:47.883+0000] {taskinstance.py:441} INFO - ::group::Post task execution logs
[2026-02-20T10:08:47.917+0000] {taskinstance.py:1206} INFO - Marking task as SUCCESS. dag_id=stock_prediction_pipeline, task_id=save_to_database, run_id=scheduled__2026-02-19T09:00:00+00:00, execution_date=20260219T090000, start_date=20260220T100847, end_date=20260220T100847
[2026-02-20T10:08:47.947+0000] {local_task_job_runner.py:243} INFO - Task exited with return code 0
[2026-02-20T10:08:47.983+0000] {taskinstance.py:3503} INFO - 1 downstream tasks scheduled from follow-on schedule check
[2026-02-20T10:08:47.996+0000] {local_task_job_runner.py:222} INFO - ::endgroup::
