[2026-02-12T11:43:56.541+0000] {local_task_job_runner.py:120} INFO - ::group::Pre task execution logs
[2026-02-12T11:43:56.593+0000] {taskinstance.py:2076} INFO - Dependencies all met for dep_context=non-requeueable deps ti=<TaskInstance: stock_prediction_pipeline.fetch_stock_data scheduled__2026-02-11T09:00:00+00:00 [queued]>
[2026-02-12T11:43:56.609+0000] {taskinstance.py:2076} INFO - Dependencies all met for dep_context=requeueable deps ti=<TaskInstance: stock_prediction_pipeline.fetch_stock_data scheduled__2026-02-11T09:00:00+00:00 [queued]>
[2026-02-12T11:43:56.610+0000] {taskinstance.py:2306} INFO - Starting attempt 1 of 2
[2026-02-12T11:43:56.638+0000] {taskinstance.py:2330} INFO - Executing <Task(PythonOperator): fetch_stock_data> on 2026-02-11 09:00:00+00:00
[2026-02-12T11:43:56.644+0000] {standard_task_runner.py:64} INFO - Started process 213 to run task
[2026-02-12T11:43:56.649+0000] {standard_task_runner.py:90} INFO - Running: ['airflow', 'tasks', 'run', 'stock_prediction_pipeline', 'fetch_stock_data', 'scheduled__2026-02-11T09:00:00+00:00', '--job-id', '102', '--raw', '--subdir', 'DAGS_FOLDER/stock_prediction_dag.py', '--cfg-path', '/tmp/tmptwx4qbwk']
[2026-02-12T11:43:56.653+0000] {standard_task_runner.py:91} INFO - Job 102: Subtask fetch_stock_data
[2026-02-12T11:43:56.728+0000] {task_command.py:426} INFO - Running <TaskInstance: stock_prediction_pipeline.fetch_stock_data scheduled__2026-02-11T09:00:00+00:00 [running]> on host 30664b90b963
[2026-02-12T11:43:56.894+0000] {taskinstance.py:2648} INFO - Exporting env vars: AIRFLOW_CTX_DAG_OWNER='airflow' AIRFLOW_CTX_DAG_ID='stock_prediction_pipeline' AIRFLOW_CTX_TASK_ID='fetch_stock_data' AIRFLOW_CTX_EXECUTION_DATE='2026-02-11T09:00:00+00:00' AIRFLOW_CTX_TRY_NUMBER='1' AIRFLOW_CTX_DAG_RUN_ID='scheduled__2026-02-11T09:00:00+00:00'
[2026-02-12T11:43:56.895+0000] {taskinstance.py:430} INFO - ::endgroup::
[2026-02-12T11:44:01.570+0000] {logging_mixin.py:188} INFO - Fetched 21 records for AAPL
[2026-02-12T11:44:01.682+0000] {logging_mixin.py:188} INFO - Fetched 21 records for GOOGL
[2026-02-12T11:44:01.802+0000] {logging_mixin.py:188} INFO - Fetched 21 records for MSFT
[2026-02-12T11:44:01.898+0000] {logging_mixin.py:188} INFO - Fetched 21 records for AMZN
[2026-02-12T11:44:01.993+0000] {logging_mixin.py:188} INFO - Fetched 21 records for TSLA
[2026-02-12T11:44:01.994+0000] {python.py:237} INFO - Done. Returned value was: {'AAPL': {'latest_close': 275.5, 'records': 21}, 'GOOGL': {'latest_close': 310.9599914550781, 'records': 21}, 'MSFT': {'latest_close': 404.3699951171875, 'records': 21}, 'AMZN': {'latest_close': 204.0800018310547, 'records': 21}, 'TSLA': {'latest_close': 428.2699890136719, 'records': 21}}
[2026-02-12T11:44:01.994+0000] {taskinstance.py:441} INFO - ::group::Post task execution logs
[2026-02-12T11:44:02.035+0000] {taskinstance.py:1206} INFO - Marking task as SUCCESS. dag_id=stock_prediction_pipeline, task_id=fetch_stock_data, run_id=scheduled__2026-02-11T09:00:00+00:00, execution_date=20260211T090000, start_date=20260212T114356, end_date=20260212T114402
[2026-02-12T11:44:02.097+0000] {local_task_job_runner.py:243} INFO - Task exited with return code 0
[2026-02-12T11:44:02.144+0000] {taskinstance.py:3503} INFO - 1 downstream tasks scheduled from follow-on schedule check
[2026-02-12T11:44:02.146+0000] {local_task_job_runner.py:222} INFO - ::endgroup::
