[2025-12-28T17:25:18.056+0000] {processor.py:161} INFO - Started process (PID=190) to work on /opt/airflow/dags/stock_prediction_dag.py
[2025-12-28T17:25:18.057+0000] {processor.py:830} INFO - Processing file /opt/airflow/dags/stock_prediction_dag.py for tasks to queue
[2025-12-28T17:25:18.058+0000] {logging_mixin.py:188} INFO - [2025-12-28T17:25:18.058+0000] {dagbag.py:545} INFO - Filling up the DagBag from /opt/airflow/dags/stock_prediction_dag.py
[2025-12-28T17:25:18.066+0000] {processor.py:840} INFO - DAG(s) 'stock_prediction_pipeline' retrieved from /opt/airflow/dags/stock_prediction_dag.py
[2025-12-28T17:25:18.135+0000] {logging_mixin.py:188} INFO - [2025-12-28T17:25:18.135+0000] {override.py:1858} INFO - Created Permission View: can edit on DAG:stock_prediction_pipeline
[2025-12-28T17:25:18.140+0000] {logging_mixin.py:188} INFO - [2025-12-28T17:25:18.139+0000] {override.py:1858} INFO - Created Permission View: can read on DAG:stock_prediction_pipeline
[2025-12-28T17:25:18.143+0000] {logging_mixin.py:188} INFO - [2025-12-28T17:25:18.143+0000] {override.py:1858} INFO - Created Permission View: can delete on DAG:stock_prediction_pipeline
[2025-12-28T17:25:18.143+0000] {logging_mixin.py:188} INFO - [2025-12-28T17:25:18.143+0000] {dag.py:3089} INFO - Sync 1 DAGs
[2025-12-28T17:25:18.148+0000] {logging_mixin.py:188} INFO - [2025-12-28T17:25:18.148+0000] {dag.py:3111} INFO - Creating ORM DAG for stock_prediction_pipeline
[2025-12-28T17:25:18.153+0000] {logging_mixin.py:188} INFO - [2025-12-28T17:25:18.153+0000] {dag.py:3947} INFO - Setting next_dagrun for stock_prediction_pipeline to 2025-12-25 09:00:00+00:00, run_after=2025-12-26 09:00:00+00:00
[2025-12-28T17:25:18.161+0000] {processor.py:183} INFO - Processing /opt/airflow/dags/stock_prediction_dag.py took 0.109 seconds
[2025-12-28T17:25:48.261+0000] {processor.py:161} INFO - Started process (PID=195) to work on /opt/airflow/dags/stock_prediction_dag.py
[2025-12-28T17:25:48.262+0000] {processor.py:830} INFO - Processing file /opt/airflow/dags/stock_prediction_dag.py for tasks to queue
[2025-12-28T17:25:48.263+0000] {logging_mixin.py:188} INFO - [2025-12-28T17:25:48.262+0000] {dagbag.py:545} INFO - Filling up the DagBag from /opt/airflow/dags/stock_prediction_dag.py
[2025-12-28T17:25:48.269+0000] {processor.py:840} INFO - DAG(s) 'stock_prediction_pipeline' retrieved from /opt/airflow/dags/stock_prediction_dag.py
[2025-12-28T17:25:48.285+0000] {logging_mixin.py:188} INFO - [2025-12-28T17:25:48.285+0000] {dag.py:3089} INFO - Sync 1 DAGs
[2025-12-28T17:25:48.296+0000] {logging_mixin.py:188} INFO - [2025-12-28T17:25:48.296+0000] {dag.py:3947} INFO - Setting next_dagrun for stock_prediction_pipeline to 2025-12-25 09:00:00+00:00, run_after=2025-12-26 09:00:00+00:00
[2025-12-28T17:25:48.304+0000] {processor.py:183} INFO - Processing /opt/airflow/dags/stock_prediction_dag.py took 0.050 seconds
[2025-12-28T17:26:18.445+0000] {processor.py:161} INFO - Started process (PID=200) to work on /opt/airflow/dags/stock_prediction_dag.py
[2025-12-28T17:26:18.446+0000] {processor.py:830} INFO - Processing file /opt/airflow/dags/stock_prediction_dag.py for tasks to queue
[2025-12-28T17:26:18.447+0000] {logging_mixin.py:188} INFO - [2025-12-28T17:26:18.447+0000] {dagbag.py:545} INFO - Filling up the DagBag from /opt/airflow/dags/stock_prediction_dag.py
[2025-12-28T17:26:18.456+0000] {processor.py:840} INFO - DAG(s) 'stock_prediction_pipeline' retrieved from /opt/airflow/dags/stock_prediction_dag.py
[2025-12-28T17:26:18.480+0000] {logging_mixin.py:188} INFO - [2025-12-28T17:26:18.480+0000] {dag.py:3089} INFO - Sync 1 DAGs
[2025-12-28T17:26:18.493+0000] {logging_mixin.py:188} INFO - [2025-12-28T17:26:18.493+0000] {dag.py:3947} INFO - Setting next_dagrun for stock_prediction_pipeline to 2025-12-25 09:00:00+00:00, run_after=2025-12-26 09:00:00+00:00
[2025-12-28T17:26:18.506+0000] {processor.py:183} INFO - Processing /opt/airflow/dags/stock_prediction_dag.py took 0.067 seconds
[2025-12-28T17:26:48.644+0000] {processor.py:161} INFO - Started process (PID=205) to work on /opt/airflow/dags/stock_prediction_dag.py
[2025-12-28T17:26:48.647+0000] {processor.py:830} INFO - Processing file /opt/airflow/dags/stock_prediction_dag.py for tasks to queue
[2025-12-28T17:26:48.649+0000] {logging_mixin.py:188} INFO - [2025-12-28T17:26:48.649+0000] {dagbag.py:545} INFO - Filling up the DagBag from /opt/airflow/dags/stock_prediction_dag.py
[2025-12-28T17:26:48.656+0000] {processor.py:840} INFO - DAG(s) 'stock_prediction_pipeline' retrieved from /opt/airflow/dags/stock_prediction_dag.py
[2025-12-28T17:26:48.680+0000] {logging_mixin.py:188} INFO - [2025-12-28T17:26:48.680+0000] {dag.py:3089} INFO - Sync 1 DAGs
[2025-12-28T17:26:48.691+0000] {logging_mixin.py:188} INFO - [2025-12-28T17:26:48.691+0000] {dag.py:3947} INFO - Setting next_dagrun for stock_prediction_pipeline to 2025-12-25 09:00:00+00:00, run_after=2025-12-26 09:00:00+00:00
[2025-12-28T17:26:48.701+0000] {processor.py:183} INFO - Processing /opt/airflow/dags/stock_prediction_dag.py took 0.063 seconds
[2025-12-28T17:27:18.838+0000] {processor.py:161} INFO - Started process (PID=210) to work on /opt/airflow/dags/stock_prediction_dag.py
[2025-12-28T17:27:18.838+0000] {processor.py:830} INFO - Processing file /opt/airflow/dags/stock_prediction_dag.py for tasks to queue
[2025-12-28T17:27:18.839+0000] {logging_mixin.py:188} INFO - [2025-12-28T17:27:18.839+0000] {dagbag.py:545} INFO - Filling up the DagBag from /opt/airflow/dags/stock_prediction_dag.py
[2025-12-28T17:27:18.845+0000] {processor.py:840} INFO - DAG(s) 'stock_prediction_pipeline' retrieved from /opt/airflow/dags/stock_prediction_dag.py
[2025-12-28T17:27:18.862+0000] {logging_mixin.py:188} INFO - [2025-12-28T17:27:18.862+0000] {dag.py:3089} INFO - Sync 1 DAGs
[2025-12-28T17:27:18.873+0000] {logging_mixin.py:188} INFO - [2025-12-28T17:27:18.873+0000] {dag.py:3947} INFO - Setting next_dagrun for stock_prediction_pipeline to 2025-12-25 09:00:00+00:00, run_after=2025-12-26 09:00:00+00:00
[2025-12-28T17:27:18.882+0000] {processor.py:183} INFO - Processing /opt/airflow/dags/stock_prediction_dag.py took 0.051 seconds
[2025-12-28T17:27:49.034+0000] {processor.py:161} INFO - Started process (PID=215) to work on /opt/airflow/dags/stock_prediction_dag.py
[2025-12-28T17:27:49.035+0000] {processor.py:830} INFO - Processing file /opt/airflow/dags/stock_prediction_dag.py for tasks to queue
[2025-12-28T17:27:49.036+0000] {logging_mixin.py:188} INFO - [2025-12-28T17:27:49.035+0000] {dagbag.py:545} INFO - Filling up the DagBag from /opt/airflow/dags/stock_prediction_dag.py
[2025-12-28T17:27:49.042+0000] {processor.py:840} INFO - DAG(s) 'stock_prediction_pipeline' retrieved from /opt/airflow/dags/stock_prediction_dag.py
[2025-12-28T17:27:49.065+0000] {logging_mixin.py:188} INFO - [2025-12-28T17:27:49.065+0000] {dag.py:3089} INFO - Sync 1 DAGs
[2025-12-28T17:27:49.077+0000] {logging_mixin.py:188} INFO - [2025-12-28T17:27:49.077+0000] {dag.py:3947} INFO - Setting next_dagrun for stock_prediction_pipeline to 2025-12-25 09:00:00+00:00, run_after=2025-12-26 09:00:00+00:00
[2025-12-28T17:27:49.086+0000] {processor.py:183} INFO - Processing /opt/airflow/dags/stock_prediction_dag.py took 0.059 seconds
[2025-12-28T17:28:19.214+0000] {processor.py:161} INFO - Started process (PID=220) to work on /opt/airflow/dags/stock_prediction_dag.py
[2025-12-28T17:28:19.215+0000] {processor.py:830} INFO - Processing file /opt/airflow/dags/stock_prediction_dag.py for tasks to queue
[2025-12-28T17:28:19.216+0000] {logging_mixin.py:188} INFO - [2025-12-28T17:28:19.216+0000] {dagbag.py:545} INFO - Filling up the DagBag from /opt/airflow/dags/stock_prediction_dag.py
[2025-12-28T17:28:19.223+0000] {processor.py:840} INFO - DAG(s) 'stock_prediction_pipeline' retrieved from /opt/airflow/dags/stock_prediction_dag.py
[2025-12-28T17:28:19.246+0000] {logging_mixin.py:188} INFO - [2025-12-28T17:28:19.246+0000] {dag.py:3089} INFO - Sync 1 DAGs
[2025-12-28T17:28:19.261+0000] {logging_mixin.py:188} INFO - [2025-12-28T17:28:19.261+0000] {dag.py:3947} INFO - Setting next_dagrun for stock_prediction_pipeline to 2025-12-25 09:00:00+00:00, run_after=2025-12-26 09:00:00+00:00
[2025-12-28T17:28:19.271+0000] {processor.py:183} INFO - Processing /opt/airflow/dags/stock_prediction_dag.py took 0.063 seconds
[2025-12-28T17:28:49.381+0000] {processor.py:161} INFO - Started process (PID=225) to work on /opt/airflow/dags/stock_prediction_dag.py
[2025-12-28T17:28:49.384+0000] {processor.py:830} INFO - Processing file /opt/airflow/dags/stock_prediction_dag.py for tasks to queue
[2025-12-28T17:28:49.385+0000] {logging_mixin.py:188} INFO - [2025-12-28T17:28:49.385+0000] {dagbag.py:545} INFO - Filling up the DagBag from /opt/airflow/dags/stock_prediction_dag.py
[2025-12-28T17:28:49.392+0000] {processor.py:840} INFO - DAG(s) 'stock_prediction_pipeline' retrieved from /opt/airflow/dags/stock_prediction_dag.py
[2025-12-28T17:28:49.411+0000] {logging_mixin.py:188} INFO - [2025-12-28T17:28:49.411+0000] {dag.py:3089} INFO - Sync 1 DAGs
[2025-12-28T17:28:49.424+0000] {logging_mixin.py:188} INFO - [2025-12-28T17:28:49.424+0000] {dag.py:3947} INFO - Setting next_dagrun for stock_prediction_pipeline to 2025-12-25 09:00:00+00:00, run_after=2025-12-26 09:00:00+00:00
[2025-12-28T17:28:49.434+0000] {processor.py:183} INFO - Processing /opt/airflow/dags/stock_prediction_dag.py took 0.061 seconds
