[2026-02-03T13:44:28.061+0000] {local_task_job_runner.py:120} INFO - ::group::Pre task execution logs
[2026-02-03T13:44:28.124+0000] {taskinstance.py:2076} INFO - Dependencies all met for dep_context=non-requeueable deps ti=<TaskInstance: stock_prediction_pipeline.fetch_stock_data scheduled__2026-02-02T09:00:00+00:00 [queued]>
[2026-02-03T13:44:28.140+0000] {taskinstance.py:2076} INFO - Dependencies all met for dep_context=requeueable deps ti=<TaskInstance: stock_prediction_pipeline.fetch_stock_data scheduled__2026-02-02T09:00:00+00:00 [queued]>
[2026-02-03T13:44:28.141+0000] {taskinstance.py:2306} INFO - Starting attempt 1 of 2
[2026-02-03T13:44:28.162+0000] {taskinstance.py:2330} INFO - Executing <Task(PythonOperator): fetch_stock_data> on 2026-02-02 09:00:00+00:00
[2026-02-03T13:44:28.170+0000] {standard_task_runner.py:64} INFO - Started process 214 to run task
[2026-02-03T13:44:28.176+0000] {standard_task_runner.py:90} INFO - Running: ['airflow', 'tasks', 'run', 'stock_prediction_pipeline', 'fetch_stock_data', 'scheduled__2026-02-02T09:00:00+00:00', '--job-id', '58', '--raw', '--subdir', 'DAGS_FOLDER/stock_prediction_dag.py', '--cfg-path', '/tmp/tmpt3fod5fj']
[2026-02-03T13:44:28.179+0000] {standard_task_runner.py:91} INFO - Job 58: Subtask fetch_stock_data
[2026-02-03T13:44:28.255+0000] {task_command.py:426} INFO - Running <TaskInstance: stock_prediction_pipeline.fetch_stock_data scheduled__2026-02-02T09:00:00+00:00 [running]> on host 30664b90b963
[2026-02-03T13:44:28.373+0000] {taskinstance.py:2648} INFO - Exporting env vars: AIRFLOW_CTX_DAG_OWNER='airflow' AIRFLOW_CTX_DAG_ID='stock_prediction_pipeline' AIRFLOW_CTX_TASK_ID='fetch_stock_data' AIRFLOW_CTX_EXECUTION_DATE='2026-02-02T09:00:00+00:00' AIRFLOW_CTX_TRY_NUMBER='1' AIRFLOW_CTX_DAG_RUN_ID='scheduled__2026-02-02T09:00:00+00:00'
[2026-02-03T13:44:28.374+0000] {taskinstance.py:430} INFO - ::endgroup::
[2026-02-03T13:44:30.721+0000] {logging_mixin.py:188} INFO - Fetched 20 records for AAPL
[2026-02-03T13:44:30.809+0000] {logging_mixin.py:188} INFO - Fetched 20 records for GOOGL
[2026-02-03T13:44:30.918+0000] {logging_mixin.py:188} INFO - Fetched 20 records for MSFT
[2026-02-03T13:44:31.012+0000] {logging_mixin.py:188} INFO - Fetched 20 records for AMZN
[2026-02-03T13:44:31.303+0000] {logging_mixin.py:188} INFO - Fetched 20 records for TSLA
[2026-02-03T13:44:31.304+0000] {python.py:237} INFO - Done. Returned value was: {'AAPL': {'latest_close': 270.010009765625, 'records': 20}, 'GOOGL': {'latest_close': 343.69000244140625, 'records': 20}, 'MSFT': {'latest_close': 423.3699951171875, 'records': 20}, 'AMZN': {'latest_close': 242.9600067138672, 'records': 20}, 'TSLA': {'latest_close': 421.80999755859375, 'records': 20}}
[2026-02-03T13:44:31.304+0000] {taskinstance.py:441} INFO - ::group::Post task execution logs
[2026-02-03T13:44:31.347+0000] {taskinstance.py:1206} INFO - Marking task as SUCCESS. dag_id=stock_prediction_pipeline, task_id=fetch_stock_data, run_id=scheduled__2026-02-02T09:00:00+00:00, execution_date=20260202T090000, start_date=20260203T134428, end_date=20260203T134431
[2026-02-03T13:44:31.397+0000] {local_task_job_runner.py:243} INFO - Task exited with return code 0
[2026-02-03T13:44:31.441+0000] {taskinstance.py:3503} INFO - 1 downstream tasks scheduled from follow-on schedule check
[2026-02-03T13:44:31.442+0000] {local_task_job_runner.py:222} INFO - ::endgroup::
