[2026-02-23T09:34:41.719+0000] {local_task_job_runner.py:120} INFO - ::group::Pre task execution logs
[2026-02-23T09:34:41.749+0000] {taskinstance.py:2076} INFO - Dependencies all met for dep_context=non-requeueable deps ti=<TaskInstance: stock_prediction_pipeline.fetch_stock_data scheduled__2026-02-20T09:00:00+00:00 [queued]>
[2026-02-23T09:34:41.758+0000] {taskinstance.py:2076} INFO - Dependencies all met for dep_context=requeueable deps ti=<TaskInstance: stock_prediction_pipeline.fetch_stock_data scheduled__2026-02-20T09:00:00+00:00 [queued]>
[2026-02-23T09:34:41.759+0000] {taskinstance.py:2306} INFO - Starting attempt 1 of 2
[2026-02-23T09:34:41.769+0000] {taskinstance.py:2330} INFO - Executing <Task(PythonOperator): fetch_stock_data> on 2026-02-20 09:00:00+00:00
[2026-02-23T09:34:41.773+0000] {standard_task_runner.py:64} INFO - Started process 213 to run task
[2026-02-23T09:34:41.776+0000] {standard_task_runner.py:90} INFO - Running: ['airflow', 'tasks', 'run', 'stock_prediction_pipeline', 'fetch_stock_data', 'scheduled__2026-02-20T09:00:00+00:00', '--job-id', '146', '--raw', '--subdir', 'DAGS_FOLDER/stock_prediction_dag.py', '--cfg-path', '/tmp/tmp6gfvxdde']
[2026-02-23T09:34:41.778+0000] {standard_task_runner.py:91} INFO - Job 146: Subtask fetch_stock_data
[2026-02-23T09:34:41.825+0000] {task_command.py:426} INFO - Running <TaskInstance: stock_prediction_pipeline.fetch_stock_data scheduled__2026-02-20T09:00:00+00:00 [running]> on host 30664b90b963
[2026-02-23T09:34:41.924+0000] {taskinstance.py:2648} INFO - Exporting env vars: AIRFLOW_CTX_DAG_OWNER='airflow' AIRFLOW_CTX_DAG_ID='stock_prediction_pipeline' AIRFLOW_CTX_TASK_ID='fetch_stock_data' AIRFLOW_CTX_EXECUTION_DATE='2026-02-20T09:00:00+00:00' AIRFLOW_CTX_TRY_NUMBER='1' AIRFLOW_CTX_DAG_RUN_ID='scheduled__2026-02-20T09:00:00+00:00'
[2026-02-23T09:34:41.925+0000] {taskinstance.py:430} INFO - ::endgroup::
[2026-02-23T09:34:43.888+0000] {logging_mixin.py:188} INFO - Fetched 19 records for AAPL
[2026-02-23T09:34:43.970+0000] {logging_mixin.py:188} INFO - Fetched 19 records for GOOGL
[2026-02-23T09:34:44.077+0000] {logging_mixin.py:188} INFO - Fetched 19 records for MSFT
[2026-02-23T09:34:44.162+0000] {logging_mixin.py:188} INFO - Fetched 19 records for AMZN
[2026-02-23T09:34:44.242+0000] {logging_mixin.py:188} INFO - Fetched 19 records for TSLA
[2026-02-23T09:34:44.242+0000] {python.py:237} INFO - Done. Returned value was: {'AAPL': {'latest_close': 264.5799865722656, 'records': 19}, 'GOOGL': {'latest_close': 314.9800109863281, 'records': 19}, 'MSFT': {'latest_close': 397.2300109863281, 'records': 19}, 'AMZN': {'latest_close': 210.11000061035156, 'records': 19}, 'TSLA': {'latest_close': 411.82000732421875, 'records': 19}}
[2026-02-23T09:34:44.243+0000] {taskinstance.py:441} INFO - ::group::Post task execution logs
[2026-02-23T09:34:44.264+0000] {taskinstance.py:1206} INFO - Marking task as SUCCESS. dag_id=stock_prediction_pipeline, task_id=fetch_stock_data, run_id=scheduled__2026-02-20T09:00:00+00:00, execution_date=20260220T090000, start_date=20260223T093441, end_date=20260223T093444
[2026-02-23T09:34:44.313+0000] {local_task_job_runner.py:243} INFO - Task exited with return code 0
[2026-02-23T09:34:44.334+0000] {taskinstance.py:3503} INFO - 1 downstream tasks scheduled from follow-on schedule check
[2026-02-23T09:34:44.335+0000] {local_task_job_runner.py:222} INFO - ::endgroup::
