[2026-02-19T10:04:28.193+0000] {local_task_job_runner.py:120} INFO - ::group::Pre task execution logs
[2026-02-19T10:04:28.234+0000] {taskinstance.py:2076} INFO - Dependencies all met for dep_context=non-requeueable deps ti=<TaskInstance: stock_prediction_pipeline.fetch_stock_data scheduled__2026-02-18T09:00:00+00:00 [queued]>
[2026-02-19T10:04:28.245+0000] {taskinstance.py:2076} INFO - Dependencies all met for dep_context=requeueable deps ti=<TaskInstance: stock_prediction_pipeline.fetch_stock_data scheduled__2026-02-18T09:00:00+00:00 [queued]>
[2026-02-19T10:04:28.246+0000] {taskinstance.py:2306} INFO - Starting attempt 1 of 2
[2026-02-19T10:04:28.271+0000] {taskinstance.py:2330} INFO - Executing <Task(PythonOperator): fetch_stock_data> on 2026-02-18 09:00:00+00:00
[2026-02-19T10:04:28.277+0000] {standard_task_runner.py:64} INFO - Started process 213 to run task
[2026-02-19T10:04:28.282+0000] {standard_task_runner.py:90} INFO - Running: ['airflow', 'tasks', 'run', 'stock_prediction_pipeline', 'fetch_stock_data', 'scheduled__2026-02-18T09:00:00+00:00', '--job-id', '127', '--raw', '--subdir', 'DAGS_FOLDER/stock_prediction_dag.py', '--cfg-path', '/tmp/tmpq3hjnh1j']
[2026-02-19T10:04:28.286+0000] {standard_task_runner.py:91} INFO - Job 127: Subtask fetch_stock_data
[2026-02-19T10:04:28.368+0000] {task_command.py:426} INFO - Running <TaskInstance: stock_prediction_pipeline.fetch_stock_data scheduled__2026-02-18T09:00:00+00:00 [running]> on host 30664b90b963
[2026-02-19T10:04:28.515+0000] {taskinstance.py:2648} INFO - Exporting env vars: AIRFLOW_CTX_DAG_OWNER='airflow' AIRFLOW_CTX_DAG_ID='stock_prediction_pipeline' AIRFLOW_CTX_TASK_ID='fetch_stock_data' AIRFLOW_CTX_EXECUTION_DATE='2026-02-18T09:00:00+00:00' AIRFLOW_CTX_TRY_NUMBER='1' AIRFLOW_CTX_DAG_RUN_ID='scheduled__2026-02-18T09:00:00+00:00'
[2026-02-19T10:04:28.516+0000] {taskinstance.py:430} INFO - ::endgroup::
[2026-02-19T10:04:27.015+0000] {logging_mixin.py:188} INFO - Fetched 21 records for AAPL
[2026-02-19T10:04:27.252+0000] {logging_mixin.py:188} INFO - Fetched 21 records for GOOGL
[2026-02-19T10:04:27.388+0000] {logging_mixin.py:188} INFO - Fetched 21 records for MSFT
[2026-02-19T10:04:27.479+0000] {logging_mixin.py:188} INFO - Fetched 21 records for AMZN
[2026-02-19T10:04:27.575+0000] {logging_mixin.py:188} INFO - Fetched 21 records for TSLA
[2026-02-19T10:04:27.576+0000] {python.py:237} INFO - Done. Returned value was: {'AAPL': {'latest_close': 264.3500061035156, 'records': 21}, 'GOOGL': {'latest_close': 303.3299865722656, 'records': 21}, 'MSFT': {'latest_close': 399.6000061035156, 'records': 21}, 'AMZN': {'latest_close': 204.7899932861328, 'records': 21}, 'TSLA': {'latest_close': 411.32000732421875, 'records': 21}}
[2026-02-19T10:04:27.577+0000] {taskinstance.py:441} INFO - ::group::Post task execution logs
[2026-02-19T10:04:27.622+0000] {taskinstance.py:1206} INFO - Marking task as SUCCESS. dag_id=stock_prediction_pipeline, task_id=fetch_stock_data, run_id=scheduled__2026-02-18T09:00:00+00:00, execution_date=20260218T090000, start_date=20260219T100428, end_date=20260219T100427
[2026-02-19T10:04:27.683+0000] {local_task_job_runner.py:243} INFO - Task exited with return code 0
[2026-02-19T10:04:27.736+0000] {taskinstance.py:3503} INFO - 1 downstream tasks scheduled from follow-on schedule check
[2026-02-19T10:04:27.739+0000] {local_task_job_runner.py:222} INFO - ::endgroup::
